16:28:15.344 [main] INFO  com.vcstax.testCases.BaseClass - Chrome Driver Opened
16:28:20.107 [main] DEBUG com.vcstax.pageObjects.LoginPage - Clicked on OK to Continue Link
16:28:20.254 [main] DEBUG com.vcstax.pageObjects.LoginPage - User Name Entered
16:28:20.384 [main] DEBUG com.vcstax.pageObjects.LoginPage - Password Entered
16:28:20.515 [main] DEBUG com.vcstax.pageObjects.LoginPage - Clicked on Submit Button
16:28:22.342 [main] DEBUG com.vcstax.pageObjects.ActivityTab - Clicked on Activity Tab
16:28:22.991 [main] DEBUG com.vcstax.pageObjects.ActivityTab - Clicked on collections Link
16:28:23.713 [main] DEBUG com.vcstax.pageObjects.ActivityTab - Clicked on Activity Tab
16:28:24.349 [main] DEBUG com.vcstax.pageObjects.ActivityTab - Clicked on Accessor Change Order Link
16:28:24.975 [main] DEBUG com.vcstax.pageObjects.ActivityTab - Clicked on Activity Tab
16:28:25.616 [main] DEBUG com.vcstax.pageObjects.ActivityTab - Clicked on Calculate Revenue Disbursement Link
16:28:26.261 [main] DEBUG com.vcstax.pageObjects.ActivityTab - Clicked on Activity Tab
16:28:26.890 [main] DEBUG com.vcstax.pageObjects.ActivityTab - Clicked on Mail Processing Link
16:28:27.935 [main] DEBUG com.vcstax.pageObjects.ActivityTab - Clicked on Activity Tab
16:28:28.565 [main] DEBUG com.vcstax.pageObjects.ActivityTab - Clicked on Register Reconciliation Link
16:28:29.196 [main] DEBUG com.vcstax.pageObjects.ActivityTab - Clicked on Activity Tab
16:28:29.814 [main] DEBUG com.vcstax.pageObjects.ActivityTab - Clicked on Apply LateFee Link
16:28:30.443 [main] DEBUG com.vcstax.pageObjects.ActivityTab - Clicked on Activity Tab
16:28:31.064 [main] DEBUG com.vcstax.pageObjects.ActivityTab - Clicked on Bankruptcy Cases Link
16:28:31.697 [main] DEBUG com.vcstax.pageObjects.ActivityTab - Clicked on Activity Tab
16:28:32.307 [main] DEBUG com.vcstax.pageObjects.ActivityTab - Clicked on Delinquent Processing Link
16:28:32.927 [main] DEBUG com.vcstax.pageObjects.ActivityTab - Clicked on Activity Tab
16:28:33.556 [main] DEBUG com.vcstax.pageObjects.ActivityTab - Clicked on Quarterly Billing Link
16:28:34.172 [main] DEBUG com.vcstax.pageObjects.ActivityTab - Clicked on Activity Tab
16:28:34.780 [main] DEBUG com.vcstax.pageObjects.ActivityTab - Clicked on Mobile Home Digest Link
16:28:35.565 [main] DEBUG com.vcstax.pageObjects.ActivityTab - Clicked on Activity Tab
16:28:36.179 [main] DEBUG com.vcstax.pageObjects.ActivityTab - Clicked on Mortgage TaxBill Export Link
16:28:37.207 [main] DEBUG com.vcstax.pageObjects.ActivityTab - Clicked on Activity Tab
16:28:37.956 [main] DEBUG com.vcstax.pageObjects.ActivityTab - Clicked on Mortgage Request Processing Link
16:28:38.592 [main] DEBUG com.vcstax.pageObjects.ActivityTab - Clicked on Activity Tab
16:28:39.226 [main] DEBUG com.vcstax.pageObjects.ActivityTab - Clicked on Real Digest Link
16:28:39.870 [main] DEBUG com.vcstax.pageObjects.ActivityTab - Clicked on Activity Tab
16:28:40.641 [main] DEBUG com.vcstax.pageObjects.ActivityTab - Clicked on Mortgage Payment Processing Link
16:28:42.656 [main] DEBUG com.vcstax.pageObjects.ActivityTab - Clicked on Activity Tab
16:28:43.430 [main] DEBUG com.vcstax.pageObjects.ActivityTab - Clicked on Mortgage Manual Processing Link
16:28:45.973 [main] INFO  com.vcstax.testCases.BaseClass - Driver getting closed
16:28:49.981 [main] INFO  com.vcstax.testCases.BaseClass - Chrome Driver Opened
16:28:53.847 [main] DEBUG com.vcstax.pageObjects.LoginPage - Clicked on OK to Continue Link
16:28:54.021 [main] DEBUG com.vcstax.pageObjects.LoginPage - User Name Entered
16:28:54.179 [main] DEBUG com.vcstax.pageObjects.LoginPage - Password Entered
16:28:54.319 [main] DEBUG com.vcstax.pageObjects.LoginPage - Clicked on Submit Button
16:28:54.941 [main] DEBUG com.vcstax.pageObjects.SettingsTab - Clicked on Settings Tab
16:28:55.575 [main] DEBUG com.vcstax.pageObjects.SettingsTab - Clicked on Annual Configuration Link
16:28:56.225 [main] DEBUG com.vcstax.pageObjects.SettingsTab - Clicked on Settings Tab
16:28:56.845 [main] DEBUG com.vcstax.pageObjects.SettingsTab - Clicked on System Configuration Link
16:28:57.457 [main] DEBUG com.vcstax.pageObjects.SettingsTab - Clicked on Settings Tab
16:28:58.072 [main] DEBUG com.vcstax.pageObjects.SettingsTab - Clicked on Text Editor Link
16:28:58.716 [main] DEBUG com.vcstax.pageObjects.SettingsTab - Clicked on Settings Tab
16:28:59.337 [main] DEBUG com.vcstax.pageObjects.SettingsTab - Clicked on Roles Manager Link
16:28:59.988 [main] DEBUG com.vcstax.pageObjects.SettingsTab - Clicked on Settings Tab
16:29:00.612 [main] DEBUG com.vcstax.pageObjects.SettingsTab - Clicked on User Accounts Manager Link
16:29:01.708 [main] DEBUG com.vcstax.pageObjects.SettingsTab - Clicked on Settings Tab
16:29:02.333 [main] DEBUG com.vcstax.pageObjects.SettingsTab - Clicked on Product Information Link
16:29:02.940 [main] DEBUG com.vcstax.pageObjects.SettingsTab - Clicked on Settings Tab
16:29:03.555 [main] DEBUG com.vcstax.pageObjects.SettingsTab - Clicked on Release Notes Link
16:29:06.485 [main] INFO  com.vcstax.testCases.BaseClass - Driver getting closed
