11:34:08.136 [main] INFO  com.vcstax.testCases.BaseClass - Chrome Driver Opened
11:34:12.713 [main] DEBUG com.vcstax.pageObjects.LoginPage - Clicked on OK to Continue Link
11:34:12.853 [main] DEBUG com.vcstax.pageObjects.LoginPage - User Name Entered
11:34:12.978 [main] DEBUG com.vcstax.pageObjects.LoginPage - Password Entered
11:34:13.099 [main] DEBUG com.vcstax.pageObjects.LoginPage - Clicked on Submit Button
11:34:13.744 [main] DEBUG com.vcstax.pageObjects.ToolsTab - Clicked on Tools Tab
11:34:14.371 [main] DEBUG com.vcstax.pageObjects.ToolsTab - Clicked on Bills Link
11:34:15.055 [main] DEBUG com.vcstax.pageObjects.ToolsTab - Clicked on Tools Tab
11:34:15.660 [main] DEBUG com.vcstax.pageObjects.ToolsTab - Clicked on Reinstate Bills Link
11:34:16.280 [main] DEBUG com.vcstax.pageObjects.ToolsTab - Clicked on Tools Tab
11:34:16.889 [main] DEBUG com.vcstax.pageObjects.ToolsTab - Clicked on Data Link
11:34:17.497 [main] DEBUG com.vcstax.pageObjects.ToolsTab - Clicked on Tools Tab
11:34:18.095 [main] DEBUG com.vcstax.pageObjects.ToolsTab - Clicked on Decal Numbers Link
11:34:18.721 [main] DEBUG com.vcstax.pageObjects.ToolsTab - Clicked on Tools Tab
11:34:19.333 [main] DEBUG com.vcstax.pageObjects.ToolsTab - Clicked on Overpay Refund Link
11:34:19.959 [main] DEBUG com.vcstax.pageObjects.ToolsTab - Clicked on Tools Tab
11:34:20.568 [main] DEBUG com.vcstax.pageObjects.ToolsTab - Clicked on TaxBill Files Link
11:34:23.106 [main] INFO  com.vcstax.testCases.BaseClass - Driver getting closed
11:34:55.795 [main] INFO  com.vcstax.testCases.BaseClass - Chrome Driver Opened
11:34:59.891 [main] DEBUG com.vcstax.pageObjects.LoginPage - Clicked on OK to Continue Link
11:35:00.056 [main] DEBUG com.vcstax.pageObjects.LoginPage - User Name Entered
11:35:00.216 [main] DEBUG com.vcstax.pageObjects.LoginPage - Password Entered
11:35:00.354 [main] DEBUG com.vcstax.pageObjects.LoginPage - Clicked on Submit Button
11:35:01.032 [main] DEBUG com.vcstax.pageObjects.ToolsTab - Clicked on Tools Tab
11:35:01.663 [main] DEBUG com.vcstax.pageObjects.ToolsTab - Clicked on Bills Link
11:35:02.338 [main] DEBUG com.vcstax.pageObjects.ToolsTab - Clicked on Tools Tab
11:35:02.944 [main] DEBUG com.vcstax.pageObjects.ToolsTab - Clicked on Reinstate Bills Link
11:35:03.556 [main] DEBUG com.vcstax.pageObjects.ToolsTab - Clicked on Tools Tab
11:35:04.160 [main] DEBUG com.vcstax.pageObjects.ToolsTab - Clicked on Data Link
11:35:04.774 [main] DEBUG com.vcstax.pageObjects.ToolsTab - Clicked on Tools Tab
11:35:05.379 [main] DEBUG com.vcstax.pageObjects.ToolsTab - Clicked on Decal Numbers Link
11:35:06.009 [main] DEBUG com.vcstax.pageObjects.ToolsTab - Clicked on Tools Tab
11:35:06.618 [main] DEBUG com.vcstax.pageObjects.ToolsTab - Clicked on Overpay Refund Link
11:35:07.233 [main] DEBUG com.vcstax.pageObjects.ToolsTab - Clicked on Tools Tab
11:35:07.840 [main] DEBUG com.vcstax.pageObjects.ToolsTab - Clicked on TaxBill Files Link
11:35:10.897 [main] INFO  com.vcstax.testCases.BaseClass - Driver getting closed
11:36:38.320 [main] INFO  com.vcstax.testCases.BaseClass - Chrome Driver Opened
11:36:41.739 [main] DEBUG com.vcstax.pageObjects.LoginPage - Clicked on OK to Continue Link
11:36:41.892 [main] DEBUG com.vcstax.pageObjects.LoginPage - User Name Entered
11:36:42.038 [main] DEBUG com.vcstax.pageObjects.LoginPage - Password Entered
11:36:42.168 [main] DEBUG com.vcstax.pageObjects.LoginPage - Clicked on Submit Button
11:36:44.748 [main] INFO  com.vcstax.testCases.BaseClass - Driver getting closed
11:36:47.889 [main] INFO  com.vcstax.testCases.BaseClass - Chrome Driver Opened
11:36:51.072 [main] DEBUG com.vcstax.pageObjects.LoginPage - Clicked on OK to Continue Link
11:36:51.222 [main] DEBUG com.vcstax.pageObjects.LoginPage - User Name Entered
11:36:51.377 [main] DEBUG com.vcstax.pageObjects.LoginPage - Password Entered
11:36:51.514 [main] DEBUG com.vcstax.pageObjects.LoginPage - Clicked on Submit Button
11:36:52.259 [main] DEBUG com.vcstax.pageObjects.SettingsTab - Clicked on Settings Tab
11:36:52.892 [main] DEBUG com.vcstax.pageObjects.SettingsTab - Clicked on Annual Configuration Link
11:38:49.036 [main] INFO  com.vcstax.testCases.BaseClass - Chrome Driver Opened
11:38:52.587 [main] DEBUG com.vcstax.pageObjects.LoginPage - Clicked on OK to Continue Link
11:38:52.729 [main] DEBUG com.vcstax.pageObjects.LoginPage - User Name Entered
11:38:52.876 [main] DEBUG com.vcstax.pageObjects.LoginPage - Password Entered
11:38:53.015 [main] DEBUG com.vcstax.pageObjects.LoginPage - Clicked on Submit Button
11:38:55.665 [main] INFO  com.vcstax.testCases.BaseClass - Driver getting closed
11:38:58.991 [main] INFO  com.vcstax.testCases.BaseClass - Chrome Driver Opened
11:39:02.352 [main] DEBUG com.vcstax.pageObjects.LoginPage - Clicked on OK to Continue Link
11:39:02.494 [main] DEBUG com.vcstax.pageObjects.LoginPage - User Name Entered
11:39:02.622 [main] DEBUG com.vcstax.pageObjects.LoginPage - Password Entered
11:39:02.743 [main] DEBUG com.vcstax.pageObjects.LoginPage - Clicked on Submit Button
11:39:03.371 [main] DEBUG com.vcstax.pageObjects.ToolsTab - Clicked on Tools Tab
11:39:03.998 [main] DEBUG com.vcstax.pageObjects.ToolsTab - Clicked on Bills Link
11:39:04.653 [main] DEBUG com.vcstax.pageObjects.ToolsTab - Clicked on Tools Tab
11:39:05.258 [main] DEBUG com.vcstax.pageObjects.ToolsTab - Clicked on Reinstate Bills Link
11:39:05.873 [main] DEBUG com.vcstax.pageObjects.ToolsTab - Clicked on Tools Tab
11:39:06.473 [main] DEBUG com.vcstax.pageObjects.ToolsTab - Clicked on Data Link
11:39:07.081 [main] DEBUG com.vcstax.pageObjects.ToolsTab - Clicked on Tools Tab
11:39:07.684 [main] DEBUG com.vcstax.pageObjects.ToolsTab - Clicked on Decal Numbers Link
11:39:08.310 [main] DEBUG com.vcstax.pageObjects.ToolsTab - Clicked on Tools Tab
11:39:08.915 [main] DEBUG com.vcstax.pageObjects.ToolsTab - Clicked on Overpay Refund Link
11:39:09.529 [main] DEBUG com.vcstax.pageObjects.ToolsTab - Clicked on Tools Tab
11:39:10.132 [main] DEBUG com.vcstax.pageObjects.ToolsTab - Clicked on TaxBill Files Link
11:39:12.670 [main] INFO  com.vcstax.testCases.BaseClass - Driver getting closed
11:44:35.860 [TestNG-test=SmokeTestCases-1] INFO  com.vcstax.testCases.BaseClass - Chrome Driver Opened
11:44:40.776 [TestNG-test=SmokeTestCases-1] DEBUG com.vcstax.pageObjects.LoginPage - Clicked on OK to Continue Link
11:44:40.921 [TestNG-test=SmokeTestCases-1] DEBUG com.vcstax.pageObjects.LoginPage - User Name Entered
11:44:41.065 [TestNG-test=SmokeTestCases-1] DEBUG com.vcstax.pageObjects.LoginPage - Password Entered
11:44:41.204 [TestNG-test=SmokeTestCases-1] DEBUG com.vcstax.pageObjects.LoginPage - Clicked on Submit Button
11:44:43.815 [TestNG-test=SmokeTestCases-1] INFO  com.vcstax.testCases.BaseClass - Driver getting closed
11:44:47.098 [TestNG-test=SmokeTestCases-2] INFO  com.vcstax.testCases.BaseClass - Chrome Driver Opened
11:44:50.688 [TestNG-test=SmokeTestCases-2] DEBUG com.vcstax.pageObjects.LoginPage - Clicked on OK to Continue Link
11:44:50.829 [TestNG-test=SmokeTestCases-2] DEBUG com.vcstax.pageObjects.LoginPage - User Name Entered
11:44:50.967 [TestNG-test=SmokeTestCases-2] DEBUG com.vcstax.pageObjects.LoginPage - Password Entered
11:44:51.120 [TestNG-test=SmokeTestCases-2] DEBUG com.vcstax.pageObjects.LoginPage - Clicked on Submit Button
11:44:51.815 [TestNG-test=SmokeTestCases-2] DEBUG com.vcstax.pageObjects.SettingsTab - Clicked on Settings Tab
11:44:52.440 [TestNG-test=SmokeTestCases-2] DEBUG com.vcstax.pageObjects.SettingsTab - Clicked on Annual Configuration Link
11:44:55.154 [TestNG-test=SmokeTestCases-2] INFO  com.vcstax.testCases.BaseClass - Chrome Driver Opened
11:44:59.635 [TestNG-test=SmokeTestCases-2] DEBUG com.vcstax.pageObjects.LoginPage - Clicked on OK to Continue Link
11:44:59.788 [TestNG-test=SmokeTestCases-2] DEBUG com.vcstax.pageObjects.LoginPage - User Name Entered
11:44:59.961 [TestNG-test=SmokeTestCases-2] DEBUG com.vcstax.pageObjects.LoginPage - Password Entered
11:45:00.109 [TestNG-test=SmokeTestCases-2] DEBUG com.vcstax.pageObjects.LoginPage - Clicked on Submit Button
11:45:00.828 [TestNG-test=SmokeTestCases-2] DEBUG com.vcstax.pageObjects.ToolsTab - Clicked on Tools Tab
11:45:01.467 [TestNG-test=SmokeTestCases-2] DEBUG com.vcstax.pageObjects.ToolsTab - Clicked on Bills Link
11:45:40.947 [main] INFO  com.vcstax.testCases.BaseClass - Chrome Driver Opened
11:45:44.869 [main] DEBUG com.vcstax.pageObjects.LoginPage - Clicked on OK to Continue Link
11:45:45.016 [main] DEBUG com.vcstax.pageObjects.LoginPage - User Name Entered
11:45:45.148 [main] DEBUG com.vcstax.pageObjects.LoginPage - Password Entered
11:45:45.270 [main] DEBUG com.vcstax.pageObjects.LoginPage - Clicked on Submit Button
11:45:47.874 [main] INFO  com.vcstax.testCases.BaseClass - Driver getting closed
11:45:51.140 [main] INFO  com.vcstax.testCases.BaseClass - Chrome Driver Opened
11:45:54.308 [main] DEBUG com.vcstax.pageObjects.LoginPage - Clicked on OK to Continue Link
11:45:54.448 [main] DEBUG com.vcstax.pageObjects.LoginPage - User Name Entered
11:45:54.579 [main] DEBUG com.vcstax.pageObjects.LoginPage - Password Entered
11:45:54.708 [main] DEBUG com.vcstax.pageObjects.LoginPage - Clicked on Submit Button
11:45:55.339 [main] DEBUG com.vcstax.pageObjects.SettingsTab - Clicked on Settings Tab
11:45:55.964 [main] DEBUG com.vcstax.pageObjects.SettingsTab - Clicked on Annual Configuration Link
12:02:14.992 [main] INFO  com.vcstax.testCases.BaseClass - Chrome Driver Opened
12:02:22.485 [main] DEBUG com.vcstax.pageObjects.LoginPage - Clicked on OK to Continue Link
12:02:22.835 [main] DEBUG com.vcstax.pageObjects.LoginPage - User Name Entered
12:02:23.113 [main] DEBUG com.vcstax.pageObjects.LoginPage - Password Entered
12:02:23.335 [main] DEBUG com.vcstax.pageObjects.LoginPage - Clicked on Submit Button
12:02:25.720 [main] INFO  com.vcstax.testCases.BaseClass - Driver getting closed
12:02:30.505 [main] INFO  com.vcstax.testCases.BaseClass - Chrome Driver Opened
12:02:35.519 [main] DEBUG com.vcstax.pageObjects.LoginPage - Clicked on OK to Continue Link
12:02:35.694 [main] DEBUG com.vcstax.pageObjects.LoginPage - User Name Entered
12:02:35.860 [main] DEBUG com.vcstax.pageObjects.LoginPage - Password Entered
12:02:36.066 [main] DEBUG com.vcstax.pageObjects.LoginPage - Clicked on Submit Button
12:02:36.910 [main] DEBUG com.vcstax.pageObjects.SettingsTab - Clicked on Settings Tab
12:02:37.593 [main] DEBUG com.vcstax.pageObjects.SettingsTab - Clicked on Annual Configuration Link
12:02:38.242 [main] DEBUG com.vcstax.pageObjects.SettingsTab - Clicked on Settings Tab
12:02:38.874 [main] DEBUG com.vcstax.pageObjects.SettingsTab - Clicked on System Configuration Link
12:02:39.496 [main] DEBUG com.vcstax.pageObjects.SettingsTab - Clicked on Settings Tab
12:02:40.125 [main] DEBUG com.vcstax.pageObjects.SettingsTab - Clicked on Text Editor Link
12:02:40.947 [main] DEBUG com.vcstax.pageObjects.SettingsTab - Clicked on Settings Tab
12:02:41.583 [main] DEBUG com.vcstax.pageObjects.SettingsTab - Clicked on Roles Manager Link
12:02:42.373 [main] DEBUG com.vcstax.pageObjects.SettingsTab - Clicked on Settings Tab
12:02:43.027 [main] DEBUG com.vcstax.pageObjects.SettingsTab - Clicked on User Accounts Manager Link
12:02:44.374 [main] DEBUG com.vcstax.pageObjects.SettingsTab - Clicked on Settings Tab
12:02:45.029 [main] DEBUG com.vcstax.pageObjects.SettingsTab - Clicked on Product Information Link
12:02:45.687 [main] DEBUG com.vcstax.pageObjects.SettingsTab - Clicked on Settings Tab
12:02:46.329 [main] DEBUG com.vcstax.pageObjects.SettingsTab - Clicked on Release Notes Link
12:02:49.087 [main] INFO  com.vcstax.testCases.BaseClass - Driver getting closed
12:02:53.372 [main] INFO  com.vcstax.testCases.BaseClass - Chrome Driver Opened
12:02:58.320 [main] DEBUG com.vcstax.pageObjects.LoginPage - Clicked on OK to Continue Link
12:02:58.537 [main] DEBUG com.vcstax.pageObjects.LoginPage - User Name Entered
12:02:58.691 [main] DEBUG com.vcstax.pageObjects.LoginPage - Password Entered
12:02:58.834 [main] DEBUG com.vcstax.pageObjects.LoginPage - Clicked on Submit Button
12:02:59.615 [main] DEBUG com.vcstax.pageObjects.ToolsTab - Clicked on Tools Tab
12:03:00.251 [main] DEBUG com.vcstax.pageObjects.ToolsTab - Clicked on Bills Link
12:03:00.910 [main] DEBUG com.vcstax.pageObjects.ToolsTab - Clicked on Tools Tab
12:03:01.538 [main] DEBUG com.vcstax.pageObjects.ToolsTab - Clicked on Reinstate Bills Link
12:03:02.174 [main] DEBUG com.vcstax.pageObjects.ToolsTab - Clicked on Tools Tab
12:03:02.795 [main] DEBUG com.vcstax.pageObjects.ToolsTab - Clicked on Data Link
12:03:03.453 [main] DEBUG com.vcstax.pageObjects.ToolsTab - Clicked on Tools Tab
12:03:04.093 [main] DEBUG com.vcstax.pageObjects.ToolsTab - Clicked on Decal Numbers Link
12:03:04.741 [main] DEBUG com.vcstax.pageObjects.ToolsTab - Clicked on Tools Tab
12:03:05.358 [main] DEBUG com.vcstax.pageObjects.ToolsTab - Clicked on Overpay Refund Link
12:03:05.971 [main] DEBUG com.vcstax.pageObjects.ToolsTab - Clicked on Tools Tab
12:03:06.624 [main] DEBUG com.vcstax.pageObjects.ToolsTab - Clicked on TaxBill Files Link
12:03:09.174 [main] INFO  com.vcstax.testCases.BaseClass - Driver getting closed
13:00:14.839 [main] INFO  com.vcstax.testCases.BaseClass - Chrome Driver Opened
13:00:27.325 [main] DEBUG com.vcstax.pageObjects.LoginPage - Clicked on OK to Continue Link
13:00:27.484 [main] DEBUG com.vcstax.pageObjects.LoginPage - User Name Entered
13:00:27.623 [main] DEBUG com.vcstax.pageObjects.LoginPage - Password Entered
13:00:27.766 [main] DEBUG com.vcstax.pageObjects.LoginPage - Clicked on Submit Button
13:00:30.636 [main] DEBUG com.vcstax.pageObjects.SettingsTab - Clicked on Settings Tab
13:00:31.415 [main] DEBUG com.vcstax.pageObjects.SettingsTab - Clicked on Annual Configuration Link
13:00:32.120 [main] DEBUG com.vcstax.pageObjects.SettingsTab - Clicked on Settings Tab
13:00:32.755 [main] DEBUG com.vcstax.pageObjects.SettingsTab - Clicked on System Configuration Link
13:00:33.371 [main] DEBUG com.vcstax.pageObjects.SettingsTab - Clicked on Settings Tab
13:00:33.983 [main] DEBUG com.vcstax.pageObjects.SettingsTab - Clicked on Text Editor Link
13:00:34.671 [main] DEBUG com.vcstax.pageObjects.SettingsTab - Clicked on Settings Tab
13:00:35.314 [main] DEBUG com.vcstax.pageObjects.SettingsTab - Clicked on Roles Manager Link
13:00:36.047 [main] DEBUG com.vcstax.pageObjects.SettingsTab - Clicked on Settings Tab
13:00:36.682 [main] DEBUG com.vcstax.pageObjects.SettingsTab - Clicked on User Accounts Manager Link
13:00:37.871 [main] DEBUG com.vcstax.pageObjects.SettingsTab - Clicked on Settings Tab
13:00:38.510 [main] DEBUG com.vcstax.pageObjects.SettingsTab - Clicked on Product Information Link
13:00:39.123 [main] DEBUG com.vcstax.pageObjects.SettingsTab - Clicked on Settings Tab
13:00:39.764 [main] DEBUG com.vcstax.pageObjects.SettingsTab - Clicked on Release Notes Link
13:00:42.316 [main] INFO  com.vcstax.testCases.BaseClass - Driver getting closed
13:06:19.914 [main] INFO  com.vcstax.testCases.BaseClass - Chrome Driver Opened
13:06:26.692 [main] DEBUG com.vcstax.pageObjects.LoginPage - Clicked on OK to Continue Link
13:06:26.864 [main] DEBUG com.vcstax.pageObjects.LoginPage - User Name Entered
13:06:27.018 [main] DEBUG com.vcstax.pageObjects.LoginPage - Password Entered
13:06:27.168 [main] DEBUG com.vcstax.pageObjects.LoginPage - Clicked on Submit Button
13:06:27.930 [main] DEBUG com.vcstax.pageObjects.SettingsTab - Clicked on Settings Tab
13:06:28.576 [main] DEBUG com.vcstax.pageObjects.SettingsTab - Clicked on Annual Configuration Link
13:06:29.287 [main] DEBUG com.vcstax.pageObjects.SettingsTab - Clicked on Settings Tab
13:06:29.919 [main] DEBUG com.vcstax.pageObjects.SettingsTab - Clicked on System Configuration Link
13:06:30.558 [main] DEBUG com.vcstax.pageObjects.SettingsTab - Clicked on Settings Tab
13:06:31.178 [main] DEBUG com.vcstax.pageObjects.SettingsTab - Clicked on Text Editor Link
13:06:31.868 [main] DEBUG com.vcstax.pageObjects.SettingsTab - Clicked on Settings Tab
13:06:32.491 [main] DEBUG com.vcstax.pageObjects.SettingsTab - Clicked on Roles Manager Link
13:06:33.387 [main] DEBUG com.vcstax.pageObjects.SettingsTab - Clicked on Settings Tab
13:06:34.023 [main] DEBUG com.vcstax.pageObjects.SettingsTab - Clicked on User Accounts Manager Link
13:06:35.162 [main] DEBUG com.vcstax.pageObjects.SettingsTab - Clicked on Settings Tab
13:06:35.792 [main] DEBUG com.vcstax.pageObjects.SettingsTab - Clicked on Product Information Link
13:06:36.405 [main] DEBUG com.vcstax.pageObjects.SettingsTab - Clicked on Settings Tab
13:06:37.035 [main] DEBUG com.vcstax.pageObjects.SettingsTab - Clicked on Release Notes Link
13:06:39.589 [main] INFO  com.vcstax.testCases.BaseClass - Driver getting closed
13:09:44.333 [main] INFO  com.vcstax.testCases.BaseClass - Chrome Driver Opened
13:09:48.558 [main] DEBUG com.vcstax.pageObjects.LoginPage - Clicked on OK to Continue Link
13:09:48.702 [main] DEBUG com.vcstax.pageObjects.LoginPage - User Name Entered
13:09:48.829 [main] DEBUG com.vcstax.pageObjects.LoginPage - Password Entered
13:09:48.955 [main] DEBUG com.vcstax.pageObjects.LoginPage - Clicked on Submit Button
13:09:49.630 [main] DEBUG com.vcstax.pageObjects.SettingsTab - Clicked on Settings Tab
13:09:50.256 [main] DEBUG com.vcstax.pageObjects.SettingsTab - Clicked on Annual Configuration Link
13:09:50.931 [main] DEBUG com.vcstax.pageObjects.SettingsTab - Clicked on Settings Tab
13:09:51.551 [main] DEBUG com.vcstax.pageObjects.SettingsTab - Clicked on System Configuration Link
13:09:52.163 [main] DEBUG com.vcstax.pageObjects.SettingsTab - Clicked on Settings Tab
13:09:52.777 [main] DEBUG com.vcstax.pageObjects.SettingsTab - Clicked on Text Editor Link
13:09:53.461 [main] DEBUG com.vcstax.pageObjects.SettingsTab - Clicked on Settings Tab
13:09:54.082 [main] DEBUG com.vcstax.pageObjects.SettingsTab - Clicked on Roles Manager Link
13:09:54.734 [main] DEBUG com.vcstax.pageObjects.SettingsTab - Clicked on Settings Tab
13:09:55.359 [main] DEBUG com.vcstax.pageObjects.SettingsTab - Clicked on User Accounts Manager Link
13:09:56.444 [main] DEBUG com.vcstax.pageObjects.SettingsTab - Clicked on Settings Tab
13:09:57.072 [main] DEBUG com.vcstax.pageObjects.SettingsTab - Clicked on Product Information Link
13:09:57.696 [main] DEBUG com.vcstax.pageObjects.SettingsTab - Clicked on Settings Tab
13:09:58.327 [main] DEBUG com.vcstax.pageObjects.SettingsTab - Clicked on Release Notes Link
13:10:00.880 [main] INFO  com.vcstax.testCases.BaseClass - Driver getting closed
13:10:04.879 [main] INFO  com.vcstax.testCases.BaseClass - Chrome Driver Opened
13:10:09.143 [main] DEBUG com.vcstax.pageObjects.LoginPage - Clicked on OK to Continue Link
13:10:09.281 [main] DEBUG com.vcstax.pageObjects.LoginPage - User Name Entered
13:10:09.413 [main] DEBUG com.vcstax.pageObjects.LoginPage - Password Entered
13:10:09.539 [main] DEBUG com.vcstax.pageObjects.LoginPage - Clicked on Submit Button
13:10:10.237 [main] DEBUG com.vcstax.pageObjects.ToolsTab - Clicked on Tools Tab
13:10:10.872 [main] DEBUG com.vcstax.pageObjects.ToolsTab - Clicked on Bills Link
13:10:11.515 [main] DEBUG com.vcstax.pageObjects.ToolsTab - Clicked on Tools Tab
13:10:12.127 [main] DEBUG com.vcstax.pageObjects.ToolsTab - Clicked on Reinstate Bills Link
13:10:12.744 [main] DEBUG com.vcstax.pageObjects.ToolsTab - Clicked on Tools Tab
13:10:13.360 [main] DEBUG com.vcstax.pageObjects.ToolsTab - Clicked on Data Link
13:10:13.998 [main] DEBUG com.vcstax.pageObjects.ToolsTab - Clicked on Tools Tab
13:10:14.600 [main] DEBUG com.vcstax.pageObjects.ToolsTab - Clicked on Decal Numbers Link
13:10:15.224 [main] DEBUG com.vcstax.pageObjects.ToolsTab - Clicked on Tools Tab
13:10:15.827 [main] DEBUG com.vcstax.pageObjects.ToolsTab - Clicked on Overpay Refund Link
13:10:16.442 [main] DEBUG com.vcstax.pageObjects.ToolsTab - Clicked on Tools Tab
13:10:17.046 [main] DEBUG com.vcstax.pageObjects.ToolsTab - Clicked on TaxBill Files Link
13:10:19.596 [main] INFO  com.vcstax.testCases.BaseClass - Driver getting closed
13:28:09.889 [main] INFO  com.vcstax.testCases.BaseClass - Chrome Driver Opened
13:28:15.813 [main] DEBUG com.vcstax.pageObjects.LoginPage - Clicked on OK to Continue Link
13:28:15.998 [main] DEBUG com.vcstax.pageObjects.LoginPage - User Name Entered
13:28:16.157 [main] DEBUG com.vcstax.pageObjects.LoginPage - Password Entered
13:28:16.336 [main] DEBUG com.vcstax.pageObjects.LoginPage - Clicked on Submit Button
13:28:17.079 [main] DEBUG com.vcstax.pageObjects.SettingsTab - Clicked on Settings Tab
13:28:17.746 [main] DEBUG com.vcstax.pageObjects.SettingsTab - Clicked on Annual Configuration Link
13:28:19.133 [main] DEBUG com.vcstax.pageObjects.SettingsTab - Clicked on Settings Tab
13:28:19.774 [main] DEBUG com.vcstax.pageObjects.SettingsTab - Clicked on System Configuration Link
13:28:20.625 [main] DEBUG com.vcstax.pageObjects.SettingsTab - Clicked on Settings Tab
13:28:21.238 [main] DEBUG com.vcstax.pageObjects.SettingsTab - Clicked on Text Editor Link
13:28:22.229 [main] DEBUG com.vcstax.pageObjects.SettingsTab - Clicked on Settings Tab
13:28:22.871 [main] DEBUG com.vcstax.pageObjects.SettingsTab - Clicked on Roles Manager Link
13:28:23.824 [main] DEBUG com.vcstax.pageObjects.SettingsTab - Clicked on Settings Tab
13:28:24.460 [main] DEBUG com.vcstax.pageObjects.SettingsTab - Clicked on User Accounts Manager Link
13:28:25.822 [main] DEBUG com.vcstax.pageObjects.SettingsTab - Clicked on Settings Tab
13:28:26.443 [main] DEBUG com.vcstax.pageObjects.SettingsTab - Clicked on Product Information Link
13:28:27.215 [main] DEBUG com.vcstax.pageObjects.SettingsTab - Clicked on Settings Tab
13:28:27.837 [main] DEBUG com.vcstax.pageObjects.SettingsTab - Clicked on Release Notes Link
13:28:30.396 [main] INFO  com.vcstax.testCases.BaseClass - Driver getting closed
13:28:34.326 [main] INFO  com.vcstax.testCases.BaseClass - Chrome Driver Opened
13:28:39.811 [main] DEBUG com.vcstax.pageObjects.LoginPage - Clicked on OK to Continue Link
13:28:39.981 [main] DEBUG com.vcstax.pageObjects.LoginPage - User Name Entered
13:28:40.128 [main] DEBUG com.vcstax.pageObjects.LoginPage - Password Entered
13:28:40.254 [main] DEBUG com.vcstax.pageObjects.LoginPage - Clicked on Submit Button
13:28:40.960 [main] DEBUG com.vcstax.pageObjects.ToolsTab - Clicked on Tools Tab
13:28:41.611 [main] DEBUG com.vcstax.pageObjects.ToolsTab - Clicked on Bills Link
13:28:42.413 [main] DEBUG com.vcstax.pageObjects.ToolsTab - Clicked on Tools Tab
13:28:43.024 [main] DEBUG com.vcstax.pageObjects.ToolsTab - Clicked on Reinstate Bills Link
13:28:43.765 [main] DEBUG com.vcstax.pageObjects.ToolsTab - Clicked on Tools Tab
13:28:44.372 [main] DEBUG com.vcstax.pageObjects.ToolsTab - Clicked on Data Link
13:28:45.133 [main] DEBUG com.vcstax.pageObjects.ToolsTab - Clicked on Tools Tab
13:28:45.750 [main] DEBUG com.vcstax.pageObjects.ToolsTab - Clicked on Decal Numbers Link
13:28:46.497 [main] DEBUG com.vcstax.pageObjects.ToolsTab - Clicked on Tools Tab
13:28:47.109 [main] DEBUG com.vcstax.pageObjects.ToolsTab - Clicked on Overpay Refund Link
13:28:48.201 [main] DEBUG com.vcstax.pageObjects.ToolsTab - Clicked on Tools Tab
13:28:48.802 [main] DEBUG com.vcstax.pageObjects.ToolsTab - Clicked on TaxBill Files Link
13:28:51.501 [main] INFO  com.vcstax.testCases.BaseClass - Driver getting closed
13:31:23.275 [main] INFO  com.vcstax.testCases.BaseClass - Chrome Driver Opened
13:31:27.379 [main] DEBUG com.vcstax.pageObjects.LoginPage - Clicked on OK to Continue Link
13:31:27.524 [main] DEBUG com.vcstax.pageObjects.LoginPage - User Name Entered
13:31:27.646 [main] DEBUG com.vcstax.pageObjects.LoginPage - Password Entered
13:31:27.774 [main] DEBUG com.vcstax.pageObjects.LoginPage - Clicked on Submit Button
13:31:28.382 [main] DEBUG com.vcstax.pageObjects.SettingsTab - Clicked on Settings Tab
13:31:29.010 [main] DEBUG com.vcstax.pageObjects.SettingsTab - Clicked on Annual Configuration Link
13:31:29.706 [main] DEBUG com.vcstax.pageObjects.SettingsTab - Clicked on Settings Tab
13:31:30.310 [main] DEBUG com.vcstax.pageObjects.SettingsTab - Clicked on System Configuration Link
13:31:30.927 [main] DEBUG com.vcstax.pageObjects.SettingsTab - Clicked on Settings Tab
13:31:31.530 [main] DEBUG com.vcstax.pageObjects.SettingsTab - Clicked on Text Editor Link
13:31:32.160 [main] DEBUG com.vcstax.pageObjects.SettingsTab - Clicked on Settings Tab
13:31:32.779 [main] DEBUG com.vcstax.pageObjects.SettingsTab - Clicked on Roles Manager Link
13:31:33.409 [main] DEBUG com.vcstax.pageObjects.SettingsTab - Clicked on Settings Tab
13:31:34.021 [main] DEBUG com.vcstax.pageObjects.SettingsTab - Clicked on User Accounts Manager Link
13:31:35.044 [main] DEBUG com.vcstax.pageObjects.SettingsTab - Clicked on Settings Tab
13:31:35.668 [main] DEBUG com.vcstax.pageObjects.SettingsTab - Clicked on Product Information Link
13:31:36.280 [main] DEBUG com.vcstax.pageObjects.SettingsTab - Clicked on Settings Tab
13:31:36.904 [main] DEBUG com.vcstax.pageObjects.SettingsTab - Clicked on Release Notes Link
13:31:39.458 [main] INFO  com.vcstax.testCases.BaseClass - Driver getting closed
13:31:43.469 [main] INFO  com.vcstax.testCases.BaseClass - Chrome Driver Opened
13:31:47.071 [main] DEBUG com.vcstax.pageObjects.LoginPage - Clicked on OK to Continue Link
13:31:47.229 [main] DEBUG com.vcstax.pageObjects.LoginPage - User Name Entered
13:31:47.365 [main] DEBUG com.vcstax.pageObjects.LoginPage - Password Entered
13:31:47.494 [main] DEBUG com.vcstax.pageObjects.LoginPage - Clicked on Submit Button
13:31:48.151 [main] DEBUG com.vcstax.pageObjects.ToolsTab - Clicked on Tools Tab
13:31:48.782 [main] DEBUG com.vcstax.pageObjects.ToolsTab - Clicked on Bills Link
13:31:49.431 [main] DEBUG com.vcstax.pageObjects.ToolsTab - Clicked on Tools Tab
13:31:50.034 [main] DEBUG com.vcstax.pageObjects.ToolsTab - Clicked on Reinstate Bills Link
13:31:50.656 [main] DEBUG com.vcstax.pageObjects.ToolsTab - Clicked on Tools Tab
13:31:51.257 [main] DEBUG com.vcstax.pageObjects.ToolsTab - Clicked on Data Link
13:31:51.882 [main] DEBUG com.vcstax.pageObjects.ToolsTab - Clicked on Tools Tab
13:31:52.492 [main] DEBUG com.vcstax.pageObjects.ToolsTab - Clicked on Decal Numbers Link
13:31:53.098 [main] DEBUG com.vcstax.pageObjects.ToolsTab - Clicked on Tools Tab
13:31:53.698 [main] DEBUG com.vcstax.pageObjects.ToolsTab - Clicked on Overpay Refund Link
13:31:54.311 [main] DEBUG com.vcstax.pageObjects.ToolsTab - Clicked on Tools Tab
13:31:54.911 [main] DEBUG com.vcstax.pageObjects.ToolsTab - Clicked on TaxBill Files Link
13:31:57.458 [main] INFO  com.vcstax.testCases.BaseClass - Driver getting closed
15:42:22.030 [main] INFO  com.vcstax.testCases.BaseClass - Chrome Driver Opened
15:43:50.251 [main] INFO  com.vcstax.testCases.BaseClass - Chrome Driver Opened
15:45:06.930 [main] INFO  com.vcstax.testCases.BaseClass - Chrome Driver Opened
15:49:35.000 [main] INFO  com.vcstax.testCases.BaseClass - Chrome Driver Opened
15:50:29.401 [main] INFO  com.vcstax.testCases.BaseClass - Chrome Driver Opened
15:50:37.863 [main] DEBUG com.vcstax.pageObjects.LoginPage - Clicked on OK to Continue Link
15:50:38.040 [main] DEBUG com.vcstax.pageObjects.LoginPage - User Name Entered
15:50:38.178 [main] DEBUG com.vcstax.pageObjects.LoginPage - Password Entered
15:50:38.318 [main] DEBUG com.vcstax.pageObjects.LoginPage - Clicked on Submit Button
15:50:45.036 [main] INFO  com.vcstax.testCases.BaseClass - Driver getting closed
15:52:13.012 [main] INFO  com.vcstax.testCases.BaseClass - Chrome Driver Opened
15:54:17.094 [main] INFO  com.vcstax.testCases.BaseClass - Chrome Driver Opened
15:54:24.837 [main] DEBUG com.vcstax.pageObjects.LoginPage - Clicked on OK to Continue Link
15:54:25.006 [main] DEBUG com.vcstax.pageObjects.LoginPage - User Name Entered
15:54:25.200 [main] DEBUG com.vcstax.pageObjects.LoginPage - Password Entered
15:54:25.348 [main] DEBUG com.vcstax.pageObjects.LoginPage - Clicked on Submit Button
15:54:26.139 [main] DEBUG com.vcstax.pageObjects.ToolsTab - Clicked on Tools Tab
15:54:26.767 [main] DEBUG com.vcstax.pageObjects.ToolsTab - Clicked on Bills Link
15:54:27.954 [main] DEBUG com.vcstax.pageObjects.ToolsTab - Clicked on Tools Tab
15:54:28.565 [main] DEBUG com.vcstax.pageObjects.ToolsTab - Clicked on Reinstate Bills Link
15:54:29.272 [main] DEBUG com.vcstax.pageObjects.ToolsTab - Clicked on Tools Tab
15:54:29.872 [main] DEBUG com.vcstax.pageObjects.ToolsTab - Clicked on Data Link
15:54:30.571 [main] DEBUG com.vcstax.pageObjects.ToolsTab - Clicked on Tools Tab
15:54:31.178 [main] DEBUG com.vcstax.pageObjects.ToolsTab - Clicked on Decal Numbers Link
15:54:31.874 [main] DEBUG com.vcstax.pageObjects.ToolsTab - Clicked on Tools Tab
15:54:32.484 [main] DEBUG com.vcstax.pageObjects.ToolsTab - Clicked on Overpay Refund Link
15:54:33.158 [main] DEBUG com.vcstax.pageObjects.ToolsTab - Clicked on Tools Tab
15:54:33.757 [main] DEBUG com.vcstax.pageObjects.ToolsTab - Clicked on TaxBill Files Link
15:54:36.369 [main] INFO  com.vcstax.testCases.BaseClass - Driver getting closed
15:54:51.236 [main] INFO  com.vcstax.testCases.BaseClass - Chrome Driver Opened
15:55:12.755 [main] DEBUG com.vcstax.pageObjects.LoginPage - Clicked on OK to Continue Link
15:55:12.953 [main] DEBUG com.vcstax.pageObjects.LoginPage - User Name Entered
15:55:13.084 [main] DEBUG com.vcstax.pageObjects.LoginPage - Password Entered
15:55:13.216 [main] DEBUG com.vcstax.pageObjects.LoginPage - Clicked on Submit Button
15:55:14.513 [main] DEBUG com.vcstax.pageObjects.SettingsTab - Clicked on Settings Tab
15:55:15.142 [main] DEBUG com.vcstax.pageObjects.SettingsTab - Clicked on Annual Configuration Link
15:55:16.317 [main] DEBUG com.vcstax.pageObjects.SettingsTab - Clicked on Settings Tab
15:55:16.937 [main] DEBUG com.vcstax.pageObjects.SettingsTab - Clicked on System Configuration Link
15:55:17.653 [main] DEBUG com.vcstax.pageObjects.SettingsTab - Clicked on Settings Tab
15:55:18.264 [main] DEBUG com.vcstax.pageObjects.SettingsTab - Clicked on Text Editor Link
15:55:19.041 [main] DEBUG com.vcstax.pageObjects.SettingsTab - Clicked on Settings Tab
15:55:19.662 [main] DEBUG com.vcstax.pageObjects.SettingsTab - Clicked on Roles Manager Link
15:55:20.386 [main] DEBUG com.vcstax.pageObjects.SettingsTab - Clicked on Settings Tab
15:55:21.001 [main] DEBUG com.vcstax.pageObjects.SettingsTab - Clicked on User Accounts Manager Link
15:55:21.734 [main] DEBUG com.vcstax.pageObjects.SettingsTab - Clicked on Settings Tab
15:55:22.359 [main] DEBUG com.vcstax.pageObjects.SettingsTab - Clicked on Product Information Link
15:55:23.050 [main] DEBUG com.vcstax.pageObjects.SettingsTab - Clicked on Settings Tab
15:55:23.692 [main] DEBUG com.vcstax.pageObjects.SettingsTab - Clicked on Release Notes Link
15:55:26.310 [main] INFO  com.vcstax.testCases.BaseClass - Driver getting closed
15:56:21.820 [main] INFO  com.vcstax.testCases.BaseClass - Chrome Driver Opened
16:00:14.923 [main] INFO  com.vcstax.testCases.BaseClass - Driver getting closed
16:00:18.266 [main] INFO  com.vcstax.testCases.BaseClass - Chrome Driver Opened
16:00:35.779 [main] DEBUG com.vcstax.pageObjects.LoginPage - Clicked on OK to Continue Link
16:00:35.904 [main] DEBUG com.vcstax.pageObjects.LoginPage - User Name Entered
16:00:36.037 [main] DEBUG com.vcstax.pageObjects.LoginPage - Password Entered
16:00:36.208 [main] DEBUG com.vcstax.pageObjects.LoginPage - Clicked on Submit Button
16:00:36.960 [main] DEBUG com.vcstax.pageObjects.ToolsTab - Clicked on Tools Tab
16:00:37.608 [main] DEBUG com.vcstax.pageObjects.ToolsTab - Clicked on Bills Link
16:00:38.392 [main] DEBUG com.vcstax.pageObjects.ToolsTab - Clicked on Tools Tab
16:00:39.004 [main] DEBUG com.vcstax.pageObjects.ToolsTab - Clicked on Reinstate Bills Link
16:00:39.757 [main] DEBUG com.vcstax.pageObjects.ToolsTab - Clicked on Tools Tab
16:00:40.356 [main] DEBUG com.vcstax.pageObjects.ToolsTab - Clicked on Data Link
16:00:41.091 [main] DEBUG com.vcstax.pageObjects.ToolsTab - Clicked on Tools Tab
16:00:41.709 [main] DEBUG com.vcstax.pageObjects.ToolsTab - Clicked on Decal Numbers Link
16:00:42.469 [main] DEBUG com.vcstax.pageObjects.ToolsTab - Clicked on Tools Tab
16:00:43.078 [main] DEBUG com.vcstax.pageObjects.ToolsTab - Clicked on Overpay Refund Link
16:00:43.832 [main] DEBUG com.vcstax.pageObjects.ToolsTab - Clicked on Tools Tab
16:00:44.446 [main] DEBUG com.vcstax.pageObjects.ToolsTab - Clicked on TaxBill Files Link
16:00:47.116 [main] INFO  com.vcstax.testCases.BaseClass - Driver getting closed
16:01:38.458 [main] INFO  com.vcstax.testCases.BaseClass - Chrome Driver Opened
16:01:51.875 [main] DEBUG com.vcstax.pageObjects.LoginPage - Clicked on OK to Continue Link
16:01:52.016 [main] DEBUG com.vcstax.pageObjects.LoginPage - User Name Entered
16:01:52.172 [main] DEBUG com.vcstax.pageObjects.LoginPage - Password Entered
16:01:52.320 [main] DEBUG com.vcstax.pageObjects.LoginPage - Clicked on Submit Button
16:01:53.011 [main] DEBUG com.vcstax.pageObjects.SettingsTab - Clicked on Settings Tab
16:01:53.644 [main] DEBUG com.vcstax.pageObjects.SettingsTab - Clicked on Annual Configuration Link
16:01:54.918 [main] DEBUG com.vcstax.pageObjects.SettingsTab - Clicked on Settings Tab
16:01:55.538 [main] DEBUG com.vcstax.pageObjects.SettingsTab - Clicked on System Configuration Link
16:01:56.336 [main] DEBUG com.vcstax.pageObjects.SettingsTab - Clicked on Settings Tab
16:01:56.953 [main] DEBUG com.vcstax.pageObjects.SettingsTab - Clicked on Text Editor Link
16:01:57.764 [main] DEBUG com.vcstax.pageObjects.SettingsTab - Clicked on Settings Tab
16:01:58.384 [main] DEBUG com.vcstax.pageObjects.SettingsTab - Clicked on Roles Manager Link
16:01:59.156 [main] DEBUG com.vcstax.pageObjects.SettingsTab - Clicked on Settings Tab
16:02:00.017 [main] DEBUG com.vcstax.pageObjects.SettingsTab - Clicked on Settings Tab
16:02:05.805 [main] DEBUG com.vcstax.pageObjects.SettingsTab - Clicked on Settings Tab
16:02:06.452 [main] DEBUG com.vcstax.pageObjects.SettingsTab - Clicked on Release Notes Link
16:02:09.123 [main] INFO  com.vcstax.testCases.BaseClass - Driver getting closed
16:02:12.685 [main] INFO  com.vcstax.testCases.BaseClass - Chrome Driver Opened
16:02:24.287 [main] DEBUG com.vcstax.pageObjects.LoginPage - Clicked on OK to Continue Link
16:02:24.409 [main] DEBUG com.vcstax.pageObjects.LoginPage - User Name Entered
16:02:24.544 [main] DEBUG com.vcstax.pageObjects.LoginPage - Password Entered
16:02:24.680 [main] DEBUG com.vcstax.pageObjects.LoginPage - Clicked on Submit Button
16:02:25.583 [main] DEBUG com.vcstax.pageObjects.ToolsTab - Clicked on Tools Tab
16:02:26.463 [main] DEBUG com.vcstax.pageObjects.ToolsTab - Clicked on Bills Link
16:02:27.288 [main] DEBUG com.vcstax.pageObjects.ToolsTab - Clicked on Tools Tab
16:02:27.907 [main] DEBUG com.vcstax.pageObjects.ToolsTab - Clicked on Reinstate Bills Link
16:02:28.672 [main] DEBUG com.vcstax.pageObjects.ToolsTab - Clicked on Tools Tab
16:02:29.273 [main] DEBUG com.vcstax.pageObjects.ToolsTab - Clicked on Data Link
16:02:30.006 [main] DEBUG com.vcstax.pageObjects.ToolsTab - Clicked on Tools Tab
16:02:30.613 [main] DEBUG com.vcstax.pageObjects.ToolsTab - Clicked on Decal Numbers Link
16:02:31.373 [main] DEBUG com.vcstax.pageObjects.ToolsTab - Clicked on Tools Tab
16:02:31.985 [main] DEBUG com.vcstax.pageObjects.ToolsTab - Clicked on Overpay Refund Link
16:02:32.716 [main] DEBUG com.vcstax.pageObjects.ToolsTab - Clicked on Tools Tab
16:02:33.318 [main] DEBUG com.vcstax.pageObjects.ToolsTab - Clicked on TaxBill Files Link
16:02:35.975 [main] INFO  com.vcstax.testCases.BaseClass - Driver getting closed
16:19:52.598 [main] INFO  com.vcstax.testCases.BaseClass - Chrome Driver Opened
16:20:09.091 [main] DEBUG com.vcstax.pageObjects.LoginPage - Clicked on OK to Continue Link
16:20:09.290 [main] DEBUG com.vcstax.pageObjects.LoginPage - User Name Entered
16:20:09.680 [main] DEBUG com.vcstax.pageObjects.LoginPage - Password Entered
16:20:09.910 [main] DEBUG com.vcstax.pageObjects.LoginPage - Clicked on Submit Button
16:20:11.223 [main] DEBUG com.vcstax.pageObjects.SettingsTab - Clicked on Settings Tab
16:20:11.858 [main] DEBUG com.vcstax.pageObjects.SettingsTab - Clicked on Annual Configuration Link
16:20:13.227 [main] DEBUG com.vcstax.pageObjects.SettingsTab - Clicked on Settings Tab
16:20:13.861 [main] DEBUG com.vcstax.pageObjects.SettingsTab - Clicked on System Configuration Link
16:20:14.677 [main] DEBUG com.vcstax.pageObjects.SettingsTab - Clicked on Settings Tab
16:20:15.313 [main] DEBUG com.vcstax.pageObjects.SettingsTab - Clicked on Text Editor Link
16:20:16.478 [main] DEBUG com.vcstax.pageObjects.SettingsTab - Clicked on Settings Tab
16:20:17.116 [main] DEBUG com.vcstax.pageObjects.SettingsTab - Clicked on Roles Manager Link
16:20:18.101 [main] DEBUG com.vcstax.pageObjects.SettingsTab - Clicked on Settings Tab
16:20:18.896 [main] DEBUG com.vcstax.pageObjects.SettingsTab - Clicked on User Accounts Manager Link
16:20:19.776 [main] DEBUG com.vcstax.pageObjects.SettingsTab - Clicked on Settings Tab
16:20:20.879 [main] DEBUG com.vcstax.pageObjects.SettingsTab - Clicked on Product Information Link
16:20:21.826 [main] DEBUG com.vcstax.pageObjects.SettingsTab - Clicked on Settings Tab
16:20:22.488 [main] DEBUG com.vcstax.pageObjects.SettingsTab - Clicked on Release Notes Link
16:20:25.192 [main] INFO  com.vcstax.testCases.BaseClass - Driver getting closed
16:20:29.407 [main] INFO  com.vcstax.testCases.BaseClass - Chrome Driver Opened
16:20:39.242 [main] DEBUG com.vcstax.pageObjects.LoginPage - Clicked on OK to Continue Link
16:20:39.474 [main] DEBUG com.vcstax.pageObjects.LoginPage - User Name Entered
16:20:39.627 [main] DEBUG com.vcstax.pageObjects.LoginPage - Password Entered
16:20:39.781 [main] DEBUG com.vcstax.pageObjects.LoginPage - Clicked on Submit Button
16:20:40.311 [main] DEBUG com.vcstax.pageObjects.ToolsTab - Clicked on Tools Tab
16:20:40.941 [main] DEBUG com.vcstax.pageObjects.ToolsTab - Clicked on Bills Link
16:20:41.727 [main] DEBUG com.vcstax.pageObjects.ToolsTab - Clicked on Tools Tab
16:20:42.328 [main] DEBUG com.vcstax.pageObjects.ToolsTab - Clicked on Reinstate Bills Link
16:20:43.091 [main] DEBUG com.vcstax.pageObjects.ToolsTab - Clicked on Tools Tab
16:20:43.695 [main] DEBUG com.vcstax.pageObjects.ToolsTab - Clicked on Data Link
16:20:44.452 [main] DEBUG com.vcstax.pageObjects.ToolsTab - Clicked on Tools Tab
16:20:45.056 [main] DEBUG com.vcstax.pageObjects.ToolsTab - Clicked on Decal Numbers Link
16:20:45.801 [main] DEBUG com.vcstax.pageObjects.ToolsTab - Clicked on Tools Tab
16:20:46.410 [main] DEBUG com.vcstax.pageObjects.ToolsTab - Clicked on Overpay Refund Link
16:20:47.127 [main] DEBUG com.vcstax.pageObjects.ToolsTab - Clicked on Tools Tab
16:20:47.736 [main] DEBUG com.vcstax.pageObjects.ToolsTab - Clicked on TaxBill Files Link
16:20:50.418 [main] INFO  com.vcstax.testCases.BaseClass - Driver getting closed
17:26:22.391 [main] INFO  com.vcstax.testCases.BaseClass - Chrome Driver Opened
17:26:27.459 [main] DEBUG com.vcstax.pageObjects.LoginPage - Clicked on OK to Continue Link
17:26:27.613 [main] DEBUG com.vcstax.pageObjects.LoginPage - User Name Entered
17:26:27.779 [main] DEBUG com.vcstax.pageObjects.LoginPage - Password Entered
17:26:27.947 [main] DEBUG com.vcstax.pageObjects.LoginPage - Clicked on Submit Button
17:26:29.774 [main] DEBUG com.vcstax.pageObjects.SettingsTab - Clicked on Settings Tab
17:26:30.400 [main] DEBUG com.vcstax.pageObjects.SettingsTab - Clicked on Annual Configuration Link
17:26:31.739 [main] DEBUG com.vcstax.pageObjects.SettingsTab - Clicked on Settings Tab
17:26:32.368 [main] DEBUG com.vcstax.pageObjects.SettingsTab - Clicked on System Configuration Link
17:26:33.171 [main] DEBUG com.vcstax.pageObjects.SettingsTab - Clicked on Settings Tab
17:26:33.792 [main] DEBUG com.vcstax.pageObjects.SettingsTab - Clicked on Text Editor Link
17:26:34.695 [main] DEBUG com.vcstax.pageObjects.SettingsTab - Clicked on Settings Tab
17:26:35.331 [main] DEBUG com.vcstax.pageObjects.SettingsTab - Clicked on Roles Manager Link
17:26:36.155 [main] DEBUG com.vcstax.pageObjects.SettingsTab - Clicked on Settings Tab
17:26:36.776 [main] DEBUG com.vcstax.pageObjects.SettingsTab - Clicked on User Accounts Manager Link
17:26:38.071 [main] DEBUG com.vcstax.pageObjects.SettingsTab - Clicked on Settings Tab
17:26:38.708 [main] DEBUG com.vcstax.pageObjects.SettingsTab - Clicked on Product Information Link
17:26:39.480 [main] DEBUG com.vcstax.pageObjects.SettingsTab - Clicked on Settings Tab
17:26:40.119 [main] DEBUG com.vcstax.pageObjects.SettingsTab - Clicked on Release Notes Link
17:26:42.679 [main] INFO  com.vcstax.testCases.BaseClass - Driver getting closed
17:26:46.620 [main] INFO  com.vcstax.testCases.BaseClass - Chrome Driver Opened
17:26:50.502 [main] DEBUG com.vcstax.pageObjects.LoginPage - Clicked on OK to Continue Link
17:26:50.648 [main] DEBUG com.vcstax.pageObjects.LoginPage - User Name Entered
17:26:50.812 [main] DEBUG com.vcstax.pageObjects.LoginPage - Password Entered
17:26:50.973 [main] DEBUG com.vcstax.pageObjects.LoginPage - Clicked on Submit Button
17:26:51.644 [main] DEBUG com.vcstax.pageObjects.ToolsTab - Clicked on Tools Tab
17:26:52.273 [main] DEBUG com.vcstax.pageObjects.ToolsTab - Clicked on Bills Link
17:26:53.053 [main] DEBUG com.vcstax.pageObjects.ToolsTab - Clicked on Tools Tab
17:26:53.665 [main] DEBUG com.vcstax.pageObjects.ToolsTab - Clicked on Reinstate Bills Link
17:26:54.423 [main] DEBUG com.vcstax.pageObjects.ToolsTab - Clicked on Tools Tab
17:26:55.032 [main] DEBUG com.vcstax.pageObjects.ToolsTab - Clicked on Data Link
17:26:55.799 [main] DEBUG com.vcstax.pageObjects.ToolsTab - Clicked on Tools Tab
17:26:56.418 [main] DEBUG com.vcstax.pageObjects.ToolsTab - Clicked on Decal Numbers Link
17:26:57.163 [main] DEBUG com.vcstax.pageObjects.ToolsTab - Clicked on Tools Tab
17:26:57.768 [main] DEBUG com.vcstax.pageObjects.ToolsTab - Clicked on Overpay Refund Link
17:26:58.552 [main] DEBUG com.vcstax.pageObjects.ToolsTab - Clicked on Tools Tab
17:26:59.150 [main] DEBUG com.vcstax.pageObjects.ToolsTab - Clicked on TaxBill Files Link
17:27:01.824 [main] INFO  com.vcstax.testCases.BaseClass - Driver getting closed
17:32:38.045 [main] INFO  com.vcstax.testCases.BaseClass - Chrome Driver Opened
17:32:43.379 [main] DEBUG com.vcstax.pageObjects.LoginPage - Clicked on OK to Continue Link
17:32:43.538 [main] DEBUG com.vcstax.pageObjects.LoginPage - User Name Entered
17:32:43.712 [main] DEBUG com.vcstax.pageObjects.LoginPage - Password Entered
17:32:43.857 [main] DEBUG com.vcstax.pageObjects.LoginPage - Clicked on Submit Button
17:32:44.529 [main] DEBUG com.vcstax.pageObjects.SettingsTab - Clicked on Settings Tab
17:32:45.158 [main] DEBUG com.vcstax.pageObjects.SettingsTab - Clicked on Annual Configuration Link
17:32:46.400 [main] DEBUG com.vcstax.pageObjects.SettingsTab - Clicked on Settings Tab
17:32:47.019 [main] DEBUG com.vcstax.pageObjects.SettingsTab - Clicked on System Configuration Link
17:32:47.801 [main] DEBUG com.vcstax.pageObjects.SettingsTab - Clicked on Settings Tab
17:32:48.416 [main] DEBUG com.vcstax.pageObjects.SettingsTab - Clicked on Text Editor Link
17:32:49.287 [main] DEBUG com.vcstax.pageObjects.SettingsTab - Clicked on Settings Tab
17:32:49.903 [main] DEBUG com.vcstax.pageObjects.SettingsTab - Clicked on Roles Manager Link
17:32:50.787 [main] DEBUG com.vcstax.pageObjects.SettingsTab - Clicked on Settings Tab
17:32:51.409 [main] DEBUG com.vcstax.pageObjects.SettingsTab - Clicked on User Accounts Manager Link
17:32:52.785 [main] DEBUG com.vcstax.pageObjects.SettingsTab - Clicked on Settings Tab
17:32:53.411 [main] DEBUG com.vcstax.pageObjects.SettingsTab - Clicked on Product Information Link
17:32:54.167 [main] DEBUG com.vcstax.pageObjects.SettingsTab - Clicked on Settings Tab
17:32:54.789 [main] DEBUG com.vcstax.pageObjects.SettingsTab - Clicked on Release Notes Link
17:32:57.344 [main] INFO  com.vcstax.testCases.BaseClass - Driver getting closed
17:33:01.033 [main] INFO  com.vcstax.testCases.BaseClass - Chrome Driver Opened
17:33:04.649 [main] DEBUG com.vcstax.pageObjects.LoginPage - Clicked on OK to Continue Link
17:33:04.811 [main] DEBUG com.vcstax.pageObjects.LoginPage - User Name Entered
17:33:04.948 [main] DEBUG com.vcstax.pageObjects.LoginPage - Password Entered
17:33:05.086 [main] DEBUG com.vcstax.pageObjects.LoginPage - Clicked on Submit Button
17:33:05.767 [main] DEBUG com.vcstax.pageObjects.ToolsTab - Clicked on Tools Tab
17:33:06.395 [main] DEBUG com.vcstax.pageObjects.ToolsTab - Clicked on Bills Link
17:33:07.169 [main] DEBUG com.vcstax.pageObjects.ToolsTab - Clicked on Tools Tab
17:33:07.783 [main] DEBUG com.vcstax.pageObjects.ToolsTab - Clicked on Reinstate Bills Link
17:33:08.541 [main] DEBUG com.vcstax.pageObjects.ToolsTab - Clicked on Tools Tab
17:33:09.148 [main] DEBUG com.vcstax.pageObjects.ToolsTab - Clicked on Data Link
17:33:09.906 [main] DEBUG com.vcstax.pageObjects.ToolsTab - Clicked on Tools Tab
17:33:10.514 [main] DEBUG com.vcstax.pageObjects.ToolsTab - Clicked on Decal Numbers Link
17:33:11.240 [main] DEBUG com.vcstax.pageObjects.ToolsTab - Clicked on Tools Tab
17:33:11.847 [main] DEBUG com.vcstax.pageObjects.ToolsTab - Clicked on Overpay Refund Link
17:33:12.624 [main] DEBUG com.vcstax.pageObjects.ToolsTab - Clicked on Tools Tab
17:33:13.228 [main] DEBUG com.vcstax.pageObjects.ToolsTab - Clicked on TaxBill Files Link
17:33:15.903 [main] INFO  com.vcstax.testCases.BaseClass - Driver getting closed
17:36:23.916 [main] INFO  com.vcstax.testCases.BaseClass - Chrome Driver Opened
17:36:29.863 [main] DEBUG com.vcstax.pageObjects.LoginPage - Clicked on OK to Continue Link
17:36:30.016 [main] DEBUG com.vcstax.pageObjects.LoginPage - User Name Entered
17:36:30.154 [main] DEBUG com.vcstax.pageObjects.LoginPage - Password Entered
17:36:30.284 [main] DEBUG com.vcstax.pageObjects.LoginPage - Clicked on Submit Button
17:36:30.996 [main] DEBUG com.vcstax.pageObjects.SettingsTab - Clicked on Settings Tab
17:36:31.623 [main] DEBUG com.vcstax.pageObjects.SettingsTab - Clicked on Annual Configuration Link
17:36:32.922 [main] DEBUG com.vcstax.pageObjects.SettingsTab - Clicked on Settings Tab
17:36:33.543 [main] DEBUG com.vcstax.pageObjects.SettingsTab - Clicked on System Configuration Link
17:36:34.342 [main] DEBUG com.vcstax.pageObjects.SettingsTab - Clicked on Settings Tab
17:36:34.955 [main] DEBUG com.vcstax.pageObjects.SettingsTab - Clicked on Text Editor Link
17:36:35.913 [main] DEBUG com.vcstax.pageObjects.SettingsTab - Clicked on Settings Tab
17:36:36.530 [main] DEBUG com.vcstax.pageObjects.SettingsTab - Clicked on Roles Manager Link
17:36:37.426 [main] DEBUG com.vcstax.pageObjects.SettingsTab - Clicked on Settings Tab
17:36:38.048 [main] DEBUG com.vcstax.pageObjects.SettingsTab - Clicked on User Accounts Manager Link
17:36:39.331 [main] DEBUG com.vcstax.pageObjects.SettingsTab - Clicked on Settings Tab
17:36:39.952 [main] DEBUG com.vcstax.pageObjects.SettingsTab - Clicked on Product Information Link
17:36:40.711 [main] DEBUG com.vcstax.pageObjects.SettingsTab - Clicked on Settings Tab
17:36:41.327 [main] DEBUG com.vcstax.pageObjects.SettingsTab - Clicked on Release Notes Link
17:36:43.888 [main] INFO  com.vcstax.testCases.BaseClass - Driver getting closed
17:36:47.258 [main] INFO  com.vcstax.testCases.BaseClass - Chrome Driver Opened
17:36:52.800 [main] DEBUG com.vcstax.pageObjects.LoginPage - Clicked on OK to Continue Link
17:36:52.934 [main] DEBUG com.vcstax.pageObjects.LoginPage - User Name Entered
17:36:53.125 [main] DEBUG com.vcstax.pageObjects.LoginPage - Password Entered
17:36:53.266 [main] DEBUG com.vcstax.pageObjects.LoginPage - Clicked on Submit Button
17:36:53.996 [main] DEBUG com.vcstax.pageObjects.ToolsTab - Clicked on Tools Tab
17:36:54.630 [main] DEBUG com.vcstax.pageObjects.ToolsTab - Clicked on Bills Link
17:36:55.391 [main] DEBUG com.vcstax.pageObjects.ToolsTab - Clicked on Tools Tab
17:36:56.000 [main] DEBUG com.vcstax.pageObjects.ToolsTab - Clicked on Reinstate Bills Link
17:36:56.758 [main] DEBUG com.vcstax.pageObjects.ToolsTab - Clicked on Tools Tab
17:36:57.361 [main] DEBUG com.vcstax.pageObjects.ToolsTab - Clicked on Data Link
17:36:58.107 [main] DEBUG com.vcstax.pageObjects.ToolsTab - Clicked on Tools Tab
17:36:58.711 [main] DEBUG com.vcstax.pageObjects.ToolsTab - Clicked on Decal Numbers Link
17:36:59.443 [main] DEBUG com.vcstax.pageObjects.ToolsTab - Clicked on Tools Tab
17:37:00.049 [main] DEBUG com.vcstax.pageObjects.ToolsTab - Clicked on Overpay Refund Link
17:37:00.816 [main] DEBUG com.vcstax.pageObjects.ToolsTab - Clicked on Tools Tab
17:37:01.446 [main] DEBUG com.vcstax.pageObjects.ToolsTab - Clicked on TaxBill Files Link
17:37:04.120 [main] INFO  com.vcstax.testCases.BaseClass - Driver getting closed
17:40:45.028 [main] INFO  com.vcstax.testCases.BaseClass - Chrome Driver Opened
17:40:51.229 [main] DEBUG com.vcstax.pageObjects.LoginPage - Clicked on OK to Continue Link
17:40:51.375 [main] DEBUG com.vcstax.pageObjects.LoginPage - User Name Entered
17:40:51.514 [main] DEBUG com.vcstax.pageObjects.LoginPage - Password Entered
17:40:51.647 [main] DEBUG com.vcstax.pageObjects.LoginPage - Clicked on Submit Button
17:40:52.384 [main] DEBUG com.vcstax.pageObjects.SettingsTab - Clicked on Settings Tab
17:40:53.023 [main] DEBUG com.vcstax.pageObjects.SettingsTab - Clicked on Annual Configuration Link
17:40:53.704 [main] DEBUG com.vcstax.pageObjects.SettingsTab - Clicked on Settings Tab
17:40:54.320 [main] DEBUG com.vcstax.pageObjects.SettingsTab - Clicked on System Configuration Link
17:40:54.933 [main] DEBUG com.vcstax.pageObjects.SettingsTab - Clicked on Settings Tab
17:40:55.552 [main] DEBUG com.vcstax.pageObjects.SettingsTab - Clicked on Text Editor Link
17:40:56.185 [main] DEBUG com.vcstax.pageObjects.SettingsTab - Clicked on Settings Tab
17:40:56.807 [main] DEBUG com.vcstax.pageObjects.SettingsTab - Clicked on Roles Manager Link
17:40:57.447 [main] DEBUG com.vcstax.pageObjects.SettingsTab - Clicked on Settings Tab
17:40:58.087 [main] DEBUG com.vcstax.pageObjects.SettingsTab - Clicked on User Accounts Manager Link
17:40:58.718 [main] DEBUG com.vcstax.pageObjects.SettingsTab - Clicked on Settings Tab
17:40:59.337 [main] DEBUG com.vcstax.pageObjects.SettingsTab - Clicked on Product Information Link
17:41:00.136 [main] DEBUG com.vcstax.pageObjects.SettingsTab - Clicked on Settings Tab
17:41:00.786 [main] DEBUG com.vcstax.pageObjects.SettingsTab - Clicked on Release Notes Link
17:41:03.349 [main] INFO  com.vcstax.testCases.BaseClass - Driver getting closed
17:41:07.278 [main] INFO  com.vcstax.testCases.BaseClass - Chrome Driver Opened
17:41:10.669 [main] DEBUG com.vcstax.pageObjects.LoginPage - Clicked on OK to Continue Link
17:41:10.807 [main] DEBUG com.vcstax.pageObjects.LoginPage - User Name Entered
17:41:10.945 [main] DEBUG com.vcstax.pageObjects.LoginPage - Password Entered
17:41:11.079 [main] DEBUG com.vcstax.pageObjects.LoginPage - Clicked on Submit Button
17:41:11.777 [main] DEBUG com.vcstax.pageObjects.ToolsTab - Clicked on Tools Tab
17:41:12.410 [main] DEBUG com.vcstax.pageObjects.ToolsTab - Clicked on Bills Link
17:41:13.050 [main] DEBUG com.vcstax.pageObjects.ToolsTab - Clicked on Tools Tab
17:41:13.673 [main] DEBUG com.vcstax.pageObjects.ToolsTab - Clicked on Reinstate Bills Link
17:41:14.299 [main] DEBUG com.vcstax.pageObjects.ToolsTab - Clicked on Tools Tab
17:41:14.908 [main] DEBUG com.vcstax.pageObjects.ToolsTab - Clicked on Data Link
17:41:15.539 [main] DEBUG com.vcstax.pageObjects.ToolsTab - Clicked on Tools Tab
17:41:16.155 [main] DEBUG com.vcstax.pageObjects.ToolsTab - Clicked on Decal Numbers Link
17:41:16.785 [main] DEBUG com.vcstax.pageObjects.ToolsTab - Clicked on Tools Tab
17:41:17.389 [main] DEBUG com.vcstax.pageObjects.ToolsTab - Clicked on Overpay Refund Link
17:41:18.000 [main] DEBUG com.vcstax.pageObjects.ToolsTab - Clicked on Tools Tab
17:41:18.611 [main] DEBUG com.vcstax.pageObjects.ToolsTab - Clicked on TaxBill Files Link
17:41:21.162 [main] INFO  com.vcstax.testCases.BaseClass - Driver getting closed
17:51:53.009 [main] INFO  com.vcstax.testCases.BaseClass - Chrome Driver Opened
17:51:58.125 [main] DEBUG com.vcstax.pageObjects.LoginPage - Clicked on OK to Continue Link
17:51:58.271 [main] DEBUG com.vcstax.pageObjects.LoginPage - User Name Entered
17:51:58.430 [main] DEBUG com.vcstax.pageObjects.LoginPage - Password Entered
17:51:58.573 [main] DEBUG com.vcstax.pageObjects.LoginPage - Clicked on Submit Button
17:51:59.296 [main] DEBUG com.vcstax.pageObjects.SettingsTab - Clicked on Settings Tab
17:51:59.953 [main] DEBUG com.vcstax.pageObjects.SettingsTab - Clicked on Annual Configuration Link
17:52:00.645 [main] DEBUG com.vcstax.pageObjects.SettingsTab - Clicked on Settings Tab
17:52:01.280 [main] DEBUG com.vcstax.pageObjects.SettingsTab - Clicked on System Configuration Link
17:52:01.908 [main] DEBUG com.vcstax.pageObjects.SettingsTab - Clicked on Settings Tab
17:52:02.528 [main] DEBUG com.vcstax.pageObjects.SettingsTab - Clicked on Text Editor Link
17:52:03.286 [main] DEBUG com.vcstax.pageObjects.SettingsTab - Clicked on Settings Tab
17:52:03.907 [main] DEBUG com.vcstax.pageObjects.SettingsTab - Clicked on Roles Manager Link
17:52:04.647 [main] DEBUG com.vcstax.pageObjects.SettingsTab - Clicked on Settings Tab
17:52:05.267 [main] DEBUG com.vcstax.pageObjects.SettingsTab - Clicked on User Accounts Manager Link
17:52:06.339 [main] DEBUG com.vcstax.pageObjects.SettingsTab - Clicked on Settings Tab
17:52:06.976 [main] DEBUG com.vcstax.pageObjects.SettingsTab - Clicked on Product Information Link
17:52:07.604 [main] DEBUG com.vcstax.pageObjects.SettingsTab - Clicked on Settings Tab
17:52:08.235 [main] DEBUG com.vcstax.pageObjects.SettingsTab - Clicked on Release Notes Link
17:52:10.796 [main] INFO  com.vcstax.testCases.BaseClass - Driver getting closed
17:52:15.009 [main] INFO  com.vcstax.testCases.BaseClass - Chrome Driver Opened
17:52:18.735 [main] DEBUG com.vcstax.pageObjects.LoginPage - Clicked on OK to Continue Link
17:52:18.889 [main] DEBUG com.vcstax.pageObjects.LoginPage - User Name Entered
17:52:19.030 [main] DEBUG com.vcstax.pageObjects.LoginPage - Password Entered
17:52:19.169 [main] DEBUG com.vcstax.pageObjects.LoginPage - Clicked on Submit Button
17:52:19.890 [main] DEBUG com.vcstax.pageObjects.ToolsTab - Clicked on Tools Tab
17:52:20.529 [main] DEBUG com.vcstax.pageObjects.ToolsTab - Clicked on Bills Link
17:52:21.161 [main] DEBUG com.vcstax.pageObjects.ToolsTab - Clicked on Tools Tab
17:52:21.761 [main] DEBUG com.vcstax.pageObjects.ToolsTab - Clicked on Reinstate Bills Link
17:52:22.377 [main] DEBUG com.vcstax.pageObjects.ToolsTab - Clicked on Tools Tab
17:52:22.991 [main] DEBUG com.vcstax.pageObjects.ToolsTab - Clicked on Data Link
17:52:23.625 [main] DEBUG com.vcstax.pageObjects.ToolsTab - Clicked on Tools Tab
17:52:24.239 [main] DEBUG com.vcstax.pageObjects.ToolsTab - Clicked on Decal Numbers Link
17:52:24.857 [main] DEBUG com.vcstax.pageObjects.ToolsTab - Clicked on Tools Tab
17:52:25.461 [main] DEBUG com.vcstax.pageObjects.ToolsTab - Clicked on Overpay Refund Link
17:52:26.092 [main] DEBUG com.vcstax.pageObjects.ToolsTab - Clicked on Tools Tab
17:52:26.703 [main] DEBUG com.vcstax.pageObjects.ToolsTab - Clicked on TaxBill Files Link
17:52:29.253 [main] INFO  com.vcstax.testCases.BaseClass - Driver getting closed
