11:06:17.909 [main] INFO  com.vcstax.testCases.BaseClass - Chrome Driver Opened
11:06:28.337 [main] DEBUG com.vcstax.pageObjects.LoginPage - Clicked on OK to Continue Link
11:06:28.475 [main] DEBUG com.vcstax.pageObjects.LoginPage - User Name Entered
11:06:28.605 [main] DEBUG com.vcstax.pageObjects.LoginPage - Password Entered
11:06:28.735 [main] DEBUG com.vcstax.pageObjects.LoginPage - Clicked on Submit Button
11:06:47.282 [main] DEBUG com.vcstax.pageObjects.SettingsTab - Clicked on Settings Tab
11:06:49.358 [main] DEBUG com.vcstax.pageObjects.SettingsTab - Clicked on Roles Manager Link
11:06:50.007 [main] DEBUG com.vcstax.pageObjects.SettingsTab - Clicked on Settings Tab
11:06:50.677 [main] DEBUG com.vcstax.pageObjects.SettingsTab - Clicked on Settings Tab
11:06:56.312 [main] DEBUG com.vcstax.pageObjects.SettingsTab - Clicked on Settings Tab
11:06:56.956 [main] DEBUG com.vcstax.pageObjects.SettingsTab - Clicked on Release Notes Link
11:06:59.501 [main] INFO  com.vcstax.testCases.BaseClass - Driver getting closed
11:07:03.593 [main] INFO  com.vcstax.testCases.BaseClass - Chrome Driver Opened
11:07:06.991 [main] DEBUG com.vcstax.pageObjects.LoginPage - Clicked on OK to Continue Link
11:07:07.144 [main] DEBUG com.vcstax.pageObjects.LoginPage - User Name Entered
11:07:07.288 [main] DEBUG com.vcstax.pageObjects.LoginPage - Password Entered
11:07:07.421 [main] DEBUG com.vcstax.pageObjects.LoginPage - Clicked on Submit Button
11:07:08.083 [main] DEBUG com.vcstax.pageObjects.ToolsTab - Clicked on Tools Tab
11:07:08.703 [main] DEBUG com.vcstax.pageObjects.ToolsTab - Clicked on Bills Link
11:07:09.360 [main] DEBUG com.vcstax.pageObjects.ToolsTab - Clicked on Tools Tab
11:07:15.060 [main] DEBUG com.vcstax.pageObjects.ToolsTab - Clicked on Tools Tab
11:07:15.696 [main] DEBUG com.vcstax.pageObjects.ToolsTab - Clicked on Data Link
11:07:16.324 [main] DEBUG com.vcstax.pageObjects.ToolsTab - Clicked on Tools Tab
11:07:22.075 [main] DEBUG com.vcstax.pageObjects.ToolsTab - Clicked on Tools Tab
11:07:22.680 [main] DEBUG com.vcstax.pageObjects.ToolsTab - Clicked on Overpay Refund Link
11:07:23.344 [main] DEBUG com.vcstax.pageObjects.ToolsTab - Clicked on Tools Tab
11:07:30.933 [main] INFO  com.vcstax.testCases.BaseClass - Driver getting closed
11:11:00.455 [main] INFO  com.vcstax.testCases.BaseClass - Chrome Driver Opened
11:11:04.046 [main] DEBUG com.vcstax.pageObjects.LoginPage - Clicked on OK to Continue Link
11:11:04.244 [main] DEBUG com.vcstax.pageObjects.LoginPage - User Name Entered
11:11:04.396 [main] DEBUG com.vcstax.pageObjects.LoginPage - Password Entered
11:11:04.538 [main] DEBUG com.vcstax.pageObjects.LoginPage - Clicked on Submit Button
11:11:05.201 [main] DEBUG com.vcstax.pageObjects.SettingsTab - Clicked on Settings Tab
11:11:05.847 [main] DEBUG com.vcstax.pageObjects.SettingsTab - Clicked on Annual Configuration Link
11:11:06.524 [main] DEBUG com.vcstax.pageObjects.SettingsTab - Clicked on Settings Tab
11:11:07.147 [main] DEBUG com.vcstax.pageObjects.SettingsTab - Clicked on System Configuration Link
11:11:07.777 [main] DEBUG com.vcstax.pageObjects.SettingsTab - Clicked on Settings Tab
11:11:08.386 [main] DEBUG com.vcstax.pageObjects.SettingsTab - Clicked on Text Editor Link
11:11:09.001 [main] DEBUG com.vcstax.pageObjects.SettingsTab - Clicked on Settings Tab
11:11:09.619 [main] DEBUG com.vcstax.pageObjects.SettingsTab - Clicked on Roles Manager Link
11:11:10.248 [main] DEBUG com.vcstax.pageObjects.SettingsTab - Clicked on Settings Tab
11:11:10.871 [main] DEBUG com.vcstax.pageObjects.SettingsTab - Clicked on User Accounts Manager Link
11:11:11.929 [main] DEBUG com.vcstax.pageObjects.SettingsTab - Clicked on Settings Tab
11:11:12.559 [main] DEBUG com.vcstax.pageObjects.SettingsTab - Clicked on Product Information Link
11:11:13.180 [main] DEBUG com.vcstax.pageObjects.SettingsTab - Clicked on Settings Tab
11:11:13.813 [main] DEBUG com.vcstax.pageObjects.SettingsTab - Clicked on Release Notes Link
11:11:16.375 [main] INFO  com.vcstax.testCases.BaseClass - Driver getting closed
11:11:20.252 [main] INFO  com.vcstax.testCases.BaseClass - Chrome Driver Opened
11:11:23.580 [main] DEBUG com.vcstax.pageObjects.LoginPage - Clicked on OK to Continue Link
11:11:23.724 [main] DEBUG com.vcstax.pageObjects.LoginPage - User Name Entered
11:11:23.843 [main] DEBUG com.vcstax.pageObjects.LoginPage - Password Entered
11:11:23.968 [main] DEBUG com.vcstax.pageObjects.LoginPage - Clicked on Submit Button
11:11:24.562 [main] DEBUG com.vcstax.pageObjects.ToolsTab - Clicked on Tools Tab
11:11:25.184 [main] DEBUG com.vcstax.pageObjects.ToolsTab - Clicked on Bills Link
11:11:25.822 [main] DEBUG com.vcstax.pageObjects.ToolsTab - Clicked on Tools Tab
11:11:26.433 [main] DEBUG com.vcstax.pageObjects.ToolsTab - Clicked on Reinstate Bills Link
11:11:27.066 [main] DEBUG com.vcstax.pageObjects.ToolsTab - Clicked on Tools Tab
11:11:27.666 [main] DEBUG com.vcstax.pageObjects.ToolsTab - Clicked on Data Link
11:11:28.291 [main] DEBUG com.vcstax.pageObjects.ToolsTab - Clicked on Tools Tab
11:11:28.892 [main] DEBUG com.vcstax.pageObjects.ToolsTab - Clicked on Decal Numbers Link
11:11:29.514 [main] DEBUG com.vcstax.pageObjects.ToolsTab - Clicked on Tools Tab
11:11:30.125 [main] DEBUG com.vcstax.pageObjects.ToolsTab - Clicked on Overpay Refund Link
11:11:30.742 [main] DEBUG com.vcstax.pageObjects.ToolsTab - Clicked on Tools Tab
11:11:31.360 [main] DEBUG com.vcstax.pageObjects.ToolsTab - Clicked on TaxBill Files Link
11:11:33.910 [main] INFO  com.vcstax.testCases.BaseClass - Driver getting closed
11:18:39.030 [main] INFO  com.vcstax.testCases.BaseClass - Chrome Driver Opened
11:18:43.679 [main] DEBUG com.vcstax.pageObjects.LoginPage - Clicked on OK to Continue Link
11:18:43.841 [main] DEBUG com.vcstax.pageObjects.LoginPage - User Name Entered
11:18:44.077 [main] DEBUG com.vcstax.pageObjects.LoginPage - Password Entered
11:18:44.350 [main] DEBUG com.vcstax.pageObjects.LoginPage - Clicked on Submit Button
11:18:45.203 [main] DEBUG com.vcstax.pageObjects.SettingsTab - Clicked on Settings Tab
11:18:45.845 [main] DEBUG com.vcstax.pageObjects.SettingsTab - Clicked on Annual Configuration Link
11:18:46.589 [main] DEBUG com.vcstax.pageObjects.SettingsTab - Clicked on Settings Tab
11:18:47.222 [main] DEBUG com.vcstax.pageObjects.SettingsTab - Clicked on System Configuration Link
11:18:47.874 [main] DEBUG com.vcstax.pageObjects.SettingsTab - Clicked on Settings Tab
11:18:48.502 [main] DEBUG com.vcstax.pageObjects.SettingsTab - Clicked on Text Editor Link
11:18:49.185 [main] DEBUG com.vcstax.pageObjects.SettingsTab - Clicked on Settings Tab
11:18:49.812 [main] DEBUG com.vcstax.pageObjects.SettingsTab - Clicked on Roles Manager Link
11:18:50.430 [main] DEBUG com.vcstax.pageObjects.SettingsTab - Clicked on Settings Tab
11:18:51.052 [main] DEBUG com.vcstax.pageObjects.SettingsTab - Clicked on User Accounts Manager Link
11:18:52.126 [main] DEBUG com.vcstax.pageObjects.SettingsTab - Clicked on Settings Tab
11:18:52.767 [main] DEBUG com.vcstax.pageObjects.SettingsTab - Clicked on Product Information Link
11:18:53.408 [main] DEBUG com.vcstax.pageObjects.SettingsTab - Clicked on Settings Tab
11:18:54.041 [main] DEBUG com.vcstax.pageObjects.SettingsTab - Clicked on Release Notes Link
11:18:56.603 [main] INFO  com.vcstax.testCases.BaseClass - Driver getting closed
11:19:00.813 [main] INFO  com.vcstax.testCases.BaseClass - Chrome Driver Opened
11:19:03.937 [main] DEBUG com.vcstax.pageObjects.LoginPage - Clicked on OK to Continue Link
11:19:04.087 [main] DEBUG com.vcstax.pageObjects.LoginPage - User Name Entered
11:19:04.251 [main] DEBUG com.vcstax.pageObjects.LoginPage - Password Entered
11:19:04.387 [main] DEBUG com.vcstax.pageObjects.LoginPage - Clicked on Submit Button
11:19:05.041 [main] DEBUG com.vcstax.pageObjects.ToolsTab - Clicked on Tools Tab
11:19:05.686 [main] DEBUG com.vcstax.pageObjects.ToolsTab - Clicked on Bills Link
11:19:06.341 [main] DEBUG com.vcstax.pageObjects.ToolsTab - Clicked on Tools Tab
11:19:06.954 [main] DEBUG com.vcstax.pageObjects.ToolsTab - Clicked on Reinstate Bills Link
11:19:07.563 [main] DEBUG com.vcstax.pageObjects.ToolsTab - Clicked on Tools Tab
11:19:08.179 [main] DEBUG com.vcstax.pageObjects.ToolsTab - Clicked on Data Link
11:19:08.814 [main] DEBUG com.vcstax.pageObjects.ToolsTab - Clicked on Tools Tab
11:19:09.452 [main] DEBUG com.vcstax.pageObjects.ToolsTab - Clicked on Decal Numbers Link
11:19:10.074 [main] DEBUG com.vcstax.pageObjects.ToolsTab - Clicked on Tools Tab
11:19:10.695 [main] DEBUG com.vcstax.pageObjects.ToolsTab - Clicked on Overpay Refund Link
11:19:11.306 [main] DEBUG com.vcstax.pageObjects.ToolsTab - Clicked on Tools Tab
11:19:11.915 [main] DEBUG com.vcstax.pageObjects.ToolsTab - Clicked on TaxBill Files Link
11:19:14.476 [main] INFO  com.vcstax.testCases.BaseClass - Driver getting closed
11:21:50.695 [main] INFO  com.vcstax.testCases.BaseClass - Chrome Driver Opened
11:21:53.886 [main] DEBUG com.vcstax.pageObjects.LoginPage - Clicked on OK to Continue Link
11:21:54.038 [main] DEBUG com.vcstax.pageObjects.LoginPage - User Name Entered
11:21:54.178 [main] DEBUG com.vcstax.pageObjects.LoginPage - Password Entered
11:21:54.309 [main] DEBUG com.vcstax.pageObjects.LoginPage - Clicked on Submit Button
11:21:54.988 [main] DEBUG com.vcstax.pageObjects.SettingsTab - Clicked on Settings Tab
11:21:55.632 [main] DEBUG com.vcstax.pageObjects.SettingsTab - Clicked on Annual Configuration Link
11:21:56.324 [main] DEBUG com.vcstax.pageObjects.SettingsTab - Clicked on Settings Tab
11:21:56.952 [main] DEBUG com.vcstax.pageObjects.SettingsTab - Clicked on System Configuration Link
11:21:57.575 [main] DEBUG com.vcstax.pageObjects.SettingsTab - Clicked on Settings Tab
11:21:58.182 [main] DEBUG com.vcstax.pageObjects.SettingsTab - Clicked on Text Editor Link
11:21:58.809 [main] DEBUG com.vcstax.pageObjects.SettingsTab - Clicked on Settings Tab
11:21:59.443 [main] DEBUG com.vcstax.pageObjects.SettingsTab - Clicked on Roles Manager Link
11:22:00.072 [main] DEBUG com.vcstax.pageObjects.SettingsTab - Clicked on Settings Tab
11:22:00.702 [main] DEBUG com.vcstax.pageObjects.SettingsTab - Clicked on User Accounts Manager Link
11:22:01.692 [main] DEBUG com.vcstax.pageObjects.SettingsTab - Clicked on Settings Tab
11:22:02.322 [main] DEBUG com.vcstax.pageObjects.SettingsTab - Clicked on Product Information Link
11:22:02.955 [main] DEBUG com.vcstax.pageObjects.SettingsTab - Clicked on Settings Tab
11:22:03.592 [main] DEBUG com.vcstax.pageObjects.SettingsTab - Clicked on Release Notes Link
11:26:49.600 [main] INFO  com.vcstax.testCases.BaseClass - Driver getting closed
13:30:32.102 [main] INFO  com.vcstax.testCases.BaseClass - Chrome Driver Opened
13:30:42.742 [main] DEBUG com.vcstax.pageObjects.LoginPage - Clicked on OK to Continue Link
13:30:42.932 [main] DEBUG com.vcstax.pageObjects.LoginPage - User Name Entered
13:30:43.115 [main] DEBUG com.vcstax.pageObjects.LoginPage - Password Entered
13:30:43.259 [main] DEBUG com.vcstax.pageObjects.LoginPage - Clicked on Submit Button
13:30:44.907 [main] DEBUG com.vcstax.pageObjects.SettingsTab - Clicked on Settings Tab
13:30:45.531 [main] DEBUG com.vcstax.pageObjects.SettingsTab - Clicked on Annual Configuration Link
13:30:46.230 [main] DEBUG com.vcstax.pageObjects.SettingsTab - Clicked on Settings Tab
13:30:46.860 [main] DEBUG com.vcstax.pageObjects.SettingsTab - Clicked on Product Information Link
13:30:47.474 [main] DEBUG com.vcstax.pageObjects.SettingsTab - Clicked on Settings Tab
13:30:48.119 [main] DEBUG com.vcstax.pageObjects.SettingsTab - Clicked on Release Notes Link
13:30:48.753 [main] DEBUG com.vcstax.pageObjects.SettingsTab - Clicked on Settings Tab
13:30:49.358 [main] DEBUG com.vcstax.pageObjects.SettingsTab - Clicked on Roles Manager Link
13:30:49.993 [main] DEBUG com.vcstax.pageObjects.SettingsTab - Clicked on Settings Tab
13:30:50.617 [main] DEBUG com.vcstax.pageObjects.SettingsTab - Clicked on System Configuration Link
13:30:51.230 [main] DEBUG com.vcstax.pageObjects.SettingsTab - Clicked on Settings Tab
13:30:51.844 [main] DEBUG com.vcstax.pageObjects.SettingsTab - Clicked on Text Editor Link
13:30:52.567 [main] DEBUG com.vcstax.pageObjects.SettingsTab - Clicked on Settings Tab
13:30:53.179 [main] DEBUG com.vcstax.pageObjects.SettingsTab - Clicked on User Accounts Manager Link
13:30:55.728 [main] INFO  com.vcstax.testCases.BaseClass - Driver getting closed
13:30:59.362 [main] INFO  com.vcstax.testCases.BaseClass - Chrome Driver Opened
13:31:28.985 [main] DEBUG com.vcstax.pageObjects.LoginPage - Clicked on OK to Continue Link
13:31:29.108 [main] DEBUG com.vcstax.pageObjects.LoginPage - User Name Entered
13:31:29.227 [main] DEBUG com.vcstax.pageObjects.LoginPage - Password Entered
13:31:29.352 [main] DEBUG com.vcstax.pageObjects.LoginPage - Clicked on Submit Button
13:31:30.294 [main] DEBUG com.vcstax.pageObjects.ToolsTab - Clicked on Tools Tab
13:31:30.925 [main] DEBUG com.vcstax.pageObjects.ToolsTab - Clicked on Bills Link
13:31:33.481 [main] INFO  com.vcstax.testCases.BaseClass - Driver getting closed
13:37:43.545 [main] INFO  com.vcstax.testCases.BaseClass - Chrome Driver Opened
13:37:59.208 [main] DEBUG com.vcstax.pageObjects.LoginPage - Clicked on OK to Continue Link
13:37:59.392 [main] DEBUG com.vcstax.pageObjects.LoginPage - User Name Entered
13:37:59.541 [main] DEBUG com.vcstax.pageObjects.LoginPage - Password Entered
13:37:59.674 [main] DEBUG com.vcstax.pageObjects.LoginPage - Clicked on Submit Button
13:38:00.461 [main] DEBUG com.vcstax.pageObjects.SettingsTab - Clicked on Settings Tab
13:38:01.100 [main] DEBUG com.vcstax.pageObjects.SettingsTab - Clicked on Annual Configuration Link
13:38:01.783 [main] DEBUG com.vcstax.pageObjects.SettingsTab - Clicked on Settings Tab
13:38:02.399 [main] DEBUG com.vcstax.pageObjects.SettingsTab - Clicked on Product Information Link
13:38:03.038 [main] DEBUG com.vcstax.pageObjects.SettingsTab - Clicked on Settings Tab
13:38:03.672 [main] DEBUG com.vcstax.pageObjects.SettingsTab - Clicked on Release Notes Link
13:38:04.312 [main] DEBUG com.vcstax.pageObjects.SettingsTab - Clicked on Settings Tab
13:38:04.931 [main] DEBUG com.vcstax.pageObjects.SettingsTab - Clicked on Roles Manager Link
13:38:05.728 [main] DEBUG com.vcstax.pageObjects.SettingsTab - Clicked on Settings Tab
13:38:06.356 [main] DEBUG com.vcstax.pageObjects.SettingsTab - Clicked on System Configuration Link
13:38:06.989 [main] DEBUG com.vcstax.pageObjects.SettingsTab - Clicked on Settings Tab
13:38:07.617 [main] DEBUG com.vcstax.pageObjects.SettingsTab - Clicked on Text Editor Link
13:38:08.458 [main] DEBUG com.vcstax.pageObjects.SettingsTab - Clicked on Settings Tab
13:38:09.077 [main] DEBUG com.vcstax.pageObjects.SettingsTab - Clicked on User Accounts Manager Link
13:38:11.628 [main] INFO  com.vcstax.testCases.BaseClass - Driver getting closed
13:38:15.314 [main] INFO  com.vcstax.testCases.BaseClass - Chrome Driver Opened
13:38:50.144 [main] DEBUG com.vcstax.pageObjects.LoginPage - Clicked on OK to Continue Link
13:38:50.376 [main] DEBUG com.vcstax.pageObjects.LoginPage - User Name Entered
13:38:52.400 [main] INFO  com.vcstax.testCases.BaseClass - Driver getting closed
13:40:23.063 [main] INFO  com.vcstax.testCases.BaseClass - Chrome Driver Opened
13:40:28.143 [main] DEBUG com.vcstax.pageObjects.LoginPage - Clicked on OK to Continue Link
13:40:28.285 [main] DEBUG com.vcstax.pageObjects.LoginPage - User Name Entered
13:40:28.418 [main] DEBUG com.vcstax.pageObjects.LoginPage - Password Entered
13:40:28.555 [main] DEBUG com.vcstax.pageObjects.LoginPage - Clicked on Submit Button
13:40:29.230 [main] DEBUG com.vcstax.pageObjects.SettingsTab - Clicked on Settings Tab
13:40:29.870 [main] DEBUG com.vcstax.pageObjects.SettingsTab - Clicked on Annual Configuration Link
13:40:30.549 [main] DEBUG com.vcstax.pageObjects.SettingsTab - Clicked on Settings Tab
13:40:31.171 [main] DEBUG com.vcstax.pageObjects.SettingsTab - Clicked on Product Information Link
13:40:31.789 [main] DEBUG com.vcstax.pageObjects.SettingsTab - Clicked on Settings Tab
13:40:32.432 [main] DEBUG com.vcstax.pageObjects.SettingsTab - Clicked on Release Notes Link
13:40:33.052 [main] DEBUG com.vcstax.pageObjects.SettingsTab - Clicked on Settings Tab
13:40:33.673 [main] DEBUG com.vcstax.pageObjects.SettingsTab - Clicked on Roles Manager Link
13:40:34.354 [main] DEBUG com.vcstax.pageObjects.SettingsTab - Clicked on Settings Tab
13:40:34.981 [main] DEBUG com.vcstax.pageObjects.SettingsTab - Clicked on System Configuration Link
13:40:35.598 [main] DEBUG com.vcstax.pageObjects.SettingsTab - Clicked on Settings Tab
13:40:36.203 [main] DEBUG com.vcstax.pageObjects.SettingsTab - Clicked on Text Editor Link
13:40:36.837 [main] DEBUG com.vcstax.pageObjects.SettingsTab - Clicked on Settings Tab
13:40:37.462 [main] DEBUG com.vcstax.pageObjects.SettingsTab - Clicked on User Accounts Manager Link
13:40:40.015 [main] INFO  com.vcstax.testCases.BaseClass - Driver getting closed
13:41:04.997 [main] INFO  com.vcstax.testCases.BaseClass - Chrome Driver Opened
13:41:45.799 [main] INFO  com.vcstax.testCases.BaseClass - Driver getting closed
14:15:08.411 [main] INFO  com.vcstax.testCases.BaseClass - Chrome Driver Opened
14:15:47.952 [main] INFO  com.vcstax.testCases.BaseClass - Driver getting closed
14:18:24.329 [main] INFO  com.vcstax.testCases.BaseClass - Chrome Driver Opened
14:18:28.039 [main] DEBUG com.vcstax.pageObjects.LoginPage - Clicked on OK to Continue Link
14:18:28.199 [main] DEBUG com.vcstax.pageObjects.LoginPage - User Name Entered
14:18:28.361 [main] DEBUG com.vcstax.pageObjects.LoginPage - Password Entered
14:18:28.500 [main] DEBUG com.vcstax.pageObjects.LoginPage - Clicked on Submit Button
14:18:29.210 [main] DEBUG com.vcstax.pageObjects.ActivityTab - Clicked on Activity Tab
14:18:29.840 [main] DEBUG com.vcstax.pageObjects.ActivityTab - Clicked on collections Link
14:18:30.516 [main] DEBUG com.vcstax.pageObjects.ActivityTab - Clicked on Activity Tab
14:18:31.142 [main] DEBUG com.vcstax.pageObjects.ActivityTab - Clicked on Accessor Change Order Link
14:18:31.763 [main] DEBUG com.vcstax.pageObjects.ActivityTab - Clicked on Activity Tab
14:18:32.388 [main] DEBUG com.vcstax.pageObjects.ActivityTab - Clicked on Calculate Revenue Disbursement Link
14:18:33.011 [main] DEBUG com.vcstax.pageObjects.ActivityTab - Clicked on Activity Tab
14:18:33.619 [main] DEBUG com.vcstax.pageObjects.ActivityTab - Clicked on Mail Processing Link
14:18:34.250 [main] DEBUG com.vcstax.pageObjects.ActivityTab - Clicked on Activity Tab
14:18:34.850 [main] DEBUG com.vcstax.pageObjects.ActivityTab - Clicked on Register Reconciliation Link
14:18:35.466 [main] DEBUG com.vcstax.pageObjects.ActivityTab - Clicked on Activity Tab
14:18:36.081 [main] DEBUG com.vcstax.pageObjects.ActivityTab - Clicked on Apply LateFee Link
14:18:36.695 [main] DEBUG com.vcstax.pageObjects.ActivityTab - Clicked on Activity Tab
14:18:37.306 [main] DEBUG com.vcstax.pageObjects.ActivityTab - Clicked on Bankruptcy Cases Link
14:18:37.928 [main] DEBUG com.vcstax.pageObjects.ActivityTab - Clicked on Activity Tab
14:18:38.536 [main] DEBUG com.vcstax.pageObjects.ActivityTab - Clicked on Delinquent Processing Link
14:18:39.147 [main] DEBUG com.vcstax.pageObjects.ActivityTab - Clicked on Activity Tab
14:18:39.756 [main] DEBUG com.vcstax.pageObjects.ActivityTab - Clicked on Quarterly Billing Link
14:18:40.365 [main] DEBUG com.vcstax.pageObjects.ActivityTab - Clicked on Activity Tab
14:18:40.966 [main] DEBUG com.vcstax.pageObjects.ActivityTab - Clicked on Mobile Home Digest Link
14:18:41.700 [main] DEBUG com.vcstax.pageObjects.ActivityTab - Clicked on Activity Tab
14:18:42.308 [main] DEBUG com.vcstax.pageObjects.ActivityTab - Clicked on Mortgage TaxBill Export Link
14:18:43.379 [main] DEBUG com.vcstax.pageObjects.ActivityTab - Clicked on Activity Tab
14:18:44.104 [main] DEBUG com.vcstax.pageObjects.ActivityTab - Clicked on Mortgage Request Processing Link
14:18:44.713 [main] DEBUG com.vcstax.pageObjects.ActivityTab - Clicked on Activity Tab
14:18:45.321 [main] DEBUG com.vcstax.pageObjects.ActivityTab - Clicked on Real Digest Link
14:18:45.948 [main] DEBUG com.vcstax.pageObjects.ActivityTab - Clicked on Activity Tab
14:18:46.674 [main] DEBUG com.vcstax.pageObjects.ActivityTab - Clicked on Mortgage Payment Processing Link
14:18:49.301 [main] INFO  com.vcstax.testCases.BaseClass - Driver getting closed
14:23:04.263 [main] INFO  com.vcstax.testCases.BaseClass - Chrome Driver Opened
14:23:10.560 [main] DEBUG com.vcstax.pageObjects.LoginPage - Clicked on OK to Continue Link
14:23:10.707 [main] DEBUG com.vcstax.pageObjects.LoginPage - User Name Entered
14:23:10.851 [main] DEBUG com.vcstax.pageObjects.LoginPage - Password Entered
14:23:10.984 [main] DEBUG com.vcstax.pageObjects.LoginPage - Clicked on Submit Button
14:23:11.607 [main] DEBUG com.vcstax.pageObjects.ActivityTab - Clicked on Activity Tab
14:23:12.240 [main] DEBUG com.vcstax.pageObjects.ActivityTab - Clicked on collections Link
14:23:14.956 [main] INFO  com.vcstax.testCases.BaseClass - Chrome Driver Opened
14:23:18.580 [main] DEBUG com.vcstax.pageObjects.LoginPage - Clicked on OK to Continue Link
14:23:18.712 [main] DEBUG com.vcstax.pageObjects.LoginPage - User Name Entered
14:23:18.840 [main] DEBUG com.vcstax.pageObjects.LoginPage - Password Entered
14:23:18.971 [main] DEBUG com.vcstax.pageObjects.LoginPage - Clicked on Submit Button
14:23:19.615 [main] DEBUG com.vcstax.pageObjects.SettingsTab - Clicked on Settings Tab
14:23:20.249 [main] DEBUG com.vcstax.pageObjects.SettingsTab - Clicked on Annual Configuration Link
14:23:20.887 [main] DEBUG com.vcstax.pageObjects.SettingsTab - Clicked on Settings Tab
14:23:21.503 [main] DEBUG com.vcstax.pageObjects.SettingsTab - Clicked on Product Information Link
14:23:22.121 [main] DEBUG com.vcstax.pageObjects.SettingsTab - Clicked on Settings Tab
14:23:22.750 [main] DEBUG com.vcstax.pageObjects.SettingsTab - Clicked on Release Notes Link
14:23:23.371 [main] DEBUG com.vcstax.pageObjects.SettingsTab - Clicked on Settings Tab
14:23:23.992 [main] DEBUG com.vcstax.pageObjects.SettingsTab - Clicked on Roles Manager Link
14:23:24.736 [main] DEBUG com.vcstax.pageObjects.SettingsTab - Clicked on Settings Tab
14:23:25.351 [main] DEBUG com.vcstax.pageObjects.SettingsTab - Clicked on System Configuration Link
14:23:25.956 [main] DEBUG com.vcstax.pageObjects.SettingsTab - Clicked on Settings Tab
14:23:26.558 [main] DEBUG com.vcstax.pageObjects.SettingsTab - Clicked on Text Editor Link
14:23:27.182 [main] DEBUG com.vcstax.pageObjects.SettingsTab - Clicked on Settings Tab
14:23:27.804 [main] DEBUG com.vcstax.pageObjects.SettingsTab - Clicked on User Accounts Manager Link
14:23:30.344 [main] INFO  com.vcstax.testCases.BaseClass - Driver getting closed
14:23:33.489 [main] INFO  com.vcstax.testCases.BaseClass - Chrome Driver Opened
14:23:55.785 [main] INFO  com.vcstax.testCases.BaseClass - Driver getting closed
14:26:52.748 [main] INFO  com.vcstax.testCases.BaseClass - Chrome Driver Opened
14:27:06.666 [main] DEBUG com.vcstax.pageObjects.LoginPage - Clicked on OK to Continue Link
14:27:06.817 [main] DEBUG com.vcstax.pageObjects.LoginPage - User Name Entered
14:27:06.956 [main] DEBUG com.vcstax.pageObjects.LoginPage - Password Entered
14:27:07.081 [main] DEBUG com.vcstax.pageObjects.LoginPage - Clicked on Submit Button
14:27:07.766 [main] DEBUG com.vcstax.pageObjects.ActivityTab - Clicked on Activity Tab
14:27:08.384 [main] DEBUG com.vcstax.pageObjects.ActivityTab - Clicked on collections Link
14:27:09.032 [main] DEBUG com.vcstax.pageObjects.ActivityTab - Clicked on Activity Tab
14:27:09.653 [main] DEBUG com.vcstax.pageObjects.ActivityTab - Clicked on Mail Processing Link
14:27:10.258 [main] DEBUG com.vcstax.pageObjects.ActivityTab - Clicked on Activity Tab
14:27:10.861 [main] DEBUG com.vcstax.pageObjects.ActivityTab - Clicked on Register Reconciliation Link
14:27:11.473 [main] DEBUG com.vcstax.pageObjects.ActivityTab - Clicked on Activity Tab
14:27:12.091 [main] DEBUG com.vcstax.pageObjects.ActivityTab - Clicked on Bankruptcy Cases Link
14:27:12.714 [main] DEBUG com.vcstax.pageObjects.ActivityTab - Clicked on Activity Tab
14:27:13.312 [main] DEBUG com.vcstax.pageObjects.ActivityTab - Clicked on Calculate Revenue Disbursement Link
14:27:13.922 [main] DEBUG com.vcstax.pageObjects.ActivityTab - Clicked on Activity Tab
14:27:14.554 [main] DEBUG com.vcstax.pageObjects.ActivityTab - Clicked on Delinquent Processing Link
14:27:15.160 [main] DEBUG com.vcstax.pageObjects.ActivityTab - Clicked on Activity Tab
14:27:15.761 [main] DEBUG com.vcstax.pageObjects.ActivityTab - Clicked on Mobile Home Digest Link
14:27:16.562 [main] DEBUG com.vcstax.pageObjects.ActivityTab - Clicked on Activity Tab
14:27:17.177 [main] DEBUG com.vcstax.pageObjects.ActivityTab - Clicked on Mortgage Manual Processing Link
14:27:20.375 [main] INFO  com.vcstax.testCases.BaseClass - Driver getting closed
14:27:23.547 [main] INFO  com.vcstax.testCases.BaseClass - Chrome Driver Opened
14:27:26.669 [main] DEBUG com.vcstax.pageObjects.LoginPage - Clicked on OK to Continue Link
14:27:26.821 [main] DEBUG com.vcstax.pageObjects.LoginPage - User Name Entered
14:27:26.956 [main] DEBUG com.vcstax.pageObjects.LoginPage - Password Entered
14:27:27.065 [main] DEBUG com.vcstax.pageObjects.LoginPage - Clicked on Submit Button
14:27:27.732 [main] DEBUG com.vcstax.pageObjects.SettingsTab - Clicked on Settings Tab
14:27:28.345 [main] DEBUG com.vcstax.pageObjects.SettingsTab - Clicked on Annual Configuration Link
14:27:28.969 [main] DEBUG com.vcstax.pageObjects.SettingsTab - Clicked on Settings Tab
14:27:29.597 [main] DEBUG com.vcstax.pageObjects.SettingsTab - Clicked on Product Information Link
14:27:30.210 [main] DEBUG com.vcstax.pageObjects.SettingsTab - Clicked on Settings Tab
14:27:30.834 [main] DEBUG com.vcstax.pageObjects.SettingsTab - Clicked on Release Notes Link
14:27:31.440 [main] DEBUG com.vcstax.pageObjects.SettingsTab - Clicked on Settings Tab
14:27:32.047 [main] DEBUG com.vcstax.pageObjects.SettingsTab - Clicked on Roles Manager Link
14:27:32.856 [main] DEBUG com.vcstax.pageObjects.SettingsTab - Clicked on Settings Tab
14:27:33.467 [main] DEBUG com.vcstax.pageObjects.SettingsTab - Clicked on System Configuration Link
14:27:34.095 [main] DEBUG com.vcstax.pageObjects.SettingsTab - Clicked on Settings Tab
14:27:34.705 [main] DEBUG com.vcstax.pageObjects.SettingsTab - Clicked on Text Editor Link
14:27:35.324 [main] DEBUG com.vcstax.pageObjects.SettingsTab - Clicked on Settings Tab
14:27:35.929 [main] DEBUG com.vcstax.pageObjects.SettingsTab - Clicked on User Accounts Manager Link
14:27:38.892 [main] INFO  com.vcstax.testCases.BaseClass - Driver getting closed
14:27:42.085 [main] INFO  com.vcstax.testCases.BaseClass - Chrome Driver Opened
14:28:10.539 [main] DEBUG com.vcstax.pageObjects.LoginPage - Clicked on OK to Continue Link
14:28:10.667 [main] DEBUG com.vcstax.pageObjects.LoginPage - User Name Entered
14:28:10.812 [main] DEBUG com.vcstax.pageObjects.LoginPage - Password Entered
14:28:10.920 [main] DEBUG com.vcstax.pageObjects.LoginPage - Clicked on Submit Button
14:28:11.712 [main] DEBUG com.vcstax.pageObjects.ToolsTab - Clicked on Tools Tab
14:28:12.325 [main] DEBUG com.vcstax.pageObjects.ToolsTab - Clicked on Bills Link
14:28:14.887 [main] INFO  com.vcstax.testCases.BaseClass - Driver getting closed
14:29:05.109 [main] INFO  com.vcstax.testCases.BaseClass - Chrome Driver Opened
14:29:19.723 [main] DEBUG com.vcstax.pageObjects.LoginPage - Clicked on OK to Continue Link
14:29:19.859 [main] DEBUG com.vcstax.pageObjects.LoginPage - User Name Entered
14:29:19.984 [main] DEBUG com.vcstax.pageObjects.LoginPage - Password Entered
14:29:20.136 [main] DEBUG com.vcstax.pageObjects.LoginPage - Clicked on Submit Button
14:29:20.727 [main] DEBUG com.vcstax.pageObjects.ActivityTab - Clicked on Activity Tab
14:29:21.345 [main] DEBUG com.vcstax.pageObjects.ActivityTab - Clicked on collections Link
14:29:22.000 [main] DEBUG com.vcstax.pageObjects.ActivityTab - Clicked on Activity Tab
14:29:22.625 [main] DEBUG com.vcstax.pageObjects.ActivityTab - Clicked on Mail Processing Link
14:29:23.235 [main] DEBUG com.vcstax.pageObjects.ActivityTab - Clicked on Activity Tab
14:29:23.839 [main] DEBUG com.vcstax.pageObjects.ActivityTab - Clicked on Register Reconciliation Link
14:29:24.475 [main] DEBUG com.vcstax.pageObjects.ActivityTab - Clicked on Activity Tab
14:29:25.086 [main] DEBUG com.vcstax.pageObjects.ActivityTab - Clicked on Bankruptcy Cases Link
14:29:25.704 [main] DEBUG com.vcstax.pageObjects.ActivityTab - Clicked on Activity Tab
14:29:26.303 [main] DEBUG com.vcstax.pageObjects.ActivityTab - Clicked on Calculate Revenue Disbursement Link
14:29:26.908 [main] DEBUG com.vcstax.pageObjects.ActivityTab - Clicked on Activity Tab
14:29:27.510 [main] DEBUG com.vcstax.pageObjects.ActivityTab - Clicked on Delinquent Processing Link
14:29:28.117 [main] DEBUG com.vcstax.pageObjects.ActivityTab - Clicked on Activity Tab
14:29:28.717 [main] DEBUG com.vcstax.pageObjects.ActivityTab - Clicked on Mobile Home Digest Link
14:29:29.423 [main] DEBUG com.vcstax.pageObjects.ActivityTab - Clicked on Activity Tab
14:29:30.036 [main] DEBUG com.vcstax.pageObjects.ActivityTab - Clicked on Mortgage Manual Processing Link
14:29:33.194 [main] INFO  com.vcstax.testCases.BaseClass - Driver getting closed
14:33:17.195 [main] INFO  com.vcstax.testCases.BaseClass - Chrome Driver Opened
14:33:20.886 [main] DEBUG com.vcstax.pageObjects.LoginPage - Clicked on OK to Continue Link
14:33:21.024 [main] DEBUG com.vcstax.pageObjects.LoginPage - User Name Entered
14:33:21.157 [main] DEBUG com.vcstax.pageObjects.LoginPage - Password Entered
14:33:21.285 [main] DEBUG com.vcstax.pageObjects.LoginPage - Clicked on Submit Button
14:33:21.926 [main] DEBUG com.vcstax.pageObjects.ActivityTab - Clicked on Activity Tab
14:33:22.552 [main] DEBUG com.vcstax.pageObjects.ActivityTab - Clicked on collections Link
14:33:23.228 [main] DEBUG com.vcstax.pageObjects.ActivityTab - Clicked on Activity Tab
14:33:23.858 [main] DEBUG com.vcstax.pageObjects.ActivityTab - Clicked on Accessor Change Order Link
14:33:24.477 [main] DEBUG com.vcstax.pageObjects.ActivityTab - Clicked on Activity Tab
14:33:25.099 [main] DEBUG com.vcstax.pageObjects.ActivityTab - Clicked on Calculate Revenue Disbursement Link
14:33:25.711 [main] DEBUG com.vcstax.pageObjects.ActivityTab - Clicked on Activity Tab
14:33:26.330 [main] DEBUG com.vcstax.pageObjects.ActivityTab - Clicked on Mail Processing Link
14:33:26.958 [main] DEBUG com.vcstax.pageObjects.ActivityTab - Clicked on Activity Tab
14:33:27.566 [main] DEBUG com.vcstax.pageObjects.ActivityTab - Clicked on Register Reconciliation Link
14:33:28.179 [main] DEBUG com.vcstax.pageObjects.ActivityTab - Clicked on Activity Tab
14:33:28.799 [main] DEBUG com.vcstax.pageObjects.ActivityTab - Clicked on Apply LateFee Link
14:33:29.427 [main] DEBUG com.vcstax.pageObjects.ActivityTab - Clicked on Activity Tab
14:33:30.055 [main] DEBUG com.vcstax.pageObjects.ActivityTab - Clicked on Bankruptcy Cases Link
14:33:30.694 [main] DEBUG com.vcstax.pageObjects.ActivityTab - Clicked on Activity Tab
14:33:31.313 [main] DEBUG com.vcstax.pageObjects.ActivityTab - Clicked on Delinquent Processing Link
14:33:31.923 [main] DEBUG com.vcstax.pageObjects.ActivityTab - Clicked on Activity Tab
14:33:32.535 [main] DEBUG com.vcstax.pageObjects.ActivityTab - Clicked on Quarterly Billing Link
14:33:33.147 [main] DEBUG com.vcstax.pageObjects.ActivityTab - Clicked on Activity Tab
14:33:33.750 [main] DEBUG com.vcstax.pageObjects.ActivityTab - Clicked on Mobile Home Digest Link
14:33:34.563 [main] DEBUG com.vcstax.pageObjects.ActivityTab - Clicked on Activity Tab
14:33:35.183 [main] DEBUG com.vcstax.pageObjects.ActivityTab - Clicked on Mortgage TaxBill Export Link
14:33:36.229 [main] DEBUG com.vcstax.pageObjects.ActivityTab - Clicked on Activity Tab
14:33:36.972 [main] DEBUG com.vcstax.pageObjects.ActivityTab - Clicked on Mortgage Request Processing Link
14:33:37.577 [main] DEBUG com.vcstax.pageObjects.ActivityTab - Clicked on Activity Tab
14:33:38.179 [main] DEBUG com.vcstax.pageObjects.ActivityTab - Clicked on Real Digest Link
14:33:38.814 [main] DEBUG com.vcstax.pageObjects.ActivityTab - Clicked on Activity Tab
14:33:39.532 [main] DEBUG com.vcstax.pageObjects.ActivityTab - Clicked on Mortgage Payment Processing Link
14:33:42.147 [main] INFO  com.vcstax.testCases.BaseClass - Driver getting closed
14:42:44.276 [main] INFO  com.vcstax.testCases.BaseClass - Chrome Driver Opened
14:42:52.038 [main] DEBUG com.vcstax.pageObjects.LoginPage - Clicked on OK to Continue Link
14:42:52.175 [main] DEBUG com.vcstax.pageObjects.LoginPage - User Name Entered
14:42:52.299 [main] DEBUG com.vcstax.pageObjects.LoginPage - Password Entered
14:42:52.421 [main] DEBUG com.vcstax.pageObjects.LoginPage - Clicked on Submit Button
14:42:53.101 [main] DEBUG com.vcstax.pageObjects.ActivityTab - Clicked on Activity Tab
14:42:53.730 [main] DEBUG com.vcstax.pageObjects.ActivityTab - Clicked on collections Link
14:42:54.405 [main] DEBUG com.vcstax.pageObjects.ActivityTab - Clicked on Activity Tab
14:42:55.030 [main] DEBUG com.vcstax.pageObjects.ActivityTab - Clicked on Accessor Change Order Link
14:42:55.642 [main] DEBUG com.vcstax.pageObjects.ActivityTab - Clicked on Activity Tab
14:42:56.270 [main] DEBUG com.vcstax.pageObjects.ActivityTab - Clicked on Calculate Revenue Disbursement Link
14:42:56.893 [main] DEBUG com.vcstax.pageObjects.ActivityTab - Clicked on Activity Tab
14:42:57.507 [main] DEBUG com.vcstax.pageObjects.ActivityTab - Clicked on Mail Processing Link
14:42:58.169 [main] DEBUG com.vcstax.pageObjects.ActivityTab - Clicked on Activity Tab
14:42:58.773 [main] DEBUG com.vcstax.pageObjects.ActivityTab - Clicked on Register Reconciliation Link
14:42:59.385 [main] DEBUG com.vcstax.pageObjects.ActivityTab - Clicked on Activity Tab
14:43:00.001 [main] DEBUG com.vcstax.pageObjects.ActivityTab - Clicked on Apply LateFee Link
14:43:00.623 [main] DEBUG com.vcstax.pageObjects.ActivityTab - Clicked on Activity Tab
14:43:01.243 [main] DEBUG com.vcstax.pageObjects.ActivityTab - Clicked on Bankruptcy Cases Link
14:43:01.858 [main] DEBUG com.vcstax.pageObjects.ActivityTab - Clicked on Activity Tab
14:43:02.471 [main] DEBUG com.vcstax.pageObjects.ActivityTab - Clicked on Delinquent Processing Link
14:43:03.085 [main] DEBUG com.vcstax.pageObjects.ActivityTab - Clicked on Activity Tab
14:43:03.690 [main] DEBUG com.vcstax.pageObjects.ActivityTab - Clicked on Quarterly Billing Link
14:43:04.310 [main] DEBUG com.vcstax.pageObjects.ActivityTab - Clicked on Activity Tab
14:43:04.917 [main] DEBUG com.vcstax.pageObjects.ActivityTab - Clicked on Mobile Home Digest Link
14:43:05.810 [main] DEBUG com.vcstax.pageObjects.ActivityTab - Clicked on Activity Tab
14:43:06.419 [main] DEBUG com.vcstax.pageObjects.ActivityTab - Clicked on Mortgage TaxBill Export Link
14:43:07.517 [main] DEBUG com.vcstax.pageObjects.ActivityTab - Clicked on Activity Tab
14:43:08.254 [main] DEBUG com.vcstax.pageObjects.ActivityTab - Clicked on Mortgage Request Processing Link
14:43:08.861 [main] DEBUG com.vcstax.pageObjects.ActivityTab - Clicked on Activity Tab
14:43:09.467 [main] DEBUG com.vcstax.pageObjects.ActivityTab - Clicked on Real Digest Link
14:43:10.093 [main] DEBUG com.vcstax.pageObjects.ActivityTab - Clicked on Activity Tab
14:43:10.823 [main] DEBUG com.vcstax.pageObjects.ActivityTab - Clicked on Mortgage Payment Processing Link
14:43:13.443 [main] INFO  com.vcstax.testCases.BaseClass - Driver getting closed
14:47:03.583 [main] INFO  com.vcstax.testCases.BaseClass - Chrome Driver Opened
14:47:08.046 [main] DEBUG com.vcstax.pageObjects.LoginPage - Clicked on OK to Continue Link
14:47:08.179 [main] DEBUG com.vcstax.pageObjects.LoginPage - User Name Entered
14:47:08.315 [main] DEBUG com.vcstax.pageObjects.LoginPage - Password Entered
14:47:08.446 [main] DEBUG com.vcstax.pageObjects.LoginPage - Clicked on Submit Button
14:47:09.464 [main] DEBUG com.vcstax.pageObjects.ActivityTab - Clicked on Activity Tab
14:47:10.096 [main] DEBUG com.vcstax.pageObjects.ActivityTab - Clicked on collections Link
14:47:10.767 [main] DEBUG com.vcstax.pageObjects.ActivityTab - Clicked on Activity Tab
14:47:11.388 [main] DEBUG com.vcstax.pageObjects.ActivityTab - Clicked on Accessor Change Order Link
14:47:12.015 [main] DEBUG com.vcstax.pageObjects.ActivityTab - Clicked on Activity Tab
14:47:12.635 [main] DEBUG com.vcstax.pageObjects.ActivityTab - Clicked on Calculate Revenue Disbursement Link
14:47:13.243 [main] DEBUG com.vcstax.pageObjects.ActivityTab - Clicked on Activity Tab
14:47:13.847 [main] DEBUG com.vcstax.pageObjects.ActivityTab - Clicked on Mail Processing Link
14:47:14.467 [main] DEBUG com.vcstax.pageObjects.ActivityTab - Clicked on Activity Tab
14:47:15.073 [main] DEBUG com.vcstax.pageObjects.ActivityTab - Clicked on Register Reconciliation Link
14:47:15.680 [main] DEBUG com.vcstax.pageObjects.ActivityTab - Clicked on Activity Tab
14:47:16.291 [main] DEBUG com.vcstax.pageObjects.ActivityTab - Clicked on Apply LateFee Link
14:47:16.897 [main] DEBUG com.vcstax.pageObjects.ActivityTab - Clicked on Activity Tab
14:47:17.551 [main] DEBUG com.vcstax.pageObjects.ActivityTab - Clicked on Bankruptcy Cases Link
14:47:18.191 [main] DEBUG com.vcstax.pageObjects.ActivityTab - Clicked on Activity Tab
14:47:18.797 [main] DEBUG com.vcstax.pageObjects.ActivityTab - Clicked on Delinquent Processing Link
14:47:19.398 [main] DEBUG com.vcstax.pageObjects.ActivityTab - Clicked on Activity Tab
14:47:20.000 [main] DEBUG com.vcstax.pageObjects.ActivityTab - Clicked on Quarterly Billing Link
14:47:20.644 [main] DEBUG com.vcstax.pageObjects.ActivityTab - Clicked on Activity Tab
14:47:21.258 [main] DEBUG com.vcstax.pageObjects.ActivityTab - Clicked on Mobile Home Digest Link
14:47:22.020 [main] DEBUG com.vcstax.pageObjects.ActivityTab - Clicked on Activity Tab
14:47:22.633 [main] DEBUG com.vcstax.pageObjects.ActivityTab - Clicked on Mortgage TaxBill Export Link
14:47:23.630 [main] DEBUG com.vcstax.pageObjects.ActivityTab - Clicked on Activity Tab
14:47:24.351 [main] DEBUG com.vcstax.pageObjects.ActivityTab - Clicked on Mortgage Request Processing Link
14:47:24.962 [main] DEBUG com.vcstax.pageObjects.ActivityTab - Clicked on Activity Tab
14:47:25.563 [main] DEBUG com.vcstax.pageObjects.ActivityTab - Clicked on Real Digest Link
14:47:26.181 [main] DEBUG com.vcstax.pageObjects.ActivityTab - Clicked on Activity Tab
14:47:26.896 [main] DEBUG com.vcstax.pageObjects.ActivityTab - Clicked on Mortgage Payment Processing Link
14:47:29.516 [main] INFO  com.vcstax.testCases.BaseClass - Driver getting closed
14:51:42.623 [main] INFO  com.vcstax.testCases.BaseClass - Chrome Driver Opened
14:51:49.469 [main] DEBUG com.vcstax.pageObjects.LoginPage - Clicked on OK to Continue Link
14:51:49.622 [main] DEBUG com.vcstax.pageObjects.LoginPage - User Name Entered
14:51:49.780 [main] DEBUG com.vcstax.pageObjects.LoginPage - Password Entered
14:51:49.916 [main] DEBUG com.vcstax.pageObjects.LoginPage - Clicked on Submit Button
14:51:50.664 [main] DEBUG com.vcstax.pageObjects.ActivityTab - Clicked on Activity Tab
14:51:51.299 [main] DEBUG com.vcstax.pageObjects.ActivityTab - Clicked on collections Link
14:51:52.005 [main] DEBUG com.vcstax.pageObjects.ActivityTab - Clicked on Activity Tab
14:51:52.633 [main] DEBUG com.vcstax.pageObjects.ActivityTab - Clicked on Accessor Change Order Link
14:51:53.254 [main] DEBUG com.vcstax.pageObjects.ActivityTab - Clicked on Activity Tab
14:51:53.868 [main] DEBUG com.vcstax.pageObjects.ActivityTab - Clicked on Calculate Revenue Disbursement Link
14:51:54.488 [main] DEBUG com.vcstax.pageObjects.ActivityTab - Clicked on Activity Tab
14:51:55.098 [main] DEBUG com.vcstax.pageObjects.ActivityTab - Clicked on Mail Processing Link
14:51:55.716 [main] DEBUG com.vcstax.pageObjects.ActivityTab - Clicked on Activity Tab
14:51:56.376 [main] DEBUG com.vcstax.pageObjects.ActivityTab - Clicked on Register Reconciliation Link
14:51:57.001 [main] DEBUG com.vcstax.pageObjects.ActivityTab - Clicked on Activity Tab
14:51:57.618 [main] DEBUG com.vcstax.pageObjects.ActivityTab - Clicked on Apply LateFee Link
14:51:58.235 [main] DEBUG com.vcstax.pageObjects.ActivityTab - Clicked on Activity Tab
14:51:58.845 [main] DEBUG com.vcstax.pageObjects.ActivityTab - Clicked on Bankruptcy Cases Link
14:51:59.465 [main] DEBUG com.vcstax.pageObjects.ActivityTab - Clicked on Activity Tab
14:52:00.073 [main] DEBUG com.vcstax.pageObjects.ActivityTab - Clicked on Delinquent Processing Link
14:52:00.680 [main] DEBUG com.vcstax.pageObjects.ActivityTab - Clicked on Activity Tab
14:52:01.289 [main] DEBUG com.vcstax.pageObjects.ActivityTab - Clicked on Quarterly Billing Link
14:52:01.970 [main] DEBUG com.vcstax.pageObjects.ActivityTab - Clicked on Activity Tab
14:52:02.580 [main] DEBUG com.vcstax.pageObjects.ActivityTab - Clicked on Mobile Home Digest Link
14:52:03.372 [main] DEBUG com.vcstax.pageObjects.ActivityTab - Clicked on Activity Tab
14:52:03.980 [main] DEBUG com.vcstax.pageObjects.ActivityTab - Clicked on Mortgage TaxBill Export Link
14:52:05.119 [main] DEBUG com.vcstax.pageObjects.ActivityTab - Clicked on Activity Tab
14:52:05.856 [main] DEBUG com.vcstax.pageObjects.ActivityTab - Clicked on Mortgage Request Processing Link
14:52:06.468 [main] DEBUG com.vcstax.pageObjects.ActivityTab - Clicked on Activity Tab
14:52:07.080 [main] DEBUG com.vcstax.pageObjects.ActivityTab - Clicked on Real Digest Link
14:52:07.718 [main] DEBUG com.vcstax.pageObjects.ActivityTab - Clicked on Activity Tab
14:52:08.442 [main] DEBUG com.vcstax.pageObjects.ActivityTab - Clicked on Mortgage Payment Processing Link
14:52:11.089 [main] INFO  com.vcstax.testCases.BaseClass - Driver getting closed
14:54:11.435 [main] INFO  com.vcstax.testCases.BaseClass - Chrome Driver Opened
14:54:15.244 [main] DEBUG com.vcstax.pageObjects.LoginPage - Clicked on OK to Continue Link
14:54:15.374 [main] DEBUG com.vcstax.pageObjects.LoginPage - User Name Entered
14:54:15.492 [main] DEBUG com.vcstax.pageObjects.LoginPage - Password Entered
14:54:15.613 [main] DEBUG com.vcstax.pageObjects.LoginPage - Clicked on Submit Button
14:54:16.214 [main] DEBUG com.vcstax.pageObjects.ActivityTab - Clicked on Activity Tab
14:54:16.838 [main] DEBUG com.vcstax.pageObjects.ActivityTab - Clicked on collections Link
14:54:17.514 [main] DEBUG com.vcstax.pageObjects.ActivityTab - Clicked on Activity Tab
14:54:18.134 [main] DEBUG com.vcstax.pageObjects.ActivityTab - Clicked on Accessor Change Order Link
14:54:18.746 [main] DEBUG com.vcstax.pageObjects.ActivityTab - Clicked on Activity Tab
14:54:19.353 [main] DEBUG com.vcstax.pageObjects.ActivityTab - Clicked on Calculate Revenue Disbursement Link
14:54:19.964 [main] DEBUG com.vcstax.pageObjects.ActivityTab - Clicked on Activity Tab
14:54:20.582 [main] DEBUG com.vcstax.pageObjects.ActivityTab - Clicked on Mail Processing Link
14:54:21.210 [main] DEBUG com.vcstax.pageObjects.ActivityTab - Clicked on Activity Tab
14:54:21.854 [main] DEBUG com.vcstax.pageObjects.ActivityTab - Clicked on Register Reconciliation Link
14:54:22.465 [main] DEBUG com.vcstax.pageObjects.ActivityTab - Clicked on Activity Tab
14:54:23.081 [main] DEBUG com.vcstax.pageObjects.ActivityTab - Clicked on Apply LateFee Link
14:54:23.701 [main] DEBUG com.vcstax.pageObjects.ActivityTab - Clicked on Activity Tab
14:54:24.342 [main] DEBUG com.vcstax.pageObjects.ActivityTab - Clicked on Bankruptcy Cases Link
14:54:24.960 [main] DEBUG com.vcstax.pageObjects.ActivityTab - Clicked on Activity Tab
14:54:25.567 [main] DEBUG com.vcstax.pageObjects.ActivityTab - Clicked on Delinquent Processing Link
14:54:26.175 [main] DEBUG com.vcstax.pageObjects.ActivityTab - Clicked on Activity Tab
14:54:26.776 [main] DEBUG com.vcstax.pageObjects.ActivityTab - Clicked on Quarterly Billing Link
14:54:27.398 [main] DEBUG com.vcstax.pageObjects.ActivityTab - Clicked on Activity Tab
14:54:28.009 [main] DEBUG com.vcstax.pageObjects.ActivityTab - Clicked on Mobile Home Digest Link
14:54:28.665 [main] DEBUG com.vcstax.pageObjects.ActivityTab - Clicked on Activity Tab
14:54:29.274 [main] DEBUG com.vcstax.pageObjects.ActivityTab - Clicked on Mortgage TaxBill Export Link
14:54:30.279 [main] DEBUG com.vcstax.pageObjects.ActivityTab - Clicked on Activity Tab
14:54:31.086 [main] DEBUG com.vcstax.pageObjects.ActivityTab - Clicked on Mortgage Request Processing Link
14:54:31.698 [main] DEBUG com.vcstax.pageObjects.ActivityTab - Clicked on Activity Tab
14:54:32.309 [main] DEBUG com.vcstax.pageObjects.ActivityTab - Clicked on Real Digest Link
14:54:32.943 [main] DEBUG com.vcstax.pageObjects.ActivityTab - Clicked on Activity Tab
14:54:33.681 [main] DEBUG com.vcstax.pageObjects.ActivityTab - Clicked on Mortgage Payment Processing Link
14:54:36.301 [main] INFO  com.vcstax.testCases.BaseClass - Driver getting closed
15:02:56.693 [main] INFO  com.vcstax.testCases.BaseClass - Chrome Driver Opened
15:03:00.721 [main] DEBUG com.vcstax.pageObjects.LoginPage - Clicked on OK to Continue Link
15:03:00.871 [main] DEBUG com.vcstax.pageObjects.LoginPage - User Name Entered
15:03:01.003 [main] DEBUG com.vcstax.pageObjects.LoginPage - Password Entered
15:03:01.134 [main] DEBUG com.vcstax.pageObjects.LoginPage - Clicked on Submit Button
15:03:01.790 [main] DEBUG com.vcstax.pageObjects.ActivityTab - Clicked on Activity Tab
15:03:02.407 [main] DEBUG com.vcstax.pageObjects.ActivityTab - Clicked on collections Link
15:03:03.080 [main] DEBUG com.vcstax.pageObjects.ActivityTab - Clicked on Activity Tab
15:03:03.702 [main] DEBUG com.vcstax.pageObjects.ActivityTab - Clicked on Accessor Change Order Link
15:03:04.330 [main] DEBUG com.vcstax.pageObjects.ActivityTab - Clicked on Activity Tab
15:03:04.945 [main] DEBUG com.vcstax.pageObjects.ActivityTab - Clicked on Calculate Revenue Disbursement Link
15:03:05.560 [main] DEBUG com.vcstax.pageObjects.ActivityTab - Clicked on Activity Tab
15:03:06.171 [main] DEBUG com.vcstax.pageObjects.ActivityTab - Clicked on Mail Processing Link
15:03:06.804 [main] DEBUG com.vcstax.pageObjects.ActivityTab - Clicked on Activity Tab
15:03:07.403 [main] DEBUG com.vcstax.pageObjects.ActivityTab - Clicked on Register Reconciliation Link
15:03:08.009 [main] DEBUG com.vcstax.pageObjects.ActivityTab - Clicked on Activity Tab
15:03:08.622 [main] DEBUG com.vcstax.pageObjects.ActivityTab - Clicked on Apply LateFee Link
15:03:09.227 [main] DEBUG com.vcstax.pageObjects.ActivityTab - Clicked on Activity Tab
15:03:09.838 [main] DEBUG com.vcstax.pageObjects.ActivityTab - Clicked on Bankruptcy Cases Link
15:03:10.462 [main] DEBUG com.vcstax.pageObjects.ActivityTab - Clicked on Activity Tab
15:03:11.067 [main] DEBUG com.vcstax.pageObjects.ActivityTab - Clicked on Delinquent Processing Link
15:03:11.675 [main] DEBUG com.vcstax.pageObjects.ActivityTab - Clicked on Activity Tab
15:03:12.278 [main] DEBUG com.vcstax.pageObjects.ActivityTab - Clicked on Quarterly Billing Link
15:03:13.011 [main] DEBUG com.vcstax.pageObjects.ActivityTab - Clicked on Activity Tab
15:03:13.620 [main] DEBUG com.vcstax.pageObjects.ActivityTab - Clicked on Mobile Home Digest Link
15:03:14.446 [main] DEBUG com.vcstax.pageObjects.ActivityTab - Clicked on Activity Tab
15:03:15.053 [main] DEBUG com.vcstax.pageObjects.ActivityTab - Clicked on Mortgage TaxBill Export Link
15:03:16.039 [main] DEBUG com.vcstax.pageObjects.ActivityTab - Clicked on Activity Tab
15:03:16.763 [main] DEBUG com.vcstax.pageObjects.ActivityTab - Clicked on Mortgage Request Processing Link
15:03:17.374 [main] DEBUG com.vcstax.pageObjects.ActivityTab - Clicked on Activity Tab
15:03:17.977 [main] DEBUG com.vcstax.pageObjects.ActivityTab - Clicked on Real Digest Link
15:03:18.596 [main] DEBUG com.vcstax.pageObjects.ActivityTab - Clicked on Activity Tab
15:03:19.308 [main] DEBUG com.vcstax.pageObjects.ActivityTab - Clicked on Mortgage Payment Processing Link
15:03:21.931 [main] INFO  com.vcstax.testCases.BaseClass - Driver getting closed
15:13:25.946 [main] INFO  com.vcstax.testCases.BaseClass - Chrome Driver Opened
15:13:34.129 [main] DEBUG com.vcstax.pageObjects.LoginPage - Clicked on OK to Continue Link
15:13:34.383 [main] DEBUG com.vcstax.pageObjects.LoginPage - User Name Entered
15:13:34.571 [main] DEBUG com.vcstax.pageObjects.LoginPage - Password Entered
15:13:34.749 [main] DEBUG com.vcstax.pageObjects.LoginPage - Clicked on Submit Button
15:13:35.698 [main] DEBUG com.vcstax.pageObjects.ActivityTab - Clicked on Activity Tab
15:13:36.333 [main] DEBUG com.vcstax.pageObjects.ActivityTab - Clicked on collections Link
15:13:37.119 [main] DEBUG com.vcstax.pageObjects.ActivityTab - Clicked on Activity Tab
15:13:37.748 [main] DEBUG com.vcstax.pageObjects.ActivityTab - Clicked on Accessor Change Order Link
15:13:38.666 [main] DEBUG com.vcstax.pageObjects.ActivityTab - Clicked on Activity Tab
15:13:39.294 [main] DEBUG com.vcstax.pageObjects.ActivityTab - Clicked on Calculate Revenue Disbursement Link
15:13:39.916 [main] DEBUG com.vcstax.pageObjects.ActivityTab - Clicked on Activity Tab
15:13:40.538 [main] DEBUG com.vcstax.pageObjects.ActivityTab - Clicked on Mail Processing Link
15:13:41.180 [main] DEBUG com.vcstax.pageObjects.ActivityTab - Clicked on Activity Tab
15:13:41.789 [main] DEBUG com.vcstax.pageObjects.ActivityTab - Clicked on Register Reconciliation Link
15:13:42.433 [main] DEBUG com.vcstax.pageObjects.ActivityTab - Clicked on Activity Tab
15:13:43.049 [main] DEBUG com.vcstax.pageObjects.ActivityTab - Clicked on Apply LateFee Link
15:13:43.700 [main] DEBUG com.vcstax.pageObjects.ActivityTab - Clicked on Activity Tab
15:13:44.316 [main] DEBUG com.vcstax.pageObjects.ActivityTab - Clicked on Bankruptcy Cases Link
15:13:44.953 [main] DEBUG com.vcstax.pageObjects.ActivityTab - Clicked on Activity Tab
15:13:45.568 [main] DEBUG com.vcstax.pageObjects.ActivityTab - Clicked on Delinquent Processing Link
15:13:46.180 [main] DEBUG com.vcstax.pageObjects.ActivityTab - Clicked on Activity Tab
15:13:46.796 [main] DEBUG com.vcstax.pageObjects.ActivityTab - Clicked on Quarterly Billing Link
15:13:47.639 [main] DEBUG com.vcstax.pageObjects.ActivityTab - Clicked on Activity Tab
15:13:48.259 [main] DEBUG com.vcstax.pageObjects.ActivityTab - Clicked on Mobile Home Digest Link
15:13:49.030 [main] DEBUG com.vcstax.pageObjects.ActivityTab - Clicked on Activity Tab
15:13:49.723 [main] DEBUG com.vcstax.pageObjects.ActivityTab - Clicked on Mortgage TaxBill Export Link
15:13:50.359 [main] DEBUG com.vcstax.pageObjects.ActivityTab - Clicked on Activity Tab
15:13:51.793 [main] DEBUG com.vcstax.pageObjects.ActivityTab - Clicked on Mortgage Request Processing Link
15:13:52.429 [main] DEBUG com.vcstax.pageObjects.ActivityTab - Clicked on Activity Tab
15:13:53.047 [main] DEBUG com.vcstax.pageObjects.ActivityTab - Clicked on Real Digest Link
15:13:54.030 [main] DEBUG com.vcstax.pageObjects.ActivityTab - Clicked on Activity Tab
15:13:54.787 [main] DEBUG com.vcstax.pageObjects.ActivityTab - Clicked on Mortgage Payment Processing Link
15:13:58.058 [main] INFO  com.vcstax.testCases.BaseClass - Driver getting closed
15:21:31.739 [main] INFO  com.vcstax.testCases.BaseClass - Chrome Driver Opened
15:21:50.523 [main] DEBUG com.vcstax.pageObjects.LoginPage - Clicked on OK to Continue Link
15:21:50.666 [main] DEBUG com.vcstax.pageObjects.LoginPage - User Name Entered
15:21:50.814 [main] DEBUG com.vcstax.pageObjects.LoginPage - Password Entered
15:21:50.949 [main] DEBUG com.vcstax.pageObjects.LoginPage - Clicked on Submit Button
15:21:51.815 [main] DEBUG com.vcstax.pageObjects.ActivityTab - Clicked on Activity Tab
15:21:52.441 [main] DEBUG com.vcstax.pageObjects.ActivityTab - Clicked on collections Link
15:21:53.114 [main] DEBUG com.vcstax.pageObjects.ActivityTab - Clicked on Activity Tab
15:21:53.752 [main] DEBUG com.vcstax.pageObjects.ActivityTab - Clicked on Accessor Change Order Link
15:21:54.552 [main] DEBUG com.vcstax.pageObjects.ActivityTab - Clicked on Activity Tab
15:21:55.185 [main] DEBUG com.vcstax.pageObjects.ActivityTab - Clicked on Calculate Revenue Disbursement Link
15:21:55.830 [main] DEBUG com.vcstax.pageObjects.ActivityTab - Clicked on Activity Tab
15:21:56.450 [main] DEBUG com.vcstax.pageObjects.ActivityTab - Clicked on Mail Processing Link
15:21:57.103 [main] DEBUG com.vcstax.pageObjects.ActivityTab - Clicked on Activity Tab
15:21:57.732 [main] DEBUG com.vcstax.pageObjects.ActivityTab - Clicked on Register Reconciliation Link
15:21:58.351 [main] DEBUG com.vcstax.pageObjects.ActivityTab - Clicked on Activity Tab
15:21:58.974 [main] DEBUG com.vcstax.pageObjects.ActivityTab - Clicked on Apply LateFee Link
15:21:59.595 [main] DEBUG com.vcstax.pageObjects.ActivityTab - Clicked on Activity Tab
15:22:00.208 [main] DEBUG com.vcstax.pageObjects.ActivityTab - Clicked on Bankruptcy Cases Link
15:22:00.851 [main] DEBUG com.vcstax.pageObjects.ActivityTab - Clicked on Activity Tab
15:22:01.490 [main] DEBUG com.vcstax.pageObjects.ActivityTab - Clicked on Delinquent Processing Link
15:22:02.117 [main] DEBUG com.vcstax.pageObjects.ActivityTab - Clicked on Activity Tab
15:22:02.736 [main] DEBUG com.vcstax.pageObjects.ActivityTab - Clicked on Quarterly Billing Link
15:22:03.379 [main] DEBUG com.vcstax.pageObjects.ActivityTab - Clicked on Activity Tab
15:22:04.001 [main] DEBUG com.vcstax.pageObjects.ActivityTab - Clicked on Mobile Home Digest Link
15:22:04.702 [main] DEBUG com.vcstax.pageObjects.ActivityTab - Clicked on Activity Tab
15:22:05.399 [main] DEBUG com.vcstax.pageObjects.ActivityTab - Clicked on Mortgage TaxBill Export Link
15:22:06.315 [main] DEBUG com.vcstax.pageObjects.ActivityTab - Clicked on Activity Tab
15:22:07.237 [main] DEBUG com.vcstax.pageObjects.ActivityTab - Clicked on Mortgage Request Processing Link
15:22:07.879 [main] DEBUG com.vcstax.pageObjects.ActivityTab - Clicked on Activity Tab
15:22:08.499 [main] DEBUG com.vcstax.pageObjects.ActivityTab - Clicked on Real Digest Link
15:22:09.179 [main] DEBUG com.vcstax.pageObjects.ActivityTab - Clicked on Activity Tab
15:22:09.897 [main] DEBUG com.vcstax.pageObjects.ActivityTab - Clicked on Mortgage Payment Processing Link
15:22:12.580 [main] INFO  com.vcstax.testCases.BaseClass - Driver getting closed
15:25:41.289 [main] INFO  com.vcstax.testCases.BaseClass - Chrome Driver Opened
15:25:48.205 [main] DEBUG com.vcstax.pageObjects.LoginPage - Clicked on OK to Continue Link
15:25:48.352 [main] DEBUG com.vcstax.pageObjects.LoginPage - User Name Entered
15:25:48.495 [main] DEBUG com.vcstax.pageObjects.LoginPage - Password Entered
15:25:48.628 [main] DEBUG com.vcstax.pageObjects.LoginPage - Clicked on Submit Button
15:25:49.050 [main] DEBUG com.vcstax.pageObjects.ActivityTab - Clicked on Activity Tab
15:25:49.690 [main] DEBUG com.vcstax.pageObjects.ActivityTab - Clicked on collections Link
15:25:50.434 [main] DEBUG com.vcstax.pageObjects.ActivityTab - Clicked on Activity Tab
15:25:51.068 [main] DEBUG com.vcstax.pageObjects.ActivityTab - Clicked on Accessor Change Order Link
15:25:51.786 [main] DEBUG com.vcstax.pageObjects.ActivityTab - Clicked on Activity Tab
15:25:52.400 [main] DEBUG com.vcstax.pageObjects.ActivityTab - Clicked on Calculate Revenue Disbursement Link
15:25:53.021 [main] DEBUG com.vcstax.pageObjects.ActivityTab - Clicked on Activity Tab
15:25:53.658 [main] DEBUG com.vcstax.pageObjects.ActivityTab - Clicked on Mail Processing Link
15:25:54.306 [main] DEBUG com.vcstax.pageObjects.ActivityTab - Clicked on Activity Tab
15:25:54.961 [main] DEBUG com.vcstax.pageObjects.ActivityTab - Clicked on Register Reconciliation Link
15:25:55.629 [main] DEBUG com.vcstax.pageObjects.ActivityTab - Clicked on Activity Tab
15:25:56.273 [main] DEBUG com.vcstax.pageObjects.ActivityTab - Clicked on Apply LateFee Link
15:25:56.917 [main] DEBUG com.vcstax.pageObjects.ActivityTab - Clicked on Activity Tab
15:25:57.566 [main] DEBUG com.vcstax.pageObjects.ActivityTab - Clicked on Bankruptcy Cases Link
15:25:58.206 [main] DEBUG com.vcstax.pageObjects.ActivityTab - Clicked on Activity Tab
15:25:58.815 [main] DEBUG com.vcstax.pageObjects.ActivityTab - Clicked on Delinquent Processing Link
15:25:59.438 [main] DEBUG com.vcstax.pageObjects.ActivityTab - Clicked on Activity Tab
15:26:00.048 [main] DEBUG com.vcstax.pageObjects.ActivityTab - Clicked on Quarterly Billing Link
15:26:00.768 [main] DEBUG com.vcstax.pageObjects.ActivityTab - Clicked on Activity Tab
15:26:01.396 [main] DEBUG com.vcstax.pageObjects.ActivityTab - Clicked on Mobile Home Digest Link
15:26:02.089 [main] DEBUG com.vcstax.pageObjects.ActivityTab - Clicked on Activity Tab
15:26:02.702 [main] DEBUG com.vcstax.pageObjects.ActivityTab - Clicked on Mortgage TaxBill Export Link
15:26:03.808 [main] DEBUG com.vcstax.pageObjects.ActivityTab - Clicked on Activity Tab
15:26:04.552 [main] DEBUG com.vcstax.pageObjects.ActivityTab - Clicked on Mortgage Request Processing Link
15:26:05.167 [main] DEBUG com.vcstax.pageObjects.ActivityTab - Clicked on Activity Tab
15:26:05.777 [main] DEBUG com.vcstax.pageObjects.ActivityTab - Clicked on Real Digest Link
15:26:06.506 [main] DEBUG com.vcstax.pageObjects.ActivityTab - Clicked on Activity Tab
15:26:07.215 [main] DEBUG com.vcstax.pageObjects.ActivityTab - Clicked on Mortgage Payment Processing Link
15:26:10.216 [main] INFO  com.vcstax.testCases.BaseClass - Driver getting closed
15:29:26.531 [main] INFO  com.vcstax.testCases.BaseClass - Chrome Driver Opened
15:29:41.629 [main] DEBUG com.vcstax.pageObjects.LoginPage - Clicked on OK to Continue Link
15:29:41.782 [main] DEBUG com.vcstax.pageObjects.LoginPage - User Name Entered
15:29:41.923 [main] DEBUG com.vcstax.pageObjects.LoginPage - Password Entered
15:29:42.056 [main] DEBUG com.vcstax.pageObjects.LoginPage - Clicked on Submit Button
15:29:46.015 [main] DEBUG com.vcstax.pageObjects.ActivityTab - Clicked on Activity Tab
15:29:46.663 [main] DEBUG com.vcstax.pageObjects.ActivityTab - Clicked on collections Link
15:29:47.346 [main] DEBUG com.vcstax.pageObjects.ActivityTab - Clicked on Activity Tab
15:29:47.961 [main] DEBUG com.vcstax.pageObjects.ActivityTab - Clicked on Accessor Change Order Link
15:29:48.795 [main] DEBUG com.vcstax.pageObjects.ActivityTab - Clicked on Activity Tab
15:29:49.418 [main] DEBUG com.vcstax.pageObjects.ActivityTab - Clicked on Calculate Revenue Disbursement Link
15:29:50.058 [main] DEBUG com.vcstax.pageObjects.ActivityTab - Clicked on Activity Tab
15:29:50.686 [main] DEBUG com.vcstax.pageObjects.ActivityTab - Clicked on Mail Processing Link
15:29:51.362 [main] DEBUG com.vcstax.pageObjects.ActivityTab - Clicked on Activity Tab
15:29:51.986 [main] DEBUG com.vcstax.pageObjects.ActivityTab - Clicked on Register Reconciliation Link
15:29:52.612 [main] DEBUG com.vcstax.pageObjects.ActivityTab - Clicked on Activity Tab
15:29:53.231 [main] DEBUG com.vcstax.pageObjects.ActivityTab - Clicked on Apply LateFee Link
15:29:53.909 [main] DEBUG com.vcstax.pageObjects.ActivityTab - Clicked on Activity Tab
15:29:54.554 [main] DEBUG com.vcstax.pageObjects.ActivityTab - Clicked on Bankruptcy Cases Link
15:29:55.218 [main] DEBUG com.vcstax.pageObjects.ActivityTab - Clicked on Activity Tab
15:29:55.853 [main] DEBUG com.vcstax.pageObjects.ActivityTab - Clicked on Delinquent Processing Link
15:29:56.476 [main] DEBUG com.vcstax.pageObjects.ActivityTab - Clicked on Activity Tab
15:29:57.103 [main] DEBUG com.vcstax.pageObjects.ActivityTab - Clicked on Quarterly Billing Link
15:29:58.069 [main] DEBUG com.vcstax.pageObjects.ActivityTab - Clicked on Activity Tab
15:29:58.704 [main] DEBUG com.vcstax.pageObjects.ActivityTab - Clicked on Mobile Home Digest Link
15:29:59.541 [main] DEBUG com.vcstax.pageObjects.ActivityTab - Clicked on Activity Tab
15:30:00.160 [main] DEBUG com.vcstax.pageObjects.ActivityTab - Clicked on Mortgage TaxBill Export Link
15:30:01.344 [main] DEBUG com.vcstax.pageObjects.ActivityTab - Clicked on Activity Tab
15:30:02.079 [main] DEBUG com.vcstax.pageObjects.ActivityTab - Clicked on Mortgage Request Processing Link
15:30:02.696 [main] DEBUG com.vcstax.pageObjects.ActivityTab - Clicked on Activity Tab
15:30:03.330 [main] DEBUG com.vcstax.pageObjects.ActivityTab - Clicked on Real Digest Link
15:30:04.107 [main] DEBUG com.vcstax.pageObjects.ActivityTab - Clicked on Activity Tab
15:30:04.815 [main] DEBUG com.vcstax.pageObjects.ActivityTab - Clicked on Mortgage Payment Processing Link
15:30:10.719 [main] INFO  com.vcstax.testCases.BaseClass - Driver getting closed
15:34:18.753 [main] INFO  com.vcstax.testCases.BaseClass - Chrome Driver Opened
15:35:42.430 [main] INFO  com.vcstax.testCases.BaseClass - Driver getting closed
16:06:24.393 [main] INFO  com.vcstax.testCases.BaseClass - Chrome Driver Opened
16:06:33.655 [main] DEBUG com.vcstax.pageObjects.LoginPage - Clicked on OK to Continue Link
16:06:33.836 [main] DEBUG com.vcstax.pageObjects.LoginPage - User Name Entered
16:06:34.003 [main] DEBUG com.vcstax.pageObjects.LoginPage - Password Entered
16:06:34.154 [main] DEBUG com.vcstax.pageObjects.LoginPage - Clicked on Submit Button
16:07:51.942 [main] INFO  com.vcstax.testCases.BaseClass - Driver getting closed
16:28:54.206 [main] INFO  com.vcstax.testCases.BaseClass - Chrome Driver Opened
16:29:00.672 [main] DEBUG com.vcstax.pageObjects.LoginPage - Clicked on OK to Continue Link
16:29:00.840 [main] DEBUG com.vcstax.pageObjects.LoginPage - User Name Entered
16:29:01.009 [main] DEBUG com.vcstax.pageObjects.LoginPage - Password Entered
16:29:01.162 [main] DEBUG com.vcstax.pageObjects.LoginPage - Clicked on Submit Button
16:29:02.017 [main] DEBUG com.vcstax.pageObjects.ActivityTab - Clicked on Activity Tab
16:29:02.695 [main] DEBUG com.vcstax.pageObjects.ActivityTab - Clicked on collections Link
16:29:03.443 [main] DEBUG com.vcstax.pageObjects.ActivityTab - Clicked on Activity Tab
16:29:04.086 [main] DEBUG com.vcstax.pageObjects.ActivityTab - Clicked on Accessor Change Order Link
16:29:04.857 [main] DEBUG com.vcstax.pageObjects.ActivityTab - Clicked on Activity Tab
16:29:05.498 [main] DEBUG com.vcstax.pageObjects.ActivityTab - Clicked on Calculate Revenue Disbursement Link
16:29:06.138 [main] DEBUG com.vcstax.pageObjects.ActivityTab - Clicked on Activity Tab
16:29:06.774 [main] DEBUG com.vcstax.pageObjects.ActivityTab - Clicked on Mail Processing Link
16:29:07.485 [main] DEBUG com.vcstax.pageObjects.ActivityTab - Clicked on Activity Tab
16:29:08.118 [main] DEBUG com.vcstax.pageObjects.ActivityTab - Clicked on Register Reconciliation Link
16:29:08.758 [main] DEBUG com.vcstax.pageObjects.ActivityTab - Clicked on Activity Tab
16:29:09.398 [main] DEBUG com.vcstax.pageObjects.ActivityTab - Clicked on Apply LateFee Link
16:29:10.035 [main] DEBUG com.vcstax.pageObjects.ActivityTab - Clicked on Activity Tab
16:29:10.685 [main] DEBUG com.vcstax.pageObjects.ActivityTab - Clicked on Bankruptcy Cases Link
16:29:11.351 [main] DEBUG com.vcstax.pageObjects.ActivityTab - Clicked on Activity Tab
16:29:11.983 [main] DEBUG com.vcstax.pageObjects.ActivityTab - Clicked on Delinquent Processing Link
16:29:12.620 [main] DEBUG com.vcstax.pageObjects.ActivityTab - Clicked on Activity Tab
16:29:13.250 [main] DEBUG com.vcstax.pageObjects.ActivityTab - Clicked on Quarterly Billing Link
16:29:13.892 [main] DEBUG com.vcstax.pageObjects.ActivityTab - Clicked on Activity Tab
16:29:14.523 [main] DEBUG com.vcstax.pageObjects.ActivityTab - Clicked on Mobile Home Digest Link
16:29:15.484 [main] DEBUG com.vcstax.pageObjects.ActivityTab - Clicked on Activity Tab
16:29:16.114 [main] DEBUG com.vcstax.pageObjects.ActivityTab - Clicked on Mortgage TaxBill Export Link
16:29:17.302 [main] DEBUG com.vcstax.pageObjects.ActivityTab - Clicked on Activity Tab
16:29:18.076 [main] DEBUG com.vcstax.pageObjects.ActivityTab - Clicked on Mortgage Request Processing Link
16:29:18.688 [main] DEBUG com.vcstax.pageObjects.ActivityTab - Clicked on Activity Tab
16:29:19.321 [main] DEBUG com.vcstax.pageObjects.ActivityTab - Clicked on Real Digest Link
16:29:19.965 [main] DEBUG com.vcstax.pageObjects.ActivityTab - Clicked on Activity Tab
16:29:20.715 [main] DEBUG com.vcstax.pageObjects.ActivityTab - Clicked on Mortgage Payment Processing Link
16:29:23.765 [main] INFO  com.vcstax.testCases.BaseClass - Driver getting closed
16:32:18.126 [main] INFO  com.vcstax.testCases.BaseClass - Chrome Driver Opened
16:32:22.282 [main] DEBUG com.vcstax.pageObjects.LoginPage - Clicked on OK to Continue Link
16:32:22.422 [main] DEBUG com.vcstax.pageObjects.LoginPage - User Name Entered
16:32:22.554 [main] DEBUG com.vcstax.pageObjects.LoginPage - Password Entered
16:32:22.684 [main] DEBUG com.vcstax.pageObjects.LoginPage - Clicked on Submit Button
16:32:23.388 [main] DEBUG com.vcstax.pageObjects.ActivityTab - Clicked on Activity Tab
16:32:24.039 [main] DEBUG com.vcstax.pageObjects.ActivityTab - Clicked on collections Link
16:32:24.748 [main] DEBUG com.vcstax.pageObjects.ActivityTab - Clicked on Activity Tab
16:32:25.396 [main] DEBUG com.vcstax.pageObjects.ActivityTab - Clicked on Accessor Change Order Link
16:32:26.029 [main] DEBUG com.vcstax.pageObjects.ActivityTab - Clicked on Activity Tab
16:32:26.674 [main] DEBUG com.vcstax.pageObjects.ActivityTab - Clicked on Calculate Revenue Disbursement Link
16:32:27.314 [main] DEBUG com.vcstax.pageObjects.ActivityTab - Clicked on Activity Tab
16:32:27.943 [main] DEBUG com.vcstax.pageObjects.ActivityTab - Clicked on Mail Processing Link
16:32:28.591 [main] DEBUG com.vcstax.pageObjects.ActivityTab - Clicked on Activity Tab
16:32:29.201 [main] DEBUG com.vcstax.pageObjects.ActivityTab - Clicked on Register Reconciliation Link
16:32:29.833 [main] DEBUG com.vcstax.pageObjects.ActivityTab - Clicked on Activity Tab
16:32:30.468 [main] DEBUG com.vcstax.pageObjects.ActivityTab - Clicked on Apply LateFee Link
16:32:31.137 [main] DEBUG com.vcstax.pageObjects.ActivityTab - Clicked on Activity Tab
16:32:31.772 [main] DEBUG com.vcstax.pageObjects.ActivityTab - Clicked on Bankruptcy Cases Link
16:32:32.428 [main] DEBUG com.vcstax.pageObjects.ActivityTab - Clicked on Activity Tab
16:32:33.041 [main] DEBUG com.vcstax.pageObjects.ActivityTab - Clicked on Delinquent Processing Link
16:32:33.679 [main] DEBUG com.vcstax.pageObjects.ActivityTab - Clicked on Activity Tab
16:32:34.308 [main] DEBUG com.vcstax.pageObjects.ActivityTab - Clicked on Quarterly Billing Link
16:32:34.930 [main] DEBUG com.vcstax.pageObjects.ActivityTab - Clicked on Activity Tab
16:32:35.562 [main] DEBUG com.vcstax.pageObjects.ActivityTab - Clicked on Mobile Home Digest Link
16:32:36.631 [main] DEBUG com.vcstax.pageObjects.ActivityTab - Clicked on Activity Tab
16:32:37.266 [main] DEBUG com.vcstax.pageObjects.ActivityTab - Clicked on Mortgage TaxBill Export Link
16:32:38.333 [main] DEBUG com.vcstax.pageObjects.ActivityTab - Clicked on Activity Tab
16:32:39.179 [main] DEBUG com.vcstax.pageObjects.ActivityTab - Clicked on Mortgage Request Processing Link
16:32:39.813 [main] DEBUG com.vcstax.pageObjects.ActivityTab - Clicked on Activity Tab
16:32:40.446 [main] DEBUG com.vcstax.pageObjects.ActivityTab - Clicked on Real Digest Link
16:32:41.095 [main] DEBUG com.vcstax.pageObjects.ActivityTab - Clicked on Activity Tab
16:32:41.884 [main] DEBUG com.vcstax.pageObjects.ActivityTab - Clicked on Mortgage Payment Processing Link
16:32:44.934 [main] INFO  com.vcstax.testCases.BaseClass - Driver getting closed
16:35:12.319 [main] INFO  com.vcstax.testCases.BaseClass - Chrome Driver Opened
16:35:17.448 [main] DEBUG com.vcstax.pageObjects.LoginPage - Clicked on OK to Continue Link
16:35:17.606 [main] DEBUG com.vcstax.pageObjects.LoginPage - User Name Entered
16:35:17.757 [main] DEBUG com.vcstax.pageObjects.LoginPage - Password Entered
16:35:17.901 [main] DEBUG com.vcstax.pageObjects.LoginPage - Clicked on Submit Button
16:35:18.604 [main] DEBUG com.vcstax.pageObjects.ActivityTab - Clicked on Activity Tab
16:35:19.235 [main] DEBUG com.vcstax.pageObjects.ActivityTab - Clicked on collections Link
16:35:19.921 [main] DEBUG com.vcstax.pageObjects.ActivityTab - Clicked on Activity Tab
16:35:20.547 [main] DEBUG com.vcstax.pageObjects.ActivityTab - Clicked on Accessor Change Order Link
16:35:21.169 [main] DEBUG com.vcstax.pageObjects.ActivityTab - Clicked on Activity Tab
16:35:21.793 [main] DEBUG com.vcstax.pageObjects.ActivityTab - Clicked on Calculate Revenue Disbursement Link
16:35:22.420 [main] DEBUG com.vcstax.pageObjects.ActivityTab - Clicked on Activity Tab
16:35:23.041 [main] DEBUG com.vcstax.pageObjects.ActivityTab - Clicked on Mail Processing Link
16:35:23.685 [main] DEBUG com.vcstax.pageObjects.ActivityTab - Clicked on Activity Tab
16:35:24.308 [main] DEBUG com.vcstax.pageObjects.ActivityTab - Clicked on Register Reconciliation Link
16:35:24.940 [main] DEBUG com.vcstax.pageObjects.ActivityTab - Clicked on Activity Tab
16:35:25.572 [main] DEBUG com.vcstax.pageObjects.ActivityTab - Clicked on Apply LateFee Link
16:35:26.218 [main] DEBUG com.vcstax.pageObjects.ActivityTab - Clicked on Activity Tab
16:35:26.845 [main] DEBUG com.vcstax.pageObjects.ActivityTab - Clicked on Bankruptcy Cases Link
16:35:27.500 [main] DEBUG com.vcstax.pageObjects.ActivityTab - Clicked on Activity Tab
16:35:28.132 [main] DEBUG com.vcstax.pageObjects.ActivityTab - Clicked on Delinquent Processing Link
16:35:28.773 [main] DEBUG com.vcstax.pageObjects.ActivityTab - Clicked on Activity Tab
16:35:29.384 [main] DEBUG com.vcstax.pageObjects.ActivityTab - Clicked on Quarterly Billing Link
16:35:30.022 [main] DEBUG com.vcstax.pageObjects.ActivityTab - Clicked on Activity Tab
16:35:30.652 [main] DEBUG com.vcstax.pageObjects.ActivityTab - Clicked on Mobile Home Digest Link
16:35:31.467 [main] DEBUG com.vcstax.pageObjects.ActivityTab - Clicked on Activity Tab
16:35:32.109 [main] DEBUG com.vcstax.pageObjects.ActivityTab - Clicked on Mortgage TaxBill Export Link
16:35:33.340 [main] DEBUG com.vcstax.pageObjects.ActivityTab - Clicked on Activity Tab
16:35:34.080 [main] DEBUG com.vcstax.pageObjects.ActivityTab - Clicked on Mortgage Request Processing Link
16:35:34.688 [main] DEBUG com.vcstax.pageObjects.ActivityTab - Clicked on Activity Tab
16:35:35.326 [main] DEBUG com.vcstax.pageObjects.ActivityTab - Clicked on Real Digest Link
16:35:36.204 [main] DEBUG com.vcstax.pageObjects.ActivityTab - Clicked on Activity Tab
16:35:36.949 [main] DEBUG com.vcstax.pageObjects.ActivityTab - Clicked on Mortgage Payment Processing Link
16:35:39.588 [main] INFO  com.vcstax.testCases.BaseClass - Driver getting closed
16:42:53.739 [main] INFO  com.vcstax.testCases.BaseClass - Chrome Driver Opened
16:42:59.204 [main] DEBUG com.vcstax.pageObjects.LoginPage - Clicked on OK to Continue Link
16:42:59.409 [main] DEBUG com.vcstax.pageObjects.LoginPage - User Name Entered
16:42:59.615 [main] DEBUG com.vcstax.pageObjects.LoginPage - Password Entered
16:42:59.778 [main] DEBUG com.vcstax.pageObjects.LoginPage - Clicked on Submit Button
16:43:00.490 [main] DEBUG com.vcstax.pageObjects.ActivityTab - Clicked on Activity Tab
16:43:01.125 [main] DEBUG com.vcstax.pageObjects.ActivityTab - Clicked on collections Link
16:43:01.827 [main] DEBUG com.vcstax.pageObjects.ActivityTab - Clicked on Activity Tab
16:43:02.463 [main] DEBUG com.vcstax.pageObjects.ActivityTab - Clicked on Accessor Change Order Link
16:43:03.086 [main] DEBUG com.vcstax.pageObjects.ActivityTab - Clicked on Activity Tab
16:43:03.727 [main] DEBUG com.vcstax.pageObjects.ActivityTab - Clicked on Calculate Revenue Disbursement Link
16:43:04.371 [main] DEBUG com.vcstax.pageObjects.ActivityTab - Clicked on Activity Tab
16:43:05.000 [main] DEBUG com.vcstax.pageObjects.ActivityTab - Clicked on Mail Processing Link
16:43:05.650 [main] DEBUG com.vcstax.pageObjects.ActivityTab - Clicked on Activity Tab
16:43:06.276 [main] DEBUG com.vcstax.pageObjects.ActivityTab - Clicked on Register Reconciliation Link
16:43:06.907 [main] DEBUG com.vcstax.pageObjects.ActivityTab - Clicked on Activity Tab
16:43:07.565 [main] DEBUG com.vcstax.pageObjects.ActivityTab - Clicked on Apply LateFee Link
16:43:08.206 [main] DEBUG com.vcstax.pageObjects.ActivityTab - Clicked on Activity Tab
16:43:08.845 [main] DEBUG com.vcstax.pageObjects.ActivityTab - Clicked on Bankruptcy Cases Link
16:43:09.502 [main] DEBUG com.vcstax.pageObjects.ActivityTab - Clicked on Activity Tab
16:43:10.132 [main] DEBUG com.vcstax.pageObjects.ActivityTab - Clicked on Delinquent Processing Link
16:43:10.769 [main] DEBUG com.vcstax.pageObjects.ActivityTab - Clicked on Activity Tab
16:43:11.386 [main] DEBUG com.vcstax.pageObjects.ActivityTab - Clicked on Quarterly Billing Link
16:43:12.023 [main] DEBUG com.vcstax.pageObjects.ActivityTab - Clicked on Activity Tab
16:43:12.659 [main] DEBUG com.vcstax.pageObjects.ActivityTab - Clicked on Mobile Home Digest Link
16:43:13.381 [main] DEBUG com.vcstax.pageObjects.ActivityTab - Clicked on Activity Tab
16:43:14.006 [main] DEBUG com.vcstax.pageObjects.ActivityTab - Clicked on Mortgage TaxBill Export Link
16:43:15.058 [main] DEBUG com.vcstax.pageObjects.ActivityTab - Clicked on Activity Tab
16:43:15.836 [main] DEBUG com.vcstax.pageObjects.ActivityTab - Clicked on Mortgage Request Processing Link
16:43:16.457 [main] DEBUG com.vcstax.pageObjects.ActivityTab - Clicked on Activity Tab
16:43:17.083 [main] DEBUG com.vcstax.pageObjects.ActivityTab - Clicked on Real Digest Link
16:43:17.744 [main] DEBUG com.vcstax.pageObjects.ActivityTab - Clicked on Activity Tab
16:43:18.499 [main] DEBUG com.vcstax.pageObjects.ActivityTab - Clicked on Mortgage Payment Processing Link
16:43:21.515 [main] DEBUG com.vcstax.pageObjects.ActivityTab - Clicked on Activity Tab
16:43:22.517 [main] DEBUG com.vcstax.pageObjects.ActivityTab - Clicked on Mortgage Manual Processing Link
16:43:25.063 [main] INFO  com.vcstax.testCases.BaseClass - Driver getting closed
17:15:39.303 [main] INFO  com.vcstax.testCases.BaseClass - Chrome Driver Opened
17:15:45.138 [main] DEBUG com.vcstax.pageObjects.LoginPage - Clicked on OK to Continue Link
17:15:45.303 [main] DEBUG com.vcstax.pageObjects.LoginPage - User Name Entered
17:15:45.474 [main] DEBUG com.vcstax.pageObjects.LoginPage - Password Entered
17:15:45.617 [main] DEBUG com.vcstax.pageObjects.LoginPage - Clicked on Submit Button
17:15:47.579 [main] DEBUG com.vcstax.pageObjects.SettingsTab - Clicked on Settings Tab
17:15:48.231 [main] DEBUG com.vcstax.pageObjects.SettingsTab - Clicked on Annual Configuration Link
17:15:48.949 [main] DEBUG com.vcstax.pageObjects.SettingsTab - Clicked on Settings Tab
17:15:49.591 [main] DEBUG com.vcstax.pageObjects.SettingsTab - Clicked on System Configuration Link
17:15:50.210 [main] DEBUG com.vcstax.pageObjects.SettingsTab - Clicked on Settings Tab
17:15:50.827 [main] DEBUG com.vcstax.pageObjects.SettingsTab - Clicked on Text Editor Link
17:15:51.619 [main] DEBUG com.vcstax.pageObjects.SettingsTab - Clicked on Settings Tab
17:15:52.291 [main] DEBUG com.vcstax.pageObjects.SettingsTab - Clicked on Roles Manager Link
17:15:53.129 [main] DEBUG com.vcstax.pageObjects.SettingsTab - Clicked on Settings Tab
17:15:53.775 [main] DEBUG com.vcstax.pageObjects.SettingsTab - Clicked on User Accounts Manager Link
17:15:55.000 [main] DEBUG com.vcstax.pageObjects.SettingsTab - Clicked on Settings Tab
17:15:55.652 [main] DEBUG com.vcstax.pageObjects.SettingsTab - Clicked on Product Information Link
17:15:56.293 [main] DEBUG com.vcstax.pageObjects.SettingsTab - Clicked on Settings Tab
17:15:56.958 [main] DEBUG com.vcstax.pageObjects.SettingsTab - Clicked on Release Notes Link
17:15:59.518 [main] INFO  com.vcstax.testCases.BaseClass - Driver getting closed
17:19:29.102 [main] INFO  com.vcstax.testCases.BaseClass - Chrome Driver Opened
17:19:32.927 [main] DEBUG com.vcstax.pageObjects.LoginPage - Clicked on OK to Continue Link
17:19:33.085 [main] DEBUG com.vcstax.pageObjects.LoginPage - User Name Entered
17:19:33.227 [main] DEBUG com.vcstax.pageObjects.LoginPage - Password Entered
17:19:33.368 [main] DEBUG com.vcstax.pageObjects.LoginPage - Clicked on Submit Button
17:19:34.038 [main] DEBUG com.vcstax.pageObjects.SettingsTab - Clicked on Settings Tab
17:19:34.693 [main] DEBUG com.vcstax.pageObjects.SettingsTab - Clicked on Annual Configuration Link
17:19:35.396 [main] DEBUG com.vcstax.pageObjects.SettingsTab - Clicked on Settings Tab
17:19:36.036 [main] DEBUG com.vcstax.pageObjects.SettingsTab - Clicked on System Configuration Link
17:19:36.677 [main] DEBUG com.vcstax.pageObjects.SettingsTab - Clicked on Settings Tab
17:19:37.305 [main] DEBUG com.vcstax.pageObjects.SettingsTab - Clicked on Text Editor Link
17:19:37.973 [main] DEBUG com.vcstax.pageObjects.SettingsTab - Clicked on Settings Tab
17:19:38.620 [main] DEBUG com.vcstax.pageObjects.SettingsTab - Clicked on Roles Manager Link
17:19:39.313 [main] DEBUG com.vcstax.pageObjects.SettingsTab - Clicked on Settings Tab
17:19:39.949 [main] DEBUG com.vcstax.pageObjects.SettingsTab - Clicked on User Accounts Manager Link
17:19:41.066 [main] DEBUG com.vcstax.pageObjects.SettingsTab - Clicked on Settings Tab
17:19:41.710 [main] DEBUG com.vcstax.pageObjects.SettingsTab - Clicked on Product Information Link
17:19:42.370 [main] DEBUG com.vcstax.pageObjects.SettingsTab - Clicked on Settings Tab
17:19:43.022 [main] DEBUG com.vcstax.pageObjects.SettingsTab - Clicked on Release Notes Link
17:19:45.589 [main] INFO  com.vcstax.testCases.BaseClass - Driver getting closed
17:22:30.487 [main] INFO  com.vcstax.testCases.BaseClass - Chrome Driver Opened
17:22:35.389 [main] DEBUG com.vcstax.pageObjects.LoginPage - Clicked on OK to Continue Link
17:22:35.544 [main] DEBUG com.vcstax.pageObjects.LoginPage - User Name Entered
17:22:35.708 [main] DEBUG com.vcstax.pageObjects.LoginPage - Password Entered
17:22:35.848 [main] DEBUG com.vcstax.pageObjects.LoginPage - Clicked on Submit Button
17:22:36.591 [main] DEBUG com.vcstax.pageObjects.SettingsTab - Clicked on Settings Tab
17:22:37.242 [main] DEBUG com.vcstax.pageObjects.SettingsTab - Clicked on Annual Configuration Link
17:22:37.941 [main] DEBUG com.vcstax.pageObjects.SettingsTab - Clicked on Settings Tab
17:22:38.575 [main] DEBUG com.vcstax.pageObjects.SettingsTab - Clicked on System Configuration Link
17:22:39.224 [main] DEBUG com.vcstax.pageObjects.SettingsTab - Clicked on Settings Tab
17:22:39.849 [main] DEBUG com.vcstax.pageObjects.SettingsTab - Clicked on Text Editor Link
17:22:40.541 [main] DEBUG com.vcstax.pageObjects.SettingsTab - Clicked on Settings Tab
17:22:41.179 [main] DEBUG com.vcstax.pageObjects.SettingsTab - Clicked on Roles Manager Link
17:22:41.841 [main] DEBUG com.vcstax.pageObjects.SettingsTab - Clicked on Settings Tab
17:22:42.467 [main] DEBUG com.vcstax.pageObjects.SettingsTab - Clicked on User Accounts Manager Link
17:22:43.509 [main] DEBUG com.vcstax.pageObjects.SettingsTab - Clicked on Settings Tab
17:22:44.139 [main] DEBUG com.vcstax.pageObjects.SettingsTab - Clicked on Product Information Link
17:22:44.773 [main] DEBUG com.vcstax.pageObjects.SettingsTab - Clicked on Settings Tab
17:22:45.419 [main] DEBUG com.vcstax.pageObjects.SettingsTab - Clicked on Release Notes Link
17:22:47.981 [main] INFO  com.vcstax.testCases.BaseClass - Driver getting closed
17:24:07.957 [main] INFO  com.vcstax.testCases.BaseClass - Chrome Driver Opened
17:24:11.368 [main] DEBUG com.vcstax.pageObjects.LoginPage - Clicked on OK to Continue Link
17:24:11.526 [main] DEBUG com.vcstax.pageObjects.LoginPage - User Name Entered
17:24:11.673 [main] DEBUG com.vcstax.pageObjects.LoginPage - Password Entered
17:24:11.824 [main] DEBUG com.vcstax.pageObjects.LoginPage - Clicked on Submit Button
17:24:12.494 [main] DEBUG com.vcstax.pageObjects.SettingsTab - Clicked on Settings Tab
17:24:13.136 [main] DEBUG com.vcstax.pageObjects.SettingsTab - Clicked on Annual Configuration Link
17:24:13.821 [main] DEBUG com.vcstax.pageObjects.SettingsTab - Clicked on Settings Tab
17:24:14.441 [main] DEBUG com.vcstax.pageObjects.SettingsTab - Clicked on System Configuration Link
17:24:15.070 [main] DEBUG com.vcstax.pageObjects.SettingsTab - Clicked on Settings Tab
17:24:15.702 [main] DEBUG com.vcstax.pageObjects.SettingsTab - Clicked on Text Editor Link
17:24:16.359 [main] DEBUG com.vcstax.pageObjects.SettingsTab - Clicked on Settings Tab
17:24:17.008 [main] DEBUG com.vcstax.pageObjects.SettingsTab - Clicked on Roles Manager Link
17:24:17.660 [main] DEBUG com.vcstax.pageObjects.SettingsTab - Clicked on Settings Tab
17:24:18.296 [main] DEBUG com.vcstax.pageObjects.SettingsTab - Clicked on User Accounts Manager Link
17:24:19.304 [main] DEBUG com.vcstax.pageObjects.SettingsTab - Clicked on Settings Tab
17:24:19.926 [main] DEBUG com.vcstax.pageObjects.SettingsTab - Clicked on Product Information Link
17:24:20.554 [main] DEBUG com.vcstax.pageObjects.SettingsTab - Clicked on Settings Tab
17:24:21.188 [main] DEBUG com.vcstax.pageObjects.SettingsTab - Clicked on Release Notes Link
17:24:39.828 [main] INFO  com.vcstax.testCases.BaseClass - Chrome Driver Opened
17:24:45.054 [main] DEBUG com.vcstax.pageObjects.LoginPage - Clicked on OK to Continue Link
17:24:45.306 [main] DEBUG com.vcstax.pageObjects.LoginPage - User Name Entered
17:24:46.106 [main] DEBUG com.vcstax.pageObjects.LoginPage - Password Entered
17:24:46.459 [main] DEBUG com.vcstax.pageObjects.LoginPage - Clicked on Submit Button
17:24:47.131 [main] INFO  com.vcstax.testCases.BaseClass - Chrome Driver Opened
17:24:47.406 [main] DEBUG com.vcstax.pageObjects.SettingsTab - Clicked on Settings Tab
17:24:48.117 [main] DEBUG com.vcstax.pageObjects.SettingsTab - Clicked on Annual Configuration Link
17:24:48.839 [main] DEBUG com.vcstax.pageObjects.SettingsTab - Clicked on Settings Tab
17:24:49.802 [main] DEBUG com.vcstax.pageObjects.SettingsTab - Clicked on System Configuration Link
17:24:50.490 [main] DEBUG com.vcstax.pageObjects.SettingsTab - Clicked on Settings Tab
17:24:51.144 [main] DEBUG com.vcstax.pageObjects.SettingsTab - Clicked on Text Editor Link
17:24:52.075 [main] DEBUG com.vcstax.pageObjects.SettingsTab - Clicked on Settings Tab
17:24:52.075 [main] DEBUG com.vcstax.pageObjects.LoginPage - Clicked on OK to Continue Link
17:24:52.267 [main] DEBUG com.vcstax.pageObjects.LoginPage - User Name Entered
17:24:52.498 [main] DEBUG com.vcstax.pageObjects.LoginPage - Password Entered
17:24:52.703 [main] DEBUG com.vcstax.pageObjects.LoginPage - Clicked on Submit Button
17:24:52.809 [main] DEBUG com.vcstax.pageObjects.SettingsTab - Clicked on Roles Manager Link
17:24:53.616 [main] DEBUG com.vcstax.pageObjects.SettingsTab - Clicked on Settings Tab
17:24:53.674 [main] DEBUG com.vcstax.pageObjects.SettingsTab - Clicked on Settings Tab
17:24:54.280 [main] DEBUG com.vcstax.pageObjects.SettingsTab - Clicked on Annual Configuration Link
17:24:54.392 [main] DEBUG com.vcstax.pageObjects.SettingsTab - Clicked on User Accounts Manager Link
17:24:55.011 [main] DEBUG com.vcstax.pageObjects.SettingsTab - Clicked on Settings Tab
17:24:55.540 [main] DEBUG com.vcstax.pageObjects.SettingsTab - Clicked on Settings Tab
17:24:55.656 [main] DEBUG com.vcstax.pageObjects.SettingsTab - Clicked on System Configuration Link
17:24:56.188 [main] DEBUG com.vcstax.pageObjects.SettingsTab - Clicked on Product Information Link
17:24:56.291 [main] DEBUG com.vcstax.pageObjects.SettingsTab - Clicked on Settings Tab
17:24:56.837 [main] DEBUG com.vcstax.pageObjects.SettingsTab - Clicked on Settings Tab
17:24:56.931 [main] DEBUG com.vcstax.pageObjects.SettingsTab - Clicked on Text Editor Link
17:24:57.504 [main] DEBUG com.vcstax.pageObjects.SettingsTab - Clicked on Release Notes Link
17:24:57.660 [main] DEBUG com.vcstax.pageObjects.SettingsTab - Clicked on Settings Tab
17:24:58.321 [main] DEBUG com.vcstax.pageObjects.SettingsTab - Clicked on Roles Manager Link
17:24:59.006 [main] DEBUG com.vcstax.pageObjects.SettingsTab - Clicked on Settings Tab
17:24:59.638 [main] DEBUG com.vcstax.pageObjects.SettingsTab - Clicked on User Accounts Manager Link
17:25:00.771 [main] DEBUG com.vcstax.pageObjects.SettingsTab - Clicked on Settings Tab
17:25:01.424 [main] DEBUG com.vcstax.pageObjects.SettingsTab - Clicked on Product Information Link
17:25:02.064 [main] DEBUG com.vcstax.pageObjects.SettingsTab - Clicked on Settings Tab
17:25:02.721 [main] DEBUG com.vcstax.pageObjects.SettingsTab - Clicked on Release Notes Link
17:29:29.235 [main] INFO  com.vcstax.testCases.BaseClass - Chrome Driver Opened
17:29:34.177 [main] DEBUG com.vcstax.pageObjects.LoginPage - Clicked on OK to Continue Link
17:29:34.320 [main] DEBUG com.vcstax.pageObjects.LoginPage - User Name Entered
17:29:34.452 [main] DEBUG com.vcstax.pageObjects.LoginPage - Password Entered
17:29:34.583 [main] DEBUG com.vcstax.pageObjects.LoginPage - Clicked on Submit Button
17:29:35.280 [main] DEBUG com.vcstax.pageObjects.SettingsTab - Clicked on Settings Tab
17:29:35.916 [main] DEBUG com.vcstax.pageObjects.SettingsTab - Clicked on Annual Configuration Link
17:29:36.609 [main] DEBUG com.vcstax.pageObjects.SettingsTab - Clicked on Settings Tab
17:29:37.243 [main] DEBUG com.vcstax.pageObjects.SettingsTab - Clicked on System Configuration Link
17:29:37.873 [main] DEBUG com.vcstax.pageObjects.SettingsTab - Clicked on Settings Tab
17:29:38.493 [main] DEBUG com.vcstax.pageObjects.SettingsTab - Clicked on Text Editor Link
17:29:39.170 [main] DEBUG com.vcstax.pageObjects.SettingsTab - Clicked on Settings Tab
17:29:39.793 [main] DEBUG com.vcstax.pageObjects.SettingsTab - Clicked on Roles Manager Link
17:29:40.506 [main] DEBUG com.vcstax.pageObjects.SettingsTab - Clicked on Settings Tab
17:29:41.149 [main] DEBUG com.vcstax.pageObjects.SettingsTab - Clicked on User Accounts Manager Link
17:29:42.274 [main] DEBUG com.vcstax.pageObjects.SettingsTab - Clicked on Settings Tab
17:29:42.905 [main] DEBUG com.vcstax.pageObjects.SettingsTab - Clicked on Product Information Link
17:29:43.526 [main] DEBUG com.vcstax.pageObjects.SettingsTab - Clicked on Settings Tab
17:29:44.166 [main] DEBUG com.vcstax.pageObjects.SettingsTab - Clicked on Release Notes Link
17:29:46.728 [main] INFO  com.vcstax.testCases.BaseClass - Driver getting closed
17:43:46.084 [main] INFO  com.vcstax.testCases.BaseClass - Chrome Driver Opened
17:43:51.288 [main] DEBUG com.vcstax.pageObjects.LoginPage - Clicked on OK to Continue Link
17:43:51.437 [main] DEBUG com.vcstax.pageObjects.LoginPage - User Name Entered
17:43:51.588 [main] DEBUG com.vcstax.pageObjects.LoginPage - Password Entered
17:43:51.724 [main] DEBUG com.vcstax.pageObjects.LoginPage - Clicked on Submit Button
17:43:52.459 [main] DEBUG com.vcstax.pageObjects.SettingsTab - Clicked on Settings Tab
17:43:53.114 [main] DEBUG com.vcstax.pageObjects.SettingsTab - Clicked on Annual Configuration Link
17:43:53.843 [main] DEBUG com.vcstax.pageObjects.SettingsTab - Clicked on Settings Tab
17:43:54.490 [main] DEBUG com.vcstax.pageObjects.SettingsTab - Clicked on System Configuration Link
17:43:55.143 [main] DEBUG com.vcstax.pageObjects.SettingsTab - Clicked on Settings Tab
17:43:55.797 [main] DEBUG com.vcstax.pageObjects.SettingsTab - Clicked on Text Editor Link
17:43:56.542 [main] DEBUG com.vcstax.pageObjects.SettingsTab - Clicked on Settings Tab
17:43:57.181 [main] DEBUG com.vcstax.pageObjects.SettingsTab - Clicked on Roles Manager Link
17:43:57.937 [main] DEBUG com.vcstax.pageObjects.SettingsTab - Clicked on Settings Tab
17:43:58.593 [main] DEBUG com.vcstax.pageObjects.SettingsTab - Clicked on User Accounts Manager Link
17:43:59.759 [main] DEBUG com.vcstax.pageObjects.SettingsTab - Clicked on Settings Tab
17:44:00.396 [main] DEBUG com.vcstax.pageObjects.SettingsTab - Clicked on Product Information Link
17:44:01.027 [main] DEBUG com.vcstax.pageObjects.SettingsTab - Clicked on Settings Tab
17:44:01.668 [main] DEBUG com.vcstax.pageObjects.SettingsTab - Clicked on Release Notes Link
17:44:04.236 [main] INFO  com.vcstax.testCases.BaseClass - Driver getting closed
