11:44:51.681 [main] INFO  com.vcstax.testCases.BaseClass - Chrome Driver Opened
11:45:03.009 [main] DEBUG com.vcstax.pageObjects.LoginPage - Clicked on OK to Continue Link
11:45:03.134 [main] DEBUG com.vcstax.pageObjects.LoginPage - User Name Entered
11:45:03.264 [main] DEBUG com.vcstax.pageObjects.LoginPage - Password Entered
11:45:03.397 [main] DEBUG com.vcstax.pageObjects.LoginPage - Clicked on Submit Button
11:45:06.290 [main] DEBUG com.vcstax.pageObjects.ActivityTab - Clicked on Activity Tab
11:45:07.128 [main] DEBUG com.vcstax.pageObjects.ActivityTab - Clicked on collections Link
11:45:07.791 [main] DEBUG com.vcstax.pageObjects.ActivityTab - Clicked on Activity Tab
11:45:08.414 [main] DEBUG com.vcstax.pageObjects.ActivityTab - Clicked on Accessor Change Order Link
11:45:09.113 [main] DEBUG com.vcstax.pageObjects.ActivityTab - Clicked on Activity Tab
11:45:09.716 [main] DEBUG com.vcstax.pageObjects.ActivityTab - Clicked on Calculate Revenue Disbursement Link
11:45:10.325 [main] DEBUG com.vcstax.pageObjects.ActivityTab - Clicked on Activity Tab
11:45:10.925 [main] DEBUG com.vcstax.pageObjects.ActivityTab - Clicked on Mail Processing Link
11:45:11.550 [main] DEBUG com.vcstax.pageObjects.ActivityTab - Clicked on Activity Tab
11:45:12.150 [main] DEBUG com.vcstax.pageObjects.ActivityTab - Clicked on Register Reconciliation Link
11:45:12.757 [main] DEBUG com.vcstax.pageObjects.ActivityTab - Clicked on Activity Tab
11:45:13.371 [main] DEBUG com.vcstax.pageObjects.ActivityTab - Clicked on Apply LateFee Link
11:45:13.976 [main] DEBUG com.vcstax.pageObjects.ActivityTab - Clicked on Activity Tab
11:45:14.583 [main] DEBUG com.vcstax.pageObjects.ActivityTab - Clicked on Bankruptcy Cases Link
11:45:15.190 [main] DEBUG com.vcstax.pageObjects.ActivityTab - Clicked on Activity Tab
11:45:15.795 [main] DEBUG com.vcstax.pageObjects.ActivityTab - Clicked on Delinquent Processing Link
11:45:16.405 [main] DEBUG com.vcstax.pageObjects.ActivityTab - Clicked on Activity Tab
11:45:17.006 [main] DEBUG com.vcstax.pageObjects.ActivityTab - Clicked on Quarterly Billing Link
11:45:17.743 [main] DEBUG com.vcstax.pageObjects.ActivityTab - Clicked on Activity Tab
11:45:18.353 [main] DEBUG com.vcstax.pageObjects.ActivityTab - Clicked on Mobile Home Digest Link
11:45:19.153 [main] DEBUG com.vcstax.pageObjects.ActivityTab - Clicked on Activity Tab
11:45:19.765 [main] DEBUG com.vcstax.pageObjects.ActivityTab - Clicked on Mortgage TaxBill Export Link
11:45:20.791 [main] DEBUG com.vcstax.pageObjects.ActivityTab - Clicked on Activity Tab
11:45:21.524 [main] DEBUG com.vcstax.pageObjects.ActivityTab - Clicked on Mortgage Request Processing Link
11:45:22.135 [main] DEBUG com.vcstax.pageObjects.ActivityTab - Clicked on Activity Tab
11:45:22.744 [main] DEBUG com.vcstax.pageObjects.ActivityTab - Clicked on Real Digest Link
11:45:23.373 [main] DEBUG com.vcstax.pageObjects.ActivityTab - Clicked on Activity Tab
11:45:24.080 [main] DEBUG com.vcstax.pageObjects.ActivityTab - Clicked on Mortgage Payment Processing Link
11:45:26.008 [main] DEBUG com.vcstax.pageObjects.ActivityTab - Clicked on Activity Tab
11:45:26.719 [main] DEBUG com.vcstax.pageObjects.ActivityTab - Clicked on Mortgage Manual Processing Link
11:45:29.257 [main] INFO  com.vcstax.testCases.BaseClass - Driver getting closed
11:47:53.695 [main] INFO  com.vcstax.testCases.BaseClass - Chrome Driver Opened
11:47:57.969 [main] DEBUG com.vcstax.pageObjects.LoginPage - Clicked on OK to Continue Link
11:47:58.111 [main] DEBUG com.vcstax.pageObjects.LoginPage - User Name Entered
11:47:58.237 [main] DEBUG com.vcstax.pageObjects.LoginPage - Password Entered
11:47:58.362 [main] DEBUG com.vcstax.pageObjects.LoginPage - Clicked on Submit Button
11:47:59.002 [main] DEBUG com.vcstax.pageObjects.ActivityTab - Clicked on Activity Tab
11:47:59.620 [main] DEBUG com.vcstax.pageObjects.ActivityTab - Clicked on collections Link
11:48:00.281 [main] DEBUG com.vcstax.pageObjects.ActivityTab - Clicked on Activity Tab
11:48:00.895 [main] DEBUG com.vcstax.pageObjects.ActivityTab - Clicked on Accessor Change Order Link
11:48:01.517 [main] DEBUG com.vcstax.pageObjects.ActivityTab - Clicked on Activity Tab
11:48:02.125 [main] DEBUG com.vcstax.pageObjects.ActivityTab - Clicked on Calculate Revenue Disbursement Link
11:48:02.728 [main] DEBUG com.vcstax.pageObjects.ActivityTab - Clicked on Activity Tab
11:48:03.336 [main] DEBUG com.vcstax.pageObjects.ActivityTab - Clicked on Mail Processing Link
11:48:03.951 [main] DEBUG com.vcstax.pageObjects.ActivityTab - Clicked on Activity Tab
11:48:04.552 [main] DEBUG com.vcstax.pageObjects.ActivityTab - Clicked on Register Reconciliation Link
11:48:05.164 [main] DEBUG com.vcstax.pageObjects.ActivityTab - Clicked on Activity Tab
11:48:05.767 [main] DEBUG com.vcstax.pageObjects.ActivityTab - Clicked on Apply LateFee Link
11:48:06.367 [main] DEBUG com.vcstax.pageObjects.ActivityTab - Clicked on Activity Tab
11:48:06.970 [main] DEBUG com.vcstax.pageObjects.ActivityTab - Clicked on Bankruptcy Cases Link
11:48:07.586 [main] DEBUG com.vcstax.pageObjects.ActivityTab - Clicked on Activity Tab
11:48:08.186 [main] DEBUG com.vcstax.pageObjects.ActivityTab - Clicked on Delinquent Processing Link
11:48:08.799 [main] DEBUG com.vcstax.pageObjects.ActivityTab - Clicked on Activity Tab
11:48:09.411 [main] DEBUG com.vcstax.pageObjects.ActivityTab - Clicked on Quarterly Billing Link
11:48:10.039 [main] DEBUG com.vcstax.pageObjects.ActivityTab - Clicked on Activity Tab
11:48:10.654 [main] DEBUG com.vcstax.pageObjects.ActivityTab - Clicked on Mobile Home Digest Link
11:48:11.362 [main] DEBUG com.vcstax.pageObjects.ActivityTab - Clicked on Activity Tab
11:48:11.971 [main] DEBUG com.vcstax.pageObjects.ActivityTab - Clicked on Mortgage TaxBill Export Link
11:48:12.932 [main] DEBUG com.vcstax.pageObjects.ActivityTab - Clicked on Activity Tab
11:48:13.648 [main] DEBUG com.vcstax.pageObjects.ActivityTab - Clicked on Mortgage Request Processing Link
11:48:14.251 [main] DEBUG com.vcstax.pageObjects.ActivityTab - Clicked on Activity Tab
11:48:14.861 [main] DEBUG com.vcstax.pageObjects.ActivityTab - Clicked on Real Digest Link
11:48:15.469 [main] DEBUG com.vcstax.pageObjects.ActivityTab - Clicked on Activity Tab
11:48:16.172 [main] DEBUG com.vcstax.pageObjects.ActivityTab - Clicked on Mortgage Payment Processing Link
11:48:18.098 [main] DEBUG com.vcstax.pageObjects.ActivityTab - Clicked on Activity Tab
11:48:18.806 [main] DEBUG com.vcstax.pageObjects.ActivityTab - Clicked on Mortgage Manual Processing Link
11:48:21.343 [main] INFO  com.vcstax.testCases.BaseClass - Driver getting closed
11:48:26.221 [main] INFO  com.vcstax.testCases.BaseClass - Chrome Driver Opened
11:48:30.236 [main] DEBUG com.vcstax.pageObjects.LoginPage - Clicked on OK to Continue Link
11:48:30.373 [main] DEBUG com.vcstax.pageObjects.LoginPage - User Name Entered
11:48:30.493 [main] DEBUG com.vcstax.pageObjects.LoginPage - Password Entered
11:48:30.611 [main] DEBUG com.vcstax.pageObjects.LoginPage - Clicked on Submit Button
11:48:31.264 [main] DEBUG com.vcstax.pageObjects.SettingsTab - Clicked on Settings Tab
11:48:31.882 [main] DEBUG com.vcstax.pageObjects.SettingsTab - Clicked on Annual Configuration Link
11:48:32.512 [main] DEBUG com.vcstax.pageObjects.SettingsTab - Clicked on Settings Tab
11:48:33.116 [main] DEBUG com.vcstax.pageObjects.SettingsTab - Clicked on System Configuration Link
11:48:33.713 [main] DEBUG com.vcstax.pageObjects.SettingsTab - Clicked on Settings Tab
11:48:34.315 [main] DEBUG com.vcstax.pageObjects.SettingsTab - Clicked on Text Editor Link
11:48:34.950 [main] DEBUG com.vcstax.pageObjects.SettingsTab - Clicked on Settings Tab
11:48:35.569 [main] DEBUG com.vcstax.pageObjects.SettingsTab - Clicked on Roles Manager Link
11:48:36.183 [main] DEBUG com.vcstax.pageObjects.SettingsTab - Clicked on Settings Tab
11:48:36.798 [main] DEBUG com.vcstax.pageObjects.SettingsTab - Clicked on User Accounts Manager Link
11:48:37.870 [main] DEBUG com.vcstax.pageObjects.SettingsTab - Clicked on Settings Tab
11:48:38.479 [main] DEBUG com.vcstax.pageObjects.SettingsTab - Clicked on Product Information Link
11:48:39.083 [main] DEBUG com.vcstax.pageObjects.SettingsTab - Clicked on Settings Tab
11:48:39.698 [main] DEBUG com.vcstax.pageObjects.SettingsTab - Clicked on Release Notes Link
11:48:42.245 [main] INFO  com.vcstax.testCases.BaseClass - Driver getting closed
11:57:47.984 [main] INFO  com.vcstax.testCases.BaseClass - Chrome Driver Opened
11:57:54.034 [main] DEBUG com.vcstax.pageObjects.LoginPage - Clicked on OK to Continue Link
11:57:54.170 [main] DEBUG com.vcstax.pageObjects.LoginPage - User Name Entered
11:57:54.313 [main] DEBUG com.vcstax.pageObjects.LoginPage - Password Entered
11:57:54.451 [main] DEBUG com.vcstax.pageObjects.LoginPage - Clicked on Submit Button
11:57:55.178 [main] DEBUG com.vcstax.pageObjects.SettingsTab - Clicked on Settings Tab
11:57:55.812 [main] DEBUG com.vcstax.pageObjects.SettingsTab - Clicked on Annual Configuration Link
11:57:56.487 [main] DEBUG com.vcstax.pageObjects.SettingsTab - Clicked on Settings Tab
11:57:57.111 [main] DEBUG com.vcstax.pageObjects.SettingsTab - Clicked on System Configuration Link
11:57:57.726 [main] DEBUG com.vcstax.pageObjects.SettingsTab - Clicked on Settings Tab
11:57:58.331 [main] DEBUG com.vcstax.pageObjects.SettingsTab - Clicked on Text Editor Link
11:57:59.013 [main] DEBUG com.vcstax.pageObjects.SettingsTab - Clicked on Settings Tab
11:57:59.621 [main] DEBUG com.vcstax.pageObjects.SettingsTab - Clicked on Roles Manager Link
11:58:00.328 [main] DEBUG com.vcstax.pageObjects.SettingsTab - Clicked on Settings Tab
11:58:00.941 [main] DEBUG com.vcstax.pageObjects.SettingsTab - Clicked on User Accounts Manager Link
11:58:02.096 [main] DEBUG com.vcstax.pageObjects.SettingsTab - Clicked on Settings Tab
11:58:02.715 [main] DEBUG com.vcstax.pageObjects.SettingsTab - Clicked on Product Information Link
11:58:03.325 [main] DEBUG com.vcstax.pageObjects.SettingsTab - Clicked on Settings Tab
11:58:03.943 [main] DEBUG com.vcstax.pageObjects.SettingsTab - Clicked on Release Notes Link
11:58:06.496 [main] INFO  com.vcstax.testCases.BaseClass - Driver getting closed
12:01:00.589 [main] INFO  com.vcstax.testCases.BaseClass - Chrome Driver Opened
12:01:05.369 [main] DEBUG com.vcstax.pageObjects.LoginPage - Clicked on OK to Continue Link
12:01:05.526 [main] DEBUG com.vcstax.pageObjects.LoginPage - User Name Entered
12:01:05.655 [main] DEBUG com.vcstax.pageObjects.LoginPage - Password Entered
12:01:05.778 [main] DEBUG com.vcstax.pageObjects.LoginPage - Clicked on Submit Button
12:01:06.464 [main] DEBUG com.vcstax.pageObjects.SettingsTab - Clicked on Settings Tab
12:01:07.085 [main] DEBUG com.vcstax.pageObjects.SettingsTab - Clicked on Annual Configuration Link
12:01:07.765 [main] DEBUG com.vcstax.pageObjects.SettingsTab - Clicked on Settings Tab
12:01:08.377 [main] DEBUG com.vcstax.pageObjects.SettingsTab - Clicked on System Configuration Link
12:01:08.997 [main] DEBUG com.vcstax.pageObjects.SettingsTab - Clicked on Settings Tab
12:01:09.626 [main] DEBUG com.vcstax.pageObjects.SettingsTab - Clicked on Text Editor Link
12:01:10.325 [main] DEBUG com.vcstax.pageObjects.SettingsTab - Clicked on Settings Tab
12:01:10.954 [main] DEBUG com.vcstax.pageObjects.SettingsTab - Clicked on Roles Manager Link
12:01:11.707 [main] DEBUG com.vcstax.pageObjects.SettingsTab - Clicked on Settings Tab
12:01:12.338 [main] DEBUG com.vcstax.pageObjects.SettingsTab - Clicked on User Accounts Manager Link
12:01:13.520 [main] DEBUG com.vcstax.pageObjects.SettingsTab - Clicked on Settings Tab
12:01:14.169 [main] DEBUG com.vcstax.pageObjects.SettingsTab - Clicked on Product Information Link
12:01:14.806 [main] DEBUG com.vcstax.pageObjects.SettingsTab - Clicked on Settings Tab
12:01:15.443 [main] DEBUG com.vcstax.pageObjects.SettingsTab - Clicked on Release Notes Link
12:01:18.004 [main] INFO  com.vcstax.testCases.BaseClass - Driver getting closed
12:03:00.979 [main] INFO  com.vcstax.testCases.BaseClass - Chrome Driver Opened
12:03:07.380 [main] DEBUG com.vcstax.pageObjects.LoginPage - Clicked on OK to Continue Link
12:03:07.533 [main] DEBUG com.vcstax.pageObjects.LoginPage - User Name Entered
12:03:07.675 [main] DEBUG com.vcstax.pageObjects.LoginPage - Password Entered
12:03:07.806 [main] DEBUG com.vcstax.pageObjects.LoginPage - Clicked on Submit Button
12:03:08.572 [main] DEBUG com.vcstax.pageObjects.SettingsTab - Clicked on Settings Tab
12:03:09.205 [main] DEBUG com.vcstax.pageObjects.SettingsTab - Clicked on Annual Configuration Link
12:03:09.868 [main] DEBUG com.vcstax.pageObjects.SettingsTab - Clicked on Settings Tab
12:03:10.486 [main] DEBUG com.vcstax.pageObjects.SettingsTab - Clicked on System Configuration Link
12:03:11.115 [main] DEBUG com.vcstax.pageObjects.SettingsTab - Clicked on Settings Tab
12:03:11.728 [main] DEBUG com.vcstax.pageObjects.SettingsTab - Clicked on Text Editor Link
12:03:12.402 [main] DEBUG com.vcstax.pageObjects.SettingsTab - Clicked on Settings Tab
12:03:13.012 [main] DEBUG com.vcstax.pageObjects.SettingsTab - Clicked on Roles Manager Link
12:03:13.646 [main] DEBUG com.vcstax.pageObjects.SettingsTab - Clicked on Settings Tab
12:03:14.266 [main] DEBUG com.vcstax.pageObjects.SettingsTab - Clicked on User Accounts Manager Link
12:03:15.479 [main] DEBUG com.vcstax.pageObjects.SettingsTab - Clicked on Settings Tab
12:03:16.098 [main] DEBUG com.vcstax.pageObjects.SettingsTab - Clicked on Product Information Link
12:03:16.708 [main] DEBUG com.vcstax.pageObjects.SettingsTab - Clicked on Settings Tab
12:03:17.325 [main] DEBUG com.vcstax.pageObjects.SettingsTab - Clicked on Release Notes Link
12:03:19.875 [main] INFO  com.vcstax.testCases.BaseClass - Driver getting closed
12:31:07.394 [main] INFO  com.vcstax.testCases.BaseClass - Chrome Driver Opened
12:31:16.650 [main] DEBUG com.vcstax.pageObjects.LoginPage - Clicked on OK to Continue Link
12:31:16.863 [main] DEBUG com.vcstax.pageObjects.LoginPage - User Name Entered
12:31:17.040 [main] DEBUG com.vcstax.pageObjects.LoginPage - Password Entered
12:31:17.217 [main] DEBUG com.vcstax.pageObjects.LoginPage - Clicked on Submit Button
12:31:20.146 [main] DEBUG com.vcstax.pageObjects.ActivityTab - Clicked on Activity Tab
12:31:21.293 [main] DEBUG com.vcstax.pageObjects.ActivityTab - Clicked on collections Link
12:31:22.113 [main] DEBUG com.vcstax.pageObjects.ActivityTab - Clicked on Activity Tab
12:31:22.760 [main] DEBUG com.vcstax.pageObjects.ActivityTab - Clicked on Accessor Change Order Link
12:31:23.422 [main] DEBUG com.vcstax.pageObjects.ActivityTab - Clicked on Activity Tab
12:31:24.075 [main] DEBUG com.vcstax.pageObjects.ActivityTab - Clicked on Calculate Revenue Disbursement Link
12:31:24.730 [main] DEBUG com.vcstax.pageObjects.ActivityTab - Clicked on Activity Tab
12:31:25.365 [main] DEBUG com.vcstax.pageObjects.ActivityTab - Clicked on Mail Processing Link
12:31:26.039 [main] DEBUG com.vcstax.pageObjects.ActivityTab - Clicked on Activity Tab
12:31:26.690 [main] DEBUG com.vcstax.pageObjects.ActivityTab - Clicked on Register Reconciliation Link
12:31:27.330 [main] DEBUG com.vcstax.pageObjects.ActivityTab - Clicked on Activity Tab
12:31:27.964 [main] DEBUG com.vcstax.pageObjects.ActivityTab - Clicked on Apply LateFee Link
12:31:28.598 [main] DEBUG com.vcstax.pageObjects.ActivityTab - Clicked on Activity Tab
12:31:29.251 [main] DEBUG com.vcstax.pageObjects.ActivityTab - Clicked on Bankruptcy Cases Link
12:31:29.884 [main] DEBUG com.vcstax.pageObjects.ActivityTab - Clicked on Activity Tab
12:31:30.514 [main] DEBUG com.vcstax.pageObjects.ActivityTab - Clicked on Delinquent Processing Link
12:31:31.213 [main] DEBUG com.vcstax.pageObjects.ActivityTab - Clicked on Activity Tab
12:31:31.947 [main] DEBUG com.vcstax.pageObjects.ActivityTab - Clicked on Quarterly Billing Link
12:31:32.957 [main] DEBUG com.vcstax.pageObjects.ActivityTab - Clicked on Activity Tab
12:31:33.596 [main] DEBUG com.vcstax.pageObjects.ActivityTab - Clicked on Mobile Home Digest Link
12:31:34.580 [main] DEBUG com.vcstax.pageObjects.ActivityTab - Clicked on Activity Tab
12:31:35.207 [main] DEBUG com.vcstax.pageObjects.ActivityTab - Clicked on Mortgage TaxBill Export Link
12:31:36.498 [main] DEBUG com.vcstax.pageObjects.ActivityTab - Clicked on Activity Tab
12:31:37.271 [main] DEBUG com.vcstax.pageObjects.ActivityTab - Clicked on Mortgage Request Processing Link
12:31:37.915 [main] DEBUG com.vcstax.pageObjects.ActivityTab - Clicked on Activity Tab
12:31:38.541 [main] DEBUG com.vcstax.pageObjects.ActivityTab - Clicked on Real Digest Link
12:31:39.180 [main] DEBUG com.vcstax.pageObjects.ActivityTab - Clicked on Activity Tab
12:31:39.922 [main] DEBUG com.vcstax.pageObjects.ActivityTab - Clicked on Mortgage Payment Processing Link
12:31:41.933 [main] DEBUG com.vcstax.pageObjects.ActivityTab - Clicked on Activity Tab
12:31:42.694 [main] DEBUG com.vcstax.pageObjects.ActivityTab - Clicked on Mortgage Manual Processing Link
12:31:45.236 [main] INFO  com.vcstax.testCases.BaseClass - Driver getting closed
12:31:49.565 [main] INFO  com.vcstax.testCases.BaseClass - Chrome Driver Opened
12:31:54.373 [main] DEBUG com.vcstax.pageObjects.LoginPage - Clicked on OK to Continue Link
12:31:54.545 [main] DEBUG com.vcstax.pageObjects.LoginPage - User Name Entered
12:31:54.708 [main] DEBUG com.vcstax.pageObjects.LoginPage - Password Entered
12:31:54.869 [main] DEBUG com.vcstax.pageObjects.LoginPage - Clicked on Submit Button
12:31:55.567 [main] DEBUG com.vcstax.pageObjects.SettingsTab - Clicked on Settings Tab
12:31:56.221 [main] DEBUG com.vcstax.pageObjects.SettingsTab - Clicked on Annual Configuration Link
12:31:56.861 [main] DEBUG com.vcstax.pageObjects.SettingsTab - Clicked on Settings Tab
12:31:57.479 [main] DEBUG com.vcstax.pageObjects.SettingsTab - Clicked on System Configuration Link
12:31:58.098 [main] DEBUG com.vcstax.pageObjects.SettingsTab - Clicked on Settings Tab
12:31:58.712 [main] DEBUG com.vcstax.pageObjects.SettingsTab - Clicked on Text Editor Link
12:31:59.411 [main] DEBUG com.vcstax.pageObjects.SettingsTab - Clicked on Settings Tab
12:32:00.033 [main] DEBUG com.vcstax.pageObjects.SettingsTab - Clicked on Roles Manager Link
12:32:00.760 [main] DEBUG com.vcstax.pageObjects.SettingsTab - Clicked on Settings Tab
12:32:01.401 [main] DEBUG com.vcstax.pageObjects.SettingsTab - Clicked on User Accounts Manager Link
12:32:02.518 [main] DEBUG com.vcstax.pageObjects.SettingsTab - Clicked on Settings Tab
12:32:03.180 [main] DEBUG com.vcstax.pageObjects.SettingsTab - Clicked on Product Information Link
12:32:03.796 [main] DEBUG com.vcstax.pageObjects.SettingsTab - Clicked on Settings Tab
12:32:04.432 [main] DEBUG com.vcstax.pageObjects.SettingsTab - Clicked on Release Notes Link
12:32:06.990 [main] INFO  com.vcstax.testCases.BaseClass - Driver getting closed
13:02:05.490 [main] INFO  com.vcstax.testCases.BaseClass - Chrome Driver Opened
13:02:15.457 [main] DEBUG com.vcstax.pageObjects.LoginPage - Clicked on OK to Continue Link
13:02:15.640 [main] DEBUG com.vcstax.pageObjects.LoginPage - User Name Entered
13:02:15.805 [main] DEBUG com.vcstax.pageObjects.LoginPage - Password Entered
13:02:15.960 [main] DEBUG com.vcstax.pageObjects.LoginPage - Clicked on Submit Button
13:02:18.965 [main] DEBUG com.vcstax.pageObjects.ActivityTab - Clicked on Activity Tab
13:02:19.680 [main] DEBUG com.vcstax.pageObjects.ActivityTab - Clicked on collections Link
13:02:20.357 [main] DEBUG com.vcstax.pageObjects.ActivityTab - Clicked on Activity Tab
13:02:20.992 [main] DEBUG com.vcstax.pageObjects.ActivityTab - Clicked on Accessor Change Order Link
13:02:21.625 [main] DEBUG com.vcstax.pageObjects.ActivityTab - Clicked on Activity Tab
13:02:22.264 [main] DEBUG com.vcstax.pageObjects.ActivityTab - Clicked on Calculate Revenue Disbursement Link
13:02:22.896 [main] DEBUG com.vcstax.pageObjects.ActivityTab - Clicked on Activity Tab
13:02:23.522 [main] DEBUG com.vcstax.pageObjects.ActivityTab - Clicked on Mail Processing Link
13:02:24.559 [main] DEBUG com.vcstax.pageObjects.ActivityTab - Clicked on Activity Tab
13:02:25.170 [main] DEBUG com.vcstax.pageObjects.ActivityTab - Clicked on Register Reconciliation Link
13:02:25.789 [main] DEBUG com.vcstax.pageObjects.ActivityTab - Clicked on Activity Tab
13:02:26.433 [main] DEBUG com.vcstax.pageObjects.ActivityTab - Clicked on Apply LateFee Link
13:02:27.057 [main] DEBUG com.vcstax.pageObjects.ActivityTab - Clicked on Activity Tab
13:02:27.681 [main] DEBUG com.vcstax.pageObjects.ActivityTab - Clicked on Bankruptcy Cases Link
13:02:28.306 [main] DEBUG com.vcstax.pageObjects.ActivityTab - Clicked on Activity Tab
13:02:28.941 [main] DEBUG com.vcstax.pageObjects.ActivityTab - Clicked on Delinquent Processing Link
13:02:29.553 [main] DEBUG com.vcstax.pageObjects.ActivityTab - Clicked on Activity Tab
13:02:30.168 [main] DEBUG com.vcstax.pageObjects.ActivityTab - Clicked on Quarterly Billing Link
13:02:30.824 [main] DEBUG com.vcstax.pageObjects.ActivityTab - Clicked on Activity Tab
13:02:31.436 [main] DEBUG com.vcstax.pageObjects.ActivityTab - Clicked on Mobile Home Digest Link
13:02:32.286 [main] DEBUG com.vcstax.pageObjects.ActivityTab - Clicked on Activity Tab
13:02:32.898 [main] DEBUG com.vcstax.pageObjects.ActivityTab - Clicked on Mortgage TaxBill Export Link
13:02:33.937 [main] DEBUG com.vcstax.pageObjects.ActivityTab - Clicked on Activity Tab
13:02:34.674 [main] DEBUG com.vcstax.pageObjects.ActivityTab - Clicked on Mortgage Request Processing Link
13:02:35.292 [main] DEBUG com.vcstax.pageObjects.ActivityTab - Clicked on Activity Tab
13:02:35.905 [main] DEBUG com.vcstax.pageObjects.ActivityTab - Clicked on Real Digest Link
13:02:36.539 [main] DEBUG com.vcstax.pageObjects.ActivityTab - Clicked on Activity Tab
13:02:37.265 [main] DEBUG com.vcstax.pageObjects.ActivityTab - Clicked on Mortgage Payment Processing Link
13:02:39.220 [main] DEBUG com.vcstax.pageObjects.ActivityTab - Clicked on Activity Tab
13:02:39.952 [main] DEBUG com.vcstax.pageObjects.ActivityTab - Clicked on Mortgage Manual Processing Link
13:02:42.489 [main] INFO  com.vcstax.testCases.BaseClass - Driver getting closed
13:02:46.534 [main] INFO  com.vcstax.testCases.BaseClass - Chrome Driver Opened
13:02:51.369 [main] DEBUG com.vcstax.pageObjects.LoginPage - Clicked on OK to Continue Link
13:02:51.525 [main] DEBUG com.vcstax.pageObjects.LoginPage - User Name Entered
13:02:51.715 [main] DEBUG com.vcstax.pageObjects.LoginPage - Password Entered
13:02:51.884 [main] DEBUG com.vcstax.pageObjects.LoginPage - Clicked on Submit Button
13:02:52.581 [main] DEBUG com.vcstax.pageObjects.SettingsTab - Clicked on Settings Tab
13:02:53.213 [main] DEBUG com.vcstax.pageObjects.SettingsTab - Clicked on Annual Configuration Link
13:02:53.872 [main] DEBUG com.vcstax.pageObjects.SettingsTab - Clicked on Settings Tab
13:02:54.487 [main] DEBUG com.vcstax.pageObjects.SettingsTab - Clicked on System Configuration Link
13:02:55.091 [main] DEBUG com.vcstax.pageObjects.SettingsTab - Clicked on Settings Tab
13:02:55.708 [main] DEBUG com.vcstax.pageObjects.SettingsTab - Clicked on Text Editor Link
13:02:56.354 [main] DEBUG com.vcstax.pageObjects.SettingsTab - Clicked on Settings Tab
13:02:56.982 [main] DEBUG com.vcstax.pageObjects.SettingsTab - Clicked on Roles Manager Link
13:02:57.718 [main] DEBUG com.vcstax.pageObjects.SettingsTab - Clicked on Settings Tab
13:02:58.332 [main] DEBUG com.vcstax.pageObjects.SettingsTab - Clicked on User Accounts Manager Link
13:02:59.421 [main] DEBUG com.vcstax.pageObjects.SettingsTab - Clicked on Settings Tab
13:03:00.058 [main] DEBUG com.vcstax.pageObjects.SettingsTab - Clicked on Product Information Link
13:03:00.671 [main] DEBUG com.vcstax.pageObjects.SettingsTab - Clicked on Settings Tab
13:03:01.291 [main] DEBUG com.vcstax.pageObjects.SettingsTab - Clicked on Release Notes Link
13:03:04.209 [main] INFO  com.vcstax.testCases.BaseClass - Driver getting closed
15:48:34.431 [main] INFO  com.vcstax.testCases.BaseClass - Chrome Driver Opened
15:48:42.540 [main] DEBUG com.vcstax.pageObjects.LoginPage - Clicked on OK to Continue Link
15:48:42.684 [main] DEBUG com.vcstax.pageObjects.LoginPage - User Name Entered
15:48:42.831 [main] DEBUG com.vcstax.pageObjects.LoginPage - Password Entered
15:48:42.971 [main] DEBUG com.vcstax.pageObjects.LoginPage - Clicked on Submit Button
15:48:47.428 [main] DEBUG com.vcstax.pageObjects.ActivityTab - Clicked on Activity Tab
15:48:48.388 [main] DEBUG com.vcstax.pageObjects.ActivityTab - Clicked on collections Link
15:48:49.077 [main] DEBUG com.vcstax.pageObjects.ActivityTab - Clicked on Activity Tab
15:48:49.713 [main] DEBUG com.vcstax.pageObjects.ActivityTab - Clicked on Accessor Change Order Link
15:48:50.342 [main] DEBUG com.vcstax.pageObjects.ActivityTab - Clicked on Activity Tab
15:48:50.957 [main] DEBUG com.vcstax.pageObjects.ActivityTab - Clicked on Calculate Revenue Disbursement Link
15:48:51.557 [main] DEBUG com.vcstax.pageObjects.ActivityTab - Clicked on Activity Tab
15:48:52.164 [main] DEBUG com.vcstax.pageObjects.ActivityTab - Clicked on Mail Processing Link
15:48:53.162 [main] DEBUG com.vcstax.pageObjects.ActivityTab - Clicked on Activity Tab
15:48:53.763 [main] DEBUG com.vcstax.pageObjects.ActivityTab - Clicked on Register Reconciliation Link
15:48:54.372 [main] DEBUG com.vcstax.pageObjects.ActivityTab - Clicked on Activity Tab
15:48:54.986 [main] DEBUG com.vcstax.pageObjects.ActivityTab - Clicked on Apply LateFee Link
15:48:55.591 [main] DEBUG com.vcstax.pageObjects.ActivityTab - Clicked on Activity Tab
15:48:56.248 [main] DEBUG com.vcstax.pageObjects.ActivityTab - Clicked on Bankruptcy Cases Link
15:48:56.857 [main] DEBUG com.vcstax.pageObjects.ActivityTab - Clicked on Activity Tab
15:48:57.460 [main] DEBUG com.vcstax.pageObjects.ActivityTab - Clicked on Delinquent Processing Link
15:48:58.063 [main] DEBUG com.vcstax.pageObjects.ActivityTab - Clicked on Activity Tab
15:48:58.671 [main] DEBUG com.vcstax.pageObjects.ActivityTab - Clicked on Quarterly Billing Link
15:48:59.326 [main] DEBUG com.vcstax.pageObjects.ActivityTab - Clicked on Activity Tab
15:48:59.930 [main] DEBUG com.vcstax.pageObjects.ActivityTab - Clicked on Mobile Home Digest Link
15:49:00.711 [main] DEBUG com.vcstax.pageObjects.ActivityTab - Clicked on Activity Tab
15:49:01.326 [main] DEBUG com.vcstax.pageObjects.ActivityTab - Clicked on Mortgage TaxBill Export Link
15:49:02.343 [main] DEBUG com.vcstax.pageObjects.ActivityTab - Clicked on Activity Tab
15:49:03.081 [main] DEBUG com.vcstax.pageObjects.ActivityTab - Clicked on Mortgage Request Processing Link
15:49:03.689 [main] DEBUG com.vcstax.pageObjects.ActivityTab - Clicked on Activity Tab
15:49:04.292 [main] DEBUG com.vcstax.pageObjects.ActivityTab - Clicked on Real Digest Link
15:49:04.913 [main] DEBUG com.vcstax.pageObjects.ActivityTab - Clicked on Activity Tab
15:49:05.640 [main] DEBUG com.vcstax.pageObjects.ActivityTab - Clicked on Mortgage Payment Processing Link
15:49:07.610 [main] DEBUG com.vcstax.pageObjects.ActivityTab - Clicked on Activity Tab
15:49:08.332 [main] DEBUG com.vcstax.pageObjects.ActivityTab - Clicked on Mortgage Manual Processing Link
15:49:10.870 [main] INFO  com.vcstax.testCases.BaseClass - Driver getting closed
15:49:15.146 [main] INFO  com.vcstax.testCases.BaseClass - Chrome Driver Opened
15:49:19.011 [main] DEBUG com.vcstax.pageObjects.LoginPage - Clicked on OK to Continue Link
15:49:19.147 [main] DEBUG com.vcstax.pageObjects.LoginPage - User Name Entered
15:49:19.273 [main] DEBUG com.vcstax.pageObjects.LoginPage - Password Entered
15:49:19.397 [main] DEBUG com.vcstax.pageObjects.LoginPage - Clicked on Submit Button
15:49:20.032 [main] DEBUG com.vcstax.pageObjects.SettingsTab - Clicked on Settings Tab
15:49:20.650 [main] DEBUG com.vcstax.pageObjects.SettingsTab - Clicked on Annual Configuration Link
15:49:21.286 [main] DEBUG com.vcstax.pageObjects.SettingsTab - Clicked on Settings Tab
15:49:21.890 [main] DEBUG com.vcstax.pageObjects.SettingsTab - Clicked on System Configuration Link
15:49:22.494 [main] DEBUG com.vcstax.pageObjects.SettingsTab - Clicked on Settings Tab
15:49:23.104 [main] DEBUG com.vcstax.pageObjects.SettingsTab - Clicked on Text Editor Link
15:49:23.746 [main] DEBUG com.vcstax.pageObjects.SettingsTab - Clicked on Settings Tab
15:49:24.359 [main] DEBUG com.vcstax.pageObjects.SettingsTab - Clicked on Roles Manager Link
15:49:25.023 [main] DEBUG com.vcstax.pageObjects.SettingsTab - Clicked on Settings Tab
15:49:25.635 [main] DEBUG com.vcstax.pageObjects.SettingsTab - Clicked on User Accounts Manager Link
15:49:26.674 [main] DEBUG com.vcstax.pageObjects.SettingsTab - Clicked on Settings Tab
15:49:27.287 [main] DEBUG com.vcstax.pageObjects.SettingsTab - Clicked on Product Information Link
15:49:27.887 [main] DEBUG com.vcstax.pageObjects.SettingsTab - Clicked on Settings Tab
15:49:28.505 [main] DEBUG com.vcstax.pageObjects.SettingsTab - Clicked on Release Notes Link
15:49:31.410 [main] INFO  com.vcstax.testCases.BaseClass - Driver getting closed
