11:11:38.085 [main] DEBUG com.vcstax.pageObjects.ActivityTab - Clicked on Mortgage Payment Processing Link
11:11:40.169 [main] DEBUG com.vcstax.pageObjects.ActivityTab - Clicked on Activity Tab
11:11:41.405 [main] DEBUG com.vcstax.pageObjects.ActivityTab - Clicked on Mortgage Request Processing Link
11:11:43.535 [main] DEBUG com.vcstax.pageObjects.ActivityTab - Clicked on Activity Tab
11:11:44.757 [main] DEBUG com.vcstax.pageObjects.ActivityTab - Clicked on Mortgage TaxBill Export Link
11:11:46.937 [main] DEBUG com.vcstax.pageObjects.ActivityTab - Clicked on Activity Tab
11:32:05.821 [main] INFO  com.vcstax.testCases.BaseClass - Chrome Driver Opened
11:32:11.174 [main] DEBUG com.vcstax.pageObjects.LoginPage - Clicked on OK to Continue Link
11:32:11.357 [main] DEBUG com.vcstax.pageObjects.LoginPage - User Name Entered
11:32:11.556 [main] DEBUG com.vcstax.pageObjects.LoginPage - Password Entered
11:32:11.761 [main] DEBUG com.vcstax.pageObjects.LoginPage - Clicked on Submit Button
11:32:13.971 [main] DEBUG com.vcstax.pageObjects.ActivityTab - Clicked on Activity Tab
11:32:15.161 [main] DEBUG com.vcstax.pageObjects.ActivityTab - Clicked on collections Link
11:32:17.485 [main] DEBUG com.vcstax.pageObjects.ActivityTab - Clicked on Activity Tab
11:32:18.598 [main] DEBUG com.vcstax.pageObjects.ActivityTab - Clicked on Accessor Change Order Link
11:32:20.997 [main] DEBUG com.vcstax.pageObjects.ActivityTab - Clicked on Activity Tab
11:32:22.124 [main] DEBUG com.vcstax.pageObjects.ActivityTab - Clicked on Calculate Revenue Disbursement Link
11:32:24.338 [main] DEBUG com.vcstax.pageObjects.ActivityTab - Clicked on Activity Tab
11:32:25.472 [main] DEBUG com.vcstax.pageObjects.ActivityTab - Clicked on Mail Processing Link
11:32:27.704 [main] DEBUG com.vcstax.pageObjects.ActivityTab - Clicked on Activity Tab
11:32:28.825 [main] DEBUG com.vcstax.pageObjects.ActivityTab - Clicked on Register Reconciliation Link
11:32:31.118 [main] DEBUG com.vcstax.pageObjects.ActivityTab - Clicked on Activity Tab
11:32:32.243 [main] DEBUG com.vcstax.pageObjects.ActivityTab - Clicked on Apply LateFee Link
11:32:34.464 [main] DEBUG com.vcstax.pageObjects.ActivityTab - Clicked on Activity Tab
11:32:35.582 [main] DEBUG com.vcstax.pageObjects.ActivityTab - Clicked on Bankruptcy Cases Link
11:32:37.863 [main] DEBUG com.vcstax.pageObjects.ActivityTab - Clicked on Activity Tab
11:32:38.997 [main] DEBUG com.vcstax.pageObjects.ActivityTab - Clicked on Delinquent Processing Link
11:32:41.304 [main] DEBUG com.vcstax.pageObjects.ActivityTab - Clicked on Activity Tab
11:32:42.442 [main] DEBUG com.vcstax.pageObjects.ActivityTab - Clicked on Quarterly Billing Link
11:32:44.878 [main] DEBUG com.vcstax.pageObjects.ActivityTab - Clicked on Activity Tab
11:32:46.010 [main] DEBUG com.vcstax.pageObjects.ActivityTab - Clicked on Mobile Home Digest Link
11:32:48.685 [main] DEBUG com.vcstax.pageObjects.ActivityTab - Clicked on Activity Tab
11:32:49.881 [main] DEBUG com.vcstax.pageObjects.ActivityTab - Clicked on Mortgage Manual Processing Link
11:32:52.477 [main] DEBUG com.vcstax.pageObjects.ActivityTab - Clicked on Activity Tab
11:32:53.612 [main] DEBUG com.vcstax.pageObjects.ActivityTab - Clicked on Mortgage Payment Processing Link
11:32:55.944 [main] DEBUG com.vcstax.pageObjects.ActivityTab - Clicked on Activity Tab
11:32:57.197 [main] DEBUG com.vcstax.pageObjects.ActivityTab - Clicked on Mortgage Request Processing Link
11:32:59.512 [main] DEBUG com.vcstax.pageObjects.ActivityTab - Clicked on Activity Tab
11:33:00.796 [main] DEBUG com.vcstax.pageObjects.ActivityTab - Clicked on Mortgage TaxBill Export Link
11:33:03.166 [main] DEBUG com.vcstax.pageObjects.ActivityTab - Clicked on Activity Tab
11:33:04.291 [main] DEBUG com.vcstax.pageObjects.ActivityTab - Clicked on Real Digest Link
11:33:07.292 [main] INFO  com.vcstax.testCases.BaseClass - Driver getting closed
11:35:15.300 [main] INFO  com.vcstax.testCases.BaseClass - Chrome Driver Opened
11:35:19.273 [main] DEBUG com.vcstax.pageObjects.LoginPage - Clicked on OK to Continue Link
11:35:19.419 [main] DEBUG com.vcstax.pageObjects.LoginPage - User Name Entered
11:35:19.547 [main] DEBUG com.vcstax.pageObjects.LoginPage - Password Entered
11:35:19.695 [main] DEBUG com.vcstax.pageObjects.LoginPage - Clicked on Submit Button
11:35:22.268 [main] INFO  com.vcstax.testCases.BaseClass - Driver getting closed
12:19:46.545 [main] INFO  com.vcstax.testCases.BaseClass - Chrome Driver Opened
12:19:56.990 [main] DEBUG com.vcstax.pageObjects.LoginPage - Clicked on OK to Continue Link
12:19:57.148 [main] DEBUG com.vcstax.pageObjects.LoginPage - User Name Entered
12:19:57.283 [main] DEBUG com.vcstax.pageObjects.LoginPage - Password Entered
12:19:57.409 [main] DEBUG com.vcstax.pageObjects.LoginPage - Clicked on Submit Button
12:20:02.218 [main] INFO  com.vcstax.testCases.BaseClass - Driver getting closed
12:20:05.727 [main] INFO  com.vcstax.testCases.BaseClass - Chrome Driver Opened
12:20:09.789 [main] DEBUG com.vcstax.pageObjects.LoginPage - Clicked on OK to Continue Link
12:20:09.930 [main] DEBUG com.vcstax.pageObjects.LoginPage - User Name Entered
12:20:10.050 [main] DEBUG com.vcstax.pageObjects.LoginPage - Password Entered
12:20:10.181 [main] DEBUG com.vcstax.pageObjects.LoginPage - Clicked on Submit Button
12:21:35.128 [main] INFO  com.vcstax.testCases.BaseClass - Driver getting closed
12:24:59.128 [main] INFO  com.vcstax.testCases.BaseClass - Chrome Driver Opened
12:25:04.900 [main] DEBUG com.vcstax.pageObjects.LoginPage - Clicked on OK to Continue Link
12:25:05.114 [main] DEBUG com.vcstax.pageObjects.LoginPage - User Name Entered
12:25:05.284 [main] DEBUG com.vcstax.pageObjects.LoginPage - Password Entered
12:25:05.533 [main] DEBUG com.vcstax.pageObjects.LoginPage - Clicked on Submit Button
12:25:07.837 [main] DEBUG com.vcstax.pageObjects.ActivityTab - Clicked on Activity Tab
12:25:08.972 [main] DEBUG com.vcstax.pageObjects.ActivityTab - Clicked on collections Link
12:25:11.163 [main] DEBUG com.vcstax.pageObjects.ActivityTab - Clicked on Activity Tab
12:25:12.287 [main] DEBUG com.vcstax.pageObjects.ActivityTab - Clicked on Accessor Change Order Link
12:25:15.290 [main] DEBUG com.vcstax.pageObjects.ActivityTab - Clicked on Activity Tab
12:25:16.427 [main] DEBUG com.vcstax.pageObjects.ActivityTab - Clicked on Calculate Revenue Disbursement Link
12:25:18.701 [main] DEBUG com.vcstax.pageObjects.ActivityTab - Clicked on Activity Tab
12:25:19.824 [main] DEBUG com.vcstax.pageObjects.ActivityTab - Clicked on Mail Processing Link
12:25:21.997 [main] DEBUG com.vcstax.pageObjects.ActivityTab - Clicked on Activity Tab
12:25:23.156 [main] DEBUG com.vcstax.pageObjects.ActivityTab - Clicked on Register Reconciliation Link
12:25:25.714 [main] DEBUG com.vcstax.pageObjects.ActivityTab - Clicked on Activity Tab
12:25:26.833 [main] DEBUG com.vcstax.pageObjects.ActivityTab - Clicked on Apply LateFee Link
12:25:29.895 [main] DEBUG com.vcstax.pageObjects.ActivityTab - Clicked on Activity Tab
12:25:31.075 [main] DEBUG com.vcstax.pageObjects.ActivityTab - Clicked on Bankruptcy Cases Link
12:25:33.464 [main] DEBUG com.vcstax.pageObjects.ActivityTab - Clicked on Activity Tab
12:25:34.580 [main] DEBUG com.vcstax.pageObjects.ActivityTab - Clicked on Delinquent Processing Link
12:25:36.716 [main] DEBUG com.vcstax.pageObjects.ActivityTab - Clicked on Activity Tab
12:25:37.841 [main] DEBUG com.vcstax.pageObjects.ActivityTab - Clicked on Quarterly Billing Link
12:25:40.067 [main] DEBUG com.vcstax.pageObjects.ActivityTab - Clicked on Activity Tab
12:25:41.200 [main] DEBUG com.vcstax.pageObjects.ActivityTab - Clicked on Mobile Home Digest Link
12:25:43.551 [main] DEBUG com.vcstax.pageObjects.ActivityTab - Clicked on Activity Tab
12:25:44.686 [main] DEBUG com.vcstax.pageObjects.ActivityTab - Clicked on Mortgage Manual Processing Link
12:25:46.792 [main] DEBUG com.vcstax.pageObjects.ActivityTab - Clicked on Activity Tab
12:25:48.085 [main] DEBUG com.vcstax.pageObjects.ActivityTab - Clicked on Mortgage Payment Processing Link
12:25:50.128 [main] DEBUG com.vcstax.pageObjects.ActivityTab - Clicked on Activity Tab
12:25:51.372 [main] DEBUG com.vcstax.pageObjects.ActivityTab - Clicked on Mortgage Request Processing Link
12:25:53.613 [main] DEBUG com.vcstax.pageObjects.ActivityTab - Clicked on Activity Tab
12:25:54.863 [main] DEBUG com.vcstax.pageObjects.ActivityTab - Clicked on Mortgage TaxBill Export Link
12:25:56.844 [main] DEBUG com.vcstax.pageObjects.ActivityTab - Clicked on Activity Tab
12:25:57.955 [main] DEBUG com.vcstax.pageObjects.ActivityTab - Clicked on Real Digest Link
12:26:00.957 [main] INFO  com.vcstax.testCases.BaseClass - Driver getting closed
12:27:33.157 [main] INFO  com.vcstax.testCases.BaseClass - Chrome Driver Opened
12:27:37.831 [main] DEBUG com.vcstax.pageObjects.LoginPage - Clicked on OK to Continue Link
12:27:37.984 [main] DEBUG com.vcstax.pageObjects.LoginPage - User Name Entered
12:27:38.125 [main] DEBUG com.vcstax.pageObjects.LoginPage - Password Entered
12:27:38.256 [main] DEBUG com.vcstax.pageObjects.LoginPage - Clicked on Submit Button
12:27:40.455 [main] DEBUG com.vcstax.pageObjects.ActivityTab - Clicked on Activity Tab
12:27:41.667 [main] DEBUG com.vcstax.pageObjects.ActivityTab - Clicked on collections Link
12:27:44.041 [main] DEBUG com.vcstax.pageObjects.ActivityTab - Clicked on Activity Tab
12:27:45.233 [main] DEBUG com.vcstax.pageObjects.ActivityTab - Clicked on Accessor Change Order Link
12:27:47.854 [main] DEBUG com.vcstax.pageObjects.ActivityTab - Clicked on Activity Tab
12:27:48.984 [main] DEBUG com.vcstax.pageObjects.ActivityTab - Clicked on Calculate Revenue Disbursement Link
12:27:51.125 [main] DEBUG com.vcstax.pageObjects.ActivityTab - Clicked on Activity Tab
12:27:52.237 [main] DEBUG com.vcstax.pageObjects.ActivityTab - Clicked on Mail Processing Link
12:27:54.401 [main] DEBUG com.vcstax.pageObjects.ActivityTab - Clicked on Activity Tab
12:27:55.583 [main] DEBUG com.vcstax.pageObjects.ActivityTab - Clicked on Register Reconciliation Link
12:27:57.791 [main] DEBUG com.vcstax.pageObjects.ActivityTab - Clicked on Activity Tab
12:27:58.929 [main] DEBUG com.vcstax.pageObjects.ActivityTab - Clicked on Apply LateFee Link
12:28:01.104 [main] DEBUG com.vcstax.pageObjects.ActivityTab - Clicked on Activity Tab
12:28:02.230 [main] DEBUG com.vcstax.pageObjects.ActivityTab - Clicked on Bankruptcy Cases Link
12:28:04.776 [main] DEBUG com.vcstax.pageObjects.ActivityTab - Clicked on Activity Tab
12:28:05.952 [main] DEBUG com.vcstax.pageObjects.ActivityTab - Clicked on Delinquent Processing Link
12:28:08.059 [main] DEBUG com.vcstax.pageObjects.ActivityTab - Clicked on Activity Tab
12:28:09.180 [main] DEBUG com.vcstax.pageObjects.ActivityTab - Clicked on Quarterly Billing Link
12:28:11.257 [main] DEBUG com.vcstax.pageObjects.ActivityTab - Clicked on Activity Tab
12:28:12.377 [main] DEBUG com.vcstax.pageObjects.ActivityTab - Clicked on Mobile Home Digest Link
12:28:14.926 [main] DEBUG com.vcstax.pageObjects.ActivityTab - Clicked on Activity Tab
12:28:16.053 [main] DEBUG com.vcstax.pageObjects.ActivityTab - Clicked on Mortgage Manual Processing Link
12:28:19.139 [main] DEBUG com.vcstax.pageObjects.ActivityTab - Clicked on Activity Tab
12:28:20.489 [main] DEBUG com.vcstax.pageObjects.ActivityTab - Clicked on Mortgage Payment Processing Link
12:28:23.177 [main] DEBUG com.vcstax.pageObjects.ActivityTab - Clicked on Activity Tab
12:28:24.424 [main] DEBUG com.vcstax.pageObjects.ActivityTab - Clicked on Mortgage Request Processing Link
12:28:26.708 [main] DEBUG com.vcstax.pageObjects.ActivityTab - Clicked on Activity Tab
12:28:27.943 [main] DEBUG com.vcstax.pageObjects.ActivityTab - Clicked on Mortgage TaxBill Export Link
12:28:30.078 [main] DEBUG com.vcstax.pageObjects.ActivityTab - Clicked on Activity Tab
12:28:31.190 [main] DEBUG com.vcstax.pageObjects.ActivityTab - Clicked on Real Digest Link
12:28:34.193 [main] INFO  com.vcstax.testCases.BaseClass - Driver getting closed
12:29:37.041 [main] INFO  com.vcstax.testCases.BaseClass - Chrome Driver Opened
12:29:41.707 [main] DEBUG com.vcstax.pageObjects.LoginPage - Clicked on OK to Continue Link
12:29:41.845 [main] DEBUG com.vcstax.pageObjects.LoginPage - User Name Entered
12:29:41.981 [main] DEBUG com.vcstax.pageObjects.LoginPage - Password Entered
12:29:42.121 [main] DEBUG com.vcstax.pageObjects.LoginPage - Clicked on Submit Button
12:29:44.753 [main] INFO  com.vcstax.testCases.BaseClass - Driver getting closed
12:29:48.274 [main] INFO  com.vcstax.testCases.BaseClass - Chrome Driver Opened
12:29:52.460 [main] DEBUG com.vcstax.pageObjects.LoginPage - Clicked on OK to Continue Link
12:29:52.598 [main] DEBUG com.vcstax.pageObjects.LoginPage - User Name Entered
12:29:52.742 [main] DEBUG com.vcstax.pageObjects.LoginPage - Password Entered
12:29:52.873 [main] DEBUG com.vcstax.pageObjects.LoginPage - Clicked on Submit Button
12:31:23.735 [main] INFO  com.vcstax.testCases.BaseClass - Driver getting closed
12:32:39.332 [main] INFO  com.vcstax.testCases.BaseClass - Chrome Driver Opened
12:32:44.025 [main] DEBUG com.vcstax.pageObjects.LoginPage - Clicked on OK to Continue Link
12:32:44.288 [main] DEBUG com.vcstax.pageObjects.LoginPage - User Name Entered
12:32:44.509 [main] DEBUG com.vcstax.pageObjects.LoginPage - Password Entered
12:32:45.039 [main] DEBUG com.vcstax.pageObjects.LoginPage - Clicked on Submit Button
12:32:47.886 [main] INFO  com.vcstax.testCases.BaseClass - Driver getting closed
12:32:51.715 [main] INFO  com.vcstax.testCases.BaseClass - Chrome Driver Opened
12:32:56.123 [main] DEBUG com.vcstax.pageObjects.LoginPage - Clicked on OK to Continue Link
12:32:56.327 [main] DEBUG com.vcstax.pageObjects.LoginPage - User Name Entered
12:32:56.557 [main] DEBUG com.vcstax.pageObjects.LoginPage - Password Entered
12:32:56.760 [main] DEBUG com.vcstax.pageObjects.LoginPage - Clicked on Submit Button
12:33:00.197 [main] DEBUG com.vcstax.pageObjects.ActivityTab - Clicked on Activity Tab
12:33:01.356 [main] DEBUG com.vcstax.pageObjects.ActivityTab - Clicked on collections Link
12:33:03.727 [main] DEBUG com.vcstax.pageObjects.ActivityTab - Clicked on Activity Tab
12:33:04.873 [main] DEBUG com.vcstax.pageObjects.ActivityTab - Clicked on Accessor Change Order Link
12:33:09.353 [main] DEBUG com.vcstax.pageObjects.ActivityTab - Clicked on Activity Tab
12:33:10.525 [main] DEBUG com.vcstax.pageObjects.ActivityTab - Clicked on Calculate Revenue Disbursement Link
12:33:12.915 [main] DEBUG com.vcstax.pageObjects.ActivityTab - Clicked on Activity Tab
12:33:14.067 [main] DEBUG com.vcstax.pageObjects.ActivityTab - Clicked on Mail Processing Link
12:33:17.975 [main] DEBUG com.vcstax.pageObjects.ActivityTab - Clicked on Activity Tab
12:33:19.515 [main] DEBUG com.vcstax.pageObjects.ActivityTab - Clicked on Register Reconciliation Link
12:33:22.080 [main] DEBUG com.vcstax.pageObjects.ActivityTab - Clicked on Activity Tab
12:33:23.225 [main] DEBUG com.vcstax.pageObjects.ActivityTab - Clicked on Apply LateFee Link
12:33:25.756 [main] DEBUG com.vcstax.pageObjects.ActivityTab - Clicked on Activity Tab
12:33:26.928 [main] DEBUG com.vcstax.pageObjects.ActivityTab - Clicked on Bankruptcy Cases Link
12:33:29.692 [main] DEBUG com.vcstax.pageObjects.ActivityTab - Clicked on Activity Tab
12:33:30.838 [main] DEBUG com.vcstax.pageObjects.ActivityTab - Clicked on Delinquent Processing Link
12:33:33.125 [main] DEBUG com.vcstax.pageObjects.ActivityTab - Clicked on Activity Tab
12:33:34.254 [main] DEBUG com.vcstax.pageObjects.ActivityTab - Clicked on Quarterly Billing Link
12:33:36.627 [main] DEBUG com.vcstax.pageObjects.ActivityTab - Clicked on Activity Tab
12:33:37.769 [main] DEBUG com.vcstax.pageObjects.ActivityTab - Clicked on Mobile Home Digest Link
12:33:40.110 [main] DEBUG com.vcstax.pageObjects.ActivityTab - Clicked on Activity Tab
12:33:41.236 [main] DEBUG com.vcstax.pageObjects.ActivityTab - Clicked on Mortgage Manual Processing Link
12:33:43.435 [main] DEBUG com.vcstax.pageObjects.ActivityTab - Clicked on Activity Tab
12:33:44.745 [main] DEBUG com.vcstax.pageObjects.ActivityTab - Clicked on Mortgage Payment Processing Link
12:33:47.165 [main] DEBUG com.vcstax.pageObjects.ActivityTab - Clicked on Activity Tab
12:33:48.405 [main] DEBUG com.vcstax.pageObjects.ActivityTab - Clicked on Mortgage Request Processing Link
12:33:50.806 [main] DEBUG com.vcstax.pageObjects.ActivityTab - Clicked on Activity Tab
12:33:52.070 [main] DEBUG com.vcstax.pageObjects.ActivityTab - Clicked on Mortgage TaxBill Export Link
12:33:54.553 [main] DEBUG com.vcstax.pageObjects.ActivityTab - Clicked on Activity Tab
12:33:55.757 [main] DEBUG com.vcstax.pageObjects.ActivityTab - Clicked on Real Digest Link
12:33:58.762 [main] INFO  com.vcstax.testCases.BaseClass - Driver getting closed
13:35:07.833 [main] INFO  com.vcstax.testCases.BaseClass - Chrome Driver Opened
13:35:14.735 [main] DEBUG com.vcstax.pageObjects.LoginPage - Clicked on OK to Continue Link
13:35:14.925 [main] DEBUG com.vcstax.pageObjects.LoginPage - User Name Entered
13:35:15.121 [main] DEBUG com.vcstax.pageObjects.LoginPage - Password Entered
13:35:15.285 [main] DEBUG com.vcstax.pageObjects.LoginPage - Clicked on Submit Button
13:35:17.945 [main] INFO  com.vcstax.testCases.BaseClass - Driver getting closed
13:35:22.551 [main] INFO  com.vcstax.testCases.BaseClass - Chrome Driver Opened
13:35:26.380 [main] DEBUG com.vcstax.pageObjects.LoginPage - Clicked on OK to Continue Link
13:35:26.518 [main] DEBUG com.vcstax.pageObjects.LoginPage - User Name Entered
13:35:26.670 [main] DEBUG com.vcstax.pageObjects.LoginPage - Password Entered
13:35:26.811 [main] DEBUG com.vcstax.pageObjects.LoginPage - Clicked on Submit Button
13:35:28.763 [main] DEBUG com.vcstax.pageObjects.ActivityTab - Clicked on Activity Tab
13:35:29.923 [main] DEBUG com.vcstax.pageObjects.ActivityTab - Clicked on collections Link
13:35:34.217 [main] DEBUG com.vcstax.pageObjects.ActivityTab - Clicked on Activity Tab
13:35:35.599 [main] DEBUG com.vcstax.pageObjects.ActivityTab - Clicked on Accessor Change Order Link
13:35:38.530 [main] DEBUG com.vcstax.pageObjects.ActivityTab - Clicked on Activity Tab
13:35:40.014 [main] DEBUG com.vcstax.pageObjects.ActivityTab - Clicked on Calculate Revenue Disbursement Link
13:35:42.711 [main] DEBUG com.vcstax.pageObjects.ActivityTab - Clicked on Activity Tab
13:35:44.234 [main] DEBUG com.vcstax.pageObjects.ActivityTab - Clicked on Mail Processing Link
13:35:47.147 [main] DEBUG com.vcstax.pageObjects.ActivityTab - Clicked on Activity Tab
13:35:48.269 [main] DEBUG com.vcstax.pageObjects.ActivityTab - Clicked on Register Reconciliation Link
13:35:50.563 [main] DEBUG com.vcstax.pageObjects.ActivityTab - Clicked on Activity Tab
13:35:51.689 [main] DEBUG com.vcstax.pageObjects.ActivityTab - Clicked on Apply LateFee Link
13:35:53.904 [main] DEBUG com.vcstax.pageObjects.ActivityTab - Clicked on Activity Tab
13:35:55.022 [main] DEBUG com.vcstax.pageObjects.ActivityTab - Clicked on Bankruptcy Cases Link
13:35:57.142 [main] DEBUG com.vcstax.pageObjects.ActivityTab - Clicked on Activity Tab
13:35:58.266 [main] DEBUG com.vcstax.pageObjects.ActivityTab - Clicked on Delinquent Processing Link
13:36:00.616 [main] DEBUG com.vcstax.pageObjects.ActivityTab - Clicked on Activity Tab
13:36:01.738 [main] DEBUG com.vcstax.pageObjects.ActivityTab - Clicked on Quarterly Billing Link
13:36:04.059 [main] DEBUG com.vcstax.pageObjects.ActivityTab - Clicked on Activity Tab
13:36:05.180 [main] DEBUG com.vcstax.pageObjects.ActivityTab - Clicked on Mobile Home Digest Link
13:36:07.769 [main] DEBUG com.vcstax.pageObjects.ActivityTab - Clicked on Activity Tab
13:36:08.881 [main] DEBUG com.vcstax.pageObjects.ActivityTab - Clicked on Mortgage Manual Processing Link
13:36:11.253 [main] DEBUG com.vcstax.pageObjects.ActivityTab - Clicked on Activity Tab
13:36:12.508 [main] DEBUG com.vcstax.pageObjects.ActivityTab - Clicked on Mortgage Payment Processing Link
13:36:14.687 [main] DEBUG com.vcstax.pageObjects.ActivityTab - Clicked on Activity Tab
13:36:16.075 [main] DEBUG com.vcstax.pageObjects.ActivityTab - Clicked on Mortgage Request Processing Link
13:36:18.212 [main] DEBUG com.vcstax.pageObjects.ActivityTab - Clicked on Activity Tab
13:36:19.434 [main] DEBUG com.vcstax.pageObjects.ActivityTab - Clicked on Mortgage TaxBill Export Link
13:36:21.561 [main] DEBUG com.vcstax.pageObjects.ActivityTab - Clicked on Activity Tab
13:36:22.683 [main] DEBUG com.vcstax.pageObjects.ActivityTab - Clicked on Real Digest Link
13:36:25.686 [main] INFO  com.vcstax.testCases.BaseClass - Driver getting closed
16:05:53.251 [main] INFO  com.vcstax.testCases.BaseClass - Chrome Driver Opened
16:06:01.976 [main] DEBUG com.vcstax.pageObjects.LoginPage - Clicked on OK to Continue Link
16:06:02.168 [main] DEBUG com.vcstax.pageObjects.LoginPage - User Name Entered
16:06:02.398 [main] DEBUG com.vcstax.pageObjects.LoginPage - Password Entered
16:06:02.563 [main] DEBUG com.vcstax.pageObjects.LoginPage - Clicked on Submit Button
16:06:06.393 [main] INFO  com.vcstax.testCases.BaseClass - Driver getting closed
16:09:40.318 [main] INFO  com.vcstax.testCases.BaseClass - Chrome Driver Opened
16:09:43.914 [main] DEBUG com.vcstax.pageObjects.LoginPage - Clicked on OK to Continue Link
16:09:44.097 [main] DEBUG com.vcstax.pageObjects.LoginPage - User Name Entered
16:09:44.248 [main] DEBUG com.vcstax.pageObjects.LoginPage - Password Entered
16:09:44.380 [main] DEBUG com.vcstax.pageObjects.LoginPage - Clicked on Submit Button
16:09:58.727 [main] INFO  com.vcstax.testCases.BaseClass - Driver getting closed
18:00:43.726 [main] INFO  com.vcstax.testCases.BaseClass - Chrome Driver Opened
18:00:49.421 [main] DEBUG com.vcstax.pageObjects.LoginPage - Clicked on OK to Continue Link
18:00:49.600 [main] DEBUG com.vcstax.pageObjects.LoginPage - User Name Entered
18:00:49.825 [main] DEBUG com.vcstax.pageObjects.LoginPage - Password Entered
18:00:49.978 [main] DEBUG com.vcstax.pageObjects.LoginPage - Clicked on Submit Button
18:01:57.704 [main] INFO  com.vcstax.testCases.BaseClass - Driver getting closed
18:03:26.202 [main] INFO  com.vcstax.testCases.BaseClass - Chrome Driver Opened
18:03:29.530 [main] DEBUG com.vcstax.pageObjects.LoginPage - Clicked on OK to Continue Link
18:03:29.692 [main] DEBUG com.vcstax.pageObjects.LoginPage - User Name Entered
18:03:29.826 [main] DEBUG com.vcstax.pageObjects.LoginPage - Password Entered
18:03:29.953 [main] DEBUG com.vcstax.pageObjects.LoginPage - Clicked on Submit Button
18:03:32.521 [main] INFO  com.vcstax.testCases.BaseClass - Driver getting closed
18:03:35.546 [main] INFO  com.vcstax.testCases.BaseClass - Chrome Driver Opened
18:03:38.643 [main] DEBUG com.vcstax.pageObjects.LoginPage - Clicked on OK to Continue Link
18:03:38.779 [main] DEBUG com.vcstax.pageObjects.LoginPage - User Name Entered
18:03:38.898 [main] DEBUG com.vcstax.pageObjects.LoginPage - Password Entered
18:03:39.014 [main] DEBUG com.vcstax.pageObjects.LoginPage - Clicked on Submit Button
18:03:41.118 [main] INFO  com.vcstax.testCases.BaseClass - Chrome Driver Opened
18:03:44.187 [main] DEBUG com.vcstax.pageObjects.LoginPage - Clicked on OK to Continue Link
18:03:44.335 [main] DEBUG com.vcstax.pageObjects.LoginPage - User Name Entered
18:03:44.486 [main] DEBUG com.vcstax.pageObjects.LoginPage - Password Entered
18:03:44.627 [main] DEBUG com.vcstax.pageObjects.LoginPage - Clicked on Submit Button
18:04:57.070 [main] INFO  com.vcstax.testCases.BaseClass - Chrome Driver Opened
18:05:00.660 [main] DEBUG com.vcstax.pageObjects.LoginPage - Clicked on OK to Continue Link
18:05:00.806 [main] DEBUG com.vcstax.pageObjects.LoginPage - User Name Entered
18:05:00.947 [main] DEBUG com.vcstax.pageObjects.LoginPage - Password Entered
18:05:01.076 [main] DEBUG com.vcstax.pageObjects.LoginPage - Clicked on Submit Button
18:05:03.713 [main] INFO  com.vcstax.testCases.BaseClass - Driver getting closed
18:05:06.844 [main] INFO  com.vcstax.testCases.BaseClass - Chrome Driver Opened
18:05:09.772 [main] DEBUG com.vcstax.pageObjects.LoginPage - Clicked on OK to Continue Link
18:05:09.916 [main] DEBUG com.vcstax.pageObjects.LoginPage - User Name Entered
18:05:10.035 [main] DEBUG com.vcstax.pageObjects.LoginPage - Password Entered
18:05:10.160 [main] DEBUG com.vcstax.pageObjects.LoginPage - Clicked on Submit Button
18:05:12.210 [main] DEBUG com.vcstax.pageObjects.ActivityTab - Clicked on Activity Tab
18:05:13.343 [main] DEBUG com.vcstax.pageObjects.ActivityTab - Clicked on collections Link
18:05:15.520 [main] DEBUG com.vcstax.pageObjects.ActivityTab - Clicked on Activity Tab
18:05:16.648 [main] DEBUG com.vcstax.pageObjects.ActivityTab - Clicked on Accessor Change Order Link
18:05:18.737 [main] DEBUG com.vcstax.pageObjects.ActivityTab - Clicked on Activity Tab
18:05:19.840 [main] DEBUG com.vcstax.pageObjects.ActivityTab - Clicked on Calculate Revenue Disbursement Link
18:05:21.920 [main] DEBUG com.vcstax.pageObjects.ActivityTab - Clicked on Activity Tab
18:05:23.030 [main] DEBUG com.vcstax.pageObjects.ActivityTab - Clicked on Mail Processing Link
18:05:25.184 [main] DEBUG com.vcstax.pageObjects.ActivityTab - Clicked on Activity Tab
18:05:26.291 [main] DEBUG com.vcstax.pageObjects.ActivityTab - Clicked on Register Reconciliation Link
18:05:28.422 [main] DEBUG com.vcstax.pageObjects.ActivityTab - Clicked on Activity Tab
18:05:29.538 [main] DEBUG com.vcstax.pageObjects.ActivityTab - Clicked on Apply LateFee Link
18:05:31.737 [main] DEBUG com.vcstax.pageObjects.ActivityTab - Clicked on Activity Tab
18:05:32.846 [main] DEBUG com.vcstax.pageObjects.ActivityTab - Clicked on Bankruptcy Cases Link
18:05:34.993 [main] DEBUG com.vcstax.pageObjects.ActivityTab - Clicked on Activity Tab
18:05:36.111 [main] DEBUG com.vcstax.pageObjects.ActivityTab - Clicked on Delinquent Processing Link
18:05:38.250 [main] DEBUG com.vcstax.pageObjects.ActivityTab - Clicked on Activity Tab
18:05:39.363 [main] DEBUG com.vcstax.pageObjects.ActivityTab - Clicked on Quarterly Billing Link
18:05:41.448 [main] DEBUG com.vcstax.pageObjects.ActivityTab - Clicked on Activity Tab
18:05:42.559 [main] DEBUG com.vcstax.pageObjects.ActivityTab - Clicked on Mobile Home Digest Link
18:05:44.815 [main] DEBUG com.vcstax.pageObjects.ActivityTab - Clicked on Activity Tab
18:05:45.925 [main] DEBUG com.vcstax.pageObjects.ActivityTab - Clicked on Mortgage Manual Processing Link
18:05:48.105 [main] DEBUG com.vcstax.pageObjects.ActivityTab - Clicked on Activity Tab
18:05:49.355 [main] DEBUG com.vcstax.pageObjects.ActivityTab - Clicked on Mortgage Payment Processing Link
18:05:51.497 [main] DEBUG com.vcstax.pageObjects.ActivityTab - Clicked on Activity Tab
18:05:52.716 [main] DEBUG com.vcstax.pageObjects.ActivityTab - Clicked on Mortgage Request Processing Link
18:05:54.955 [main] DEBUG com.vcstax.pageObjects.ActivityTab - Clicked on Activity Tab
18:05:56.181 [main] DEBUG com.vcstax.pageObjects.ActivityTab - Clicked on Mortgage TaxBill Export Link
18:05:58.256 [main] DEBUG com.vcstax.pageObjects.ActivityTab - Clicked on Activity Tab
18:05:59.382 [main] DEBUG com.vcstax.pageObjects.ActivityTab - Clicked on Real Digest Link
18:06:02.384 [main] INFO  com.vcstax.testCases.BaseClass - Driver getting closed
18:16:07.786 [main] INFO  com.vcstax.testCases.BaseClass - Chrome Driver Opened
18:16:12.664 [main] DEBUG com.vcstax.pageObjects.LoginPage - Clicked on OK to Continue Link
18:16:12.808 [main] DEBUG com.vcstax.pageObjects.LoginPage - User Name Entered
18:16:12.934 [main] DEBUG com.vcstax.pageObjects.LoginPage - Password Entered
18:16:13.060 [main] DEBUG com.vcstax.pageObjects.LoginPage - Clicked on Submit Button
18:16:15.677 [main] INFO  com.vcstax.testCases.BaseClass - Driver getting closed
18:16:18.873 [main] INFO  com.vcstax.testCases.BaseClass - Chrome Driver Opened
18:16:22.451 [main] DEBUG com.vcstax.pageObjects.LoginPage - Clicked on OK to Continue Link
18:16:22.599 [main] DEBUG com.vcstax.pageObjects.LoginPage - User Name Entered
18:16:22.746 [main] DEBUG com.vcstax.pageObjects.LoginPage - Password Entered
18:16:22.887 [main] DEBUG com.vcstax.pageObjects.LoginPage - Clicked on Submit Button
18:16:24.976 [main] INFO  com.vcstax.testCases.BaseClass - Chrome Driver Opened
18:16:28.744 [main] DEBUG com.vcstax.pageObjects.LoginPage - Clicked on OK to Continue Link
18:16:28.923 [main] DEBUG com.vcstax.pageObjects.LoginPage - User Name Entered
18:16:29.071 [main] DEBUG com.vcstax.pageObjects.LoginPage - Password Entered
18:16:29.203 [main] DEBUG com.vcstax.pageObjects.LoginPage - Clicked on Submit Button
18:17:46.238 [main] INFO  com.vcstax.testCases.BaseClass - Chrome Driver Opened
18:17:49.396 [main] DEBUG com.vcstax.pageObjects.LoginPage - Clicked on OK to Continue Link
18:17:49.549 [main] DEBUG com.vcstax.pageObjects.LoginPage - User Name Entered
18:17:49.682 [main] DEBUG com.vcstax.pageObjects.LoginPage - Password Entered
18:17:49.806 [main] DEBUG com.vcstax.pageObjects.LoginPage - Clicked on Submit Button
18:17:52.369 [main] INFO  com.vcstax.testCases.BaseClass - Driver getting closed
18:17:55.672 [main] INFO  com.vcstax.testCases.BaseClass - Chrome Driver Opened
18:17:58.956 [main] DEBUG com.vcstax.pageObjects.LoginPage - Clicked on OK to Continue Link
18:17:59.130 [main] DEBUG com.vcstax.pageObjects.LoginPage - User Name Entered
18:17:59.257 [main] DEBUG com.vcstax.pageObjects.LoginPage - Password Entered
18:17:59.392 [main] DEBUG com.vcstax.pageObjects.LoginPage - Clicked on Submit Button
18:18:01.387 [main] DEBUG com.vcstax.pageObjects.ReportTab - Clicked on Report Tab
18:18:02.511 [main] DEBUG com.vcstax.pageObjects.ReportTab - Clicked on Digest Address Differences Link
18:18:04.900 [main] DEBUG com.vcstax.pageObjects.ReportTab - Clicked on Report Tab
18:18:08.281 [main] DEBUG com.vcstax.pageObjects.ReportTab - Clicked on Report Tab
18:18:11.604 [main] DEBUG com.vcstax.pageObjects.ReportTab - Clicked on Report Tab
18:18:14.900 [main] DEBUG com.vcstax.pageObjects.ReportTab - Clicked on Report Tab
18:18:18.206 [main] DEBUG com.vcstax.pageObjects.ReportTab - Clicked on Report Tab
18:18:21.470 [main] DEBUG com.vcstax.pageObjects.ReportTab - Clicked on Report Tab
18:18:24.980 [main] DEBUG com.vcstax.pageObjects.ReportTab - Clicked on Report Tab
18:18:28.374 [main] DEBUG com.vcstax.pageObjects.ReportTab - Clicked on Report Tab
18:18:31.719 [main] DEBUG com.vcstax.pageObjects.ReportTab - Clicked on Report Tab
18:18:34.990 [main] DEBUG com.vcstax.pageObjects.ReportTab - Clicked on Report Tab
18:18:38.358 [main] DEBUG com.vcstax.pageObjects.ReportTab - Clicked on Report Tab
18:18:41.594 [main] DEBUG com.vcstax.pageObjects.ReportTab - Clicked on Report Tab
18:18:44.878 [main] DEBUG com.vcstax.pageObjects.ReportTab - Clicked on Report Tab
18:18:48.191 [main] DEBUG com.vcstax.pageObjects.ReportTab - Clicked on Report Tab
18:18:51.516 [main] DEBUG com.vcstax.pageObjects.ReportTab - Clicked on Report Tab
18:18:54.755 [main] DEBUG com.vcstax.pageObjects.ReportTab - Clicked on Report Tab
18:18:58.060 [main] DEBUG com.vcstax.pageObjects.ReportTab - Clicked on Report Tab
18:19:02.209 [main] INFO  com.vcstax.testCases.BaseClass - Driver getting closed
